-------------------------------------------------------------------------------
Test set: com.tmall.server.user.server.service.UserServiceTest
-------------------------------------------------------------------------------
Tests run: 2, Failures: 0, Errors: 2, Skipped: 0, Time elapsed: 3.466 s <<< FAILURE! - in com.tmall.server.user.server.service.UserServiceTest
testUpdateinfo(com.tmall.server.user.server.service.UserServiceTest)  Time elapsed: 0.009 s  <<< ERROR!
java.lang.IllegalStateException: Failed to load ApplicationContext
Caused by: org.springframework.beans.factory.UnsatisfiedDependencyException: Error creating bean with name 'userServerAPIController': Unsatisfied dependency expressed through field 'userService'; nested exception is org.springframework.beans.factory.UnsatisfiedDependencyException: Error creating bean with name 'userServiceImpl': Unsatisfied dependency expressed through field 'mySQLExtention'; nested exception is org.springframework.beans.factory.BeanCreationException: Error creating bean with name 'mySQLExtentionFactoryBean' defined in class path resource [com/tmall/server/user/server/config/UserAppServerConfiguration.class]: Bean instantiation via factory method failed; nested exception is org.springframework.beans.BeanInstantiationException: Failed to instantiate [com.tmall.common.db.factory.MySQLExtentionFactoryBean]: Factory method 'mySQLExtentionFactoryBean' threw exception; nested exception is java.lang.NullPointerException
Caused by: org.springframework.beans.factory.UnsatisfiedDependencyException: Error creating bean with name 'userServiceImpl': Unsatisfied dependency expressed through field 'mySQLExtention'; nested exception is org.springframework.beans.factory.BeanCreationException: Error creating bean with name 'mySQLExtentionFactoryBean' defined in class path resource [com/tmall/server/user/server/config/UserAppServerConfiguration.class]: Bean instantiation via factory method failed; nested exception is org.springframework.beans.BeanInstantiationException: Failed to instantiate [com.tmall.common.db.factory.MySQLExtentionFactoryBean]: Factory method 'mySQLExtentionFactoryBean' threw exception; nested exception is java.lang.NullPointerException
Caused by: org.springframework.beans.factory.BeanCreationException: Error creating bean with name 'mySQLExtentionFactoryBean' defined in class path resource [com/tmall/server/user/server/config/UserAppServerConfiguration.class]: Bean instantiation via factory method failed; nested exception is org.springframework.beans.BeanInstantiationException: Failed to instantiate [com.tmall.common.db.factory.MySQLExtentionFactoryBean]: Factory method 'mySQLExtentionFactoryBean' threw exception; nested exception is java.lang.NullPointerException
Caused by: org.springframework.beans.BeanInstantiationException: Failed to instantiate [com.tmall.common.db.factory.MySQLExtentionFactoryBean]: Factory method 'mySQLExtentionFactoryBean' threw exception; nested exception is java.lang.NullPointerException
Caused by: java.lang.NullPointerException

testUpdatePassword(com.tmall.server.user.server.service.UserServiceTest)  Time elapsed: 0.001 s  <<< ERROR!
java.lang.IllegalStateException: Failed to load ApplicationContext
Caused by: org.springframework.beans.factory.UnsatisfiedDependencyException: Error creating bean with name 'userServerAPIController': Unsatisfied dependency expressed through field 'userService'; nested exception is org.springframework.beans.factory.UnsatisfiedDependencyException: Error creating bean with name 'userServiceImpl': Unsatisfied dependency expressed through field 'mySQLExtention'; nested exception is org.springframework.beans.factory.BeanCreationException: Error creating bean with name 'mySQLExtentionFactoryBean' defined in class path resource [com/tmall/server/user/server/config/UserAppServerConfiguration.class]: Bean instantiation via factory method failed; nested exception is org.springframework.beans.BeanInstantiationException: Failed to instantiate [com.tmall.common.db.factory.MySQLExtentionFactoryBean]: Factory method 'mySQLExtentionFactoryBean' threw exception; nested exception is java.lang.NullPointerException
Caused by: org.springframework.beans.factory.UnsatisfiedDependencyException: Error creating bean with name 'userServiceImpl': Unsatisfied dependency expressed through field 'mySQLExtention'; nested exception is org.springframework.beans.factory.BeanCreationException: Error creating bean with name 'mySQLExtentionFactoryBean' defined in class path resource [com/tmall/server/user/server/config/UserAppServerConfiguration.class]: Bean instantiation via factory method failed; nested exception is org.springframework.beans.BeanInstantiationException: Failed to instantiate [com.tmall.common.db.factory.MySQLExtentionFactoryBean]: Factory method 'mySQLExtentionFactoryBean' threw exception; nested exception is java.lang.NullPointerException
Caused by: org.springframework.beans.factory.BeanCreationException: Error creating bean with name 'mySQLExtentionFactoryBean' defined in class path resource [com/tmall/server/user/server/config/UserAppServerConfiguration.class]: Bean instantiation via factory method failed; nested exception is org.springframework.beans.BeanInstantiationException: Failed to instantiate [com.tmall.common.db.factory.MySQLExtentionFactoryBean]: Factory method 'mySQLExtentionFactoryBean' threw exception; nested exception is java.lang.NullPointerException
Caused by: org.springframework.beans.BeanInstantiationException: Failed to instantiate [com.tmall.common.db.factory.MySQLExtentionFactoryBean]: Factory method 'mySQLExtentionFactoryBean' threw exception; nested exception is java.lang.NullPointerException
Caused by: java.lang.NullPointerException

