<?xml version="1.0" encoding="UTF-8"?>
<testsuite xmlns:xsi="http://www.w3.org/2001/XMLSchema-instance" xsi:noNamespaceSchemaLocation="https://maven.apache.org/surefire/maven-surefire-plugin/xsd/surefire-test-report.xsd" name="com.tmall.server.user.server.service.UserServiceTest" time="3.466" tests="2" errors="2" skipped="0" failures="0">
  <properties>
[...]
</properties>
  <testcase name="testUpdateinfo" classname="com.tmall.server.user.server.service.UserServiceTest" time="0.009">
    <error message="Failed to load ApplicationContext" type="java.lang.IllegalStateException">java.lang.IllegalStateException: Failed to load ApplicationContext
Caused by: org.springframework.beans.factory.UnsatisfiedDependencyException: Error creating bean with name 'userServerAPIController': Unsatisfied dependency expressed through field 'userService'; nested exception is org.springframework.beans.factory.UnsatisfiedDependencyException: Error creating bean with name 'userServiceImpl': Unsatisfied dependency expressed through field 'mySQLExtention'; nested exception is org.springframework.beans.factory.BeanCreationException: Error creating bean with name 'mySQLExtentionFactoryBean' defined in class path resource [com/tmall/server/user/server/config/UserAppServerConfiguration.class]: Bean instantiation via factory method failed; nested exception is org.springframework.beans.BeanInstantiationException: Failed to instantiate [com.tmall.common.db.factory.MySQLExtentionFactoryBean]: Factory method 'mySQLExtentionFactoryBean' threw exception; nested exception is java.lang.NullPointerException
Caused by: org.springframework.beans.factory.UnsatisfiedDependencyException: Error creating bean with name 'userServiceImpl': Unsatisfied dependency expressed through field 'mySQLExtention'; nested exception is org.springframework.beans.factory.BeanCreationException: Error creating bean with name 'mySQLExtentionFactoryBean' defined in class path resource [com/tmall/server/user/server/config/UserAppServerConfiguration.class]: Bean instantiation via factory method failed; nested exception is org.springframework.beans.BeanInstantiationException: Failed to instantiate [com.tmall.common.db.factory.MySQLExtentionFactoryBean]: Factory method 'mySQLExtentionFactoryBean' threw exception; nested exception is java.lang.NullPointerException
Caused by: org.springframework.beans.factory.BeanCreationException: Error creating bean with name 'mySQLExtentionFactoryBean' defined in class path resource [com/tmall/server/user/server/config/UserAppServerConfiguration.class]: Bean instantiation via factory method failed; nested exception is org.springframework.beans.BeanInstantiationException: Failed to instantiate [com.tmall.common.db.factory.MySQLExtentionFactoryBean]: Factory method 'mySQLExtentionFactoryBean' threw exception; nested exception is java.lang.NullPointerException
Caused by: org.springframework.beans.BeanInstantiationException: Failed to instantiate [com.tmall.common.db.factory.MySQLExtentionFactoryBean]: Factory method 'mySQLExtentionFactoryBean' threw exception; nested exception is java.lang.NullPointerException
Caused by: java.lang.NullPointerException
</error>
    <system-out><![CDATA[21:05:30.734 [main] DEBUG org.springframework.test.context.junit4.SpringJUnit4ClassRunner - SpringJUnit4ClassRunner constructor called with [class com.tmall.server.user.server.service.UserServiceTest]
21:05:30.738 [main] DEBUG org.springframework.test.context.BootstrapUtils - Instantiating CacheAwareContextLoaderDelegate from class [org.springframework.test.context.cache.DefaultCacheAwareContextLoaderDelegate]
21:05:30.745 [main] DEBUG org.springframework.test.context.BootstrapUtils - Instantiating BootstrapContext using constructor [public org.springframework.test.context.support.DefaultBootstrapContext(java.lang.Class,org.springframework.test.context.CacheAwareContextLoaderDelegate)]
21:05:30.760 [main] DEBUG org.springframework.test.context.BootstrapUtils - Instantiating TestContextBootstrapper for test class [com.tmall.server.user.server.service.UserServiceTest] from class [org.springframework.boot.test.context.SpringBootTestContextBootstrapper]
21:05:30.771 [main] INFO org.springframework.boot.test.context.SpringBootTestContextBootstrapper - Neither @ContextConfiguration nor @ContextHierarchy found for test class [com.tmall.server.user.server.service.UserServiceTest], using SpringBootContextLoader
21:05:30.773 [main] DEBUG org.springframework.test.context.support.AbstractContextLoader - Did not detect default resource location for test class [com.tmall.server.user.server.service.UserServiceTest]: class path resource [com/tmall/server/user/server/service/UserServiceTest-context.xml] does not exist
21:05:30.774 [main] DEBUG org.springframework.test.context.support.AbstractContextLoader - Did not detect default resource location for test class [com.tmall.server.user.server.service.UserServiceTest]: class path resource [com/tmall/server/user/server/service/UserServiceTestContext.groovy] does not exist
21:05:30.774 [main] INFO org.springframework.test.context.support.AbstractContextLoader - Could not detect default resource locations for test class [com.tmall.server.user.server.service.UserServiceTest]: no resource found for suffixes {-context.xml, Context.groovy}.
21:05:30.775 [main] INFO org.springframework.test.context.support.AnnotationConfigContextLoaderUtils - Could not detect default configuration classes for test class [com.tmall.server.user.server.service.UserServiceTest]: UserServiceTest does not declare any static, non-private, non-final, nested classes annotated with @Configuration.
21:05:30.809 [main] DEBUG org.springframework.test.context.support.ActiveProfilesUtils - Could not find an 'annotation declaring class' for annotation type [org.springframework.test.context.ActiveProfiles] and class [com.tmall.server.user.server.service.UserServiceTest]
21:05:30.817 [main] DEBUG org.springframework.core.env.StandardEnvironment - Adding PropertySource 'systemProperties' with lowest search precedence
21:05:30.818 [main] DEBUG org.springframework.core.env.StandardEnvironment - Adding PropertySource 'systemEnvironment' with lowest search precedence
21:05:30.818 [main] DEBUG org.springframework.core.env.StandardEnvironment - Initialized StandardEnvironment with PropertySources [MapPropertySource@550752602 {name='systemProperties', properties={java.runtime.name=Java(TM) SE Runtime Environment, sun.boot.library.path=/Library/Java/JavaVirtualMachines/jdk1.8.0_171.jdk/Contents/Home/jre/lib, java.vm.version=25.171-b11, gopherProxySet=false, java.vm.vendor=Oracle Corporation, java.vendor.url=http://java.oracle.com/, path.separator=:, java.vm.name=Java HotSpot(TM) 64-Bit Server VM, file.encoding.pkg=sun.io, user.country=CN, sun.java.launcher=SUN_STANDARD, sun.os.patch.level=unknown, java.vm.specification.name=Java Virtual Machine Specification, user.dir=/Users/joker/Java/oxygen_workspace/tmall_micro/tmall-micro-user/tmall-server-user-server, java.runtime.version=1.8.0_171-b11, basedir=/Users/joker/Java/oxygen_workspace/tmall_micro/tmall-micro-user/tmall-server-user-server, java.awt.graphicsenv=sun.awt.CGraphicsEnvironment, java.endorsed.dirs=/Library/Java/JavaVirtualMachines/jdk1.8.0_171.jdk/Contents/Home/jre/lib/endorsed, os.arch=x86_64, surefire.real.class.path=/Users/joker/Java/oxygen_workspace/tmall_micro/tmall-micro-user/tmall-server-user-server/target/surefire/surefirebooter2742223912198613789.jar, java.io.tmpdir=/var/folders/dn/7154dtvn6hsd1g__t9zng7nm0000gn/T/, line.separator=
, java.vm.specification.vendor=Oracle Corporation, https.proxyHost=localhost, os.name=Mac OS X, sun.jnu.encoding=UTF-8, java.library.path=/Users/joker/Library/Java/Extensions:/Library/Java/Extensions:/Network/Library/Java/Extensions:/System/Library/Java/Extensions:/usr/lib/java:., http.proxyPort=49731, surefire.test.class.path=/Users/joker/Java/oxygen_workspace/tmall_micro/tmall-micro-user/tmall-server-user-server/target/test-classes:/Users/joker/Java/oxygen_workspace/tmall_micro/tmall-micro-user/tmall-server-user-server/target/classes:/Users/joker/Java/oxygen_workspace/tmall_micro/tmall-micro-user/tmall-server-user-service/target/tmall-server-user-service-0.0.1-SNAPSHOT.jar:/Users/joker/Java/oxygen_workspace/tmall_micro/tmall-micro-user/tmall-server-user-dao/target/tmall-server-user-dao-0.0.1-SNAPSHOT.jar:/Users/joker/Java/oxygen_workspace/tmall_micro/tmall-micro-user/tmall-server-user-common/target/tmall-server-user-common-0.0.1-SNAPSHOT.jar:/Users/joker/.m2/repository/org/springframework/boot/spring-boot-starter-test/2.0.1.RELEASE/spring-boot-starter-test-2.0.1.RELEASE.jar:/Users/joker/.m2/repository/org/springframework/boot/spring-boot-starter/2.0.1.RELEASE/spring-boot-starter-2.0.1.RELEASE.jar:/Users/joker/.m2/repository/org/springframework/boot/spring-boot-autoconfigure/2.0.1.RELEASE/spring-boot-autoconfigure-2.0.1.RELEASE.jar:/Users/joker/.m2/repository/org/springframework/boot/spring-boot-starter-logging/2.0.1.RELEASE/spring-boot-starter-logging-2.0.1.RELEASE.jar:/Users/joker/.m2/repository/ch/qos/logback/logback-classic/1.2.3/logback-classic-1.2.3.jar:/Users/joker/.m2/repository/ch/qos/logback/logback-core/1.2.3/logback-core-1.2.3.jar:/Users/joker/.m2/repository/org/apache/logging/log4j/log4j-to-slf4j/2.10.0/log4j-to-slf4j-2.10.0.jar:/Users/joker/.m2/repository/org/apache/logging/log4j/log4j-api/2.10.0/log4j-api-2.10.0.jar:/Users/joker/.m2/repository/org/slf4j/jul-to-slf4j/1.7.25/jul-to-slf4j-1.7.25.jar:/Users/joker/.m2/repository/javax/annotation/javax.annotation-api/1.3.2/javax.annotation-api-1.3.2.jar:/Users/joker/.m2/repository/org/yaml/snakeyaml/1.19/snakeyaml-1.19.jar:/Users/joker/.m2/repository/org/springframework/boot/spring-boot-test/2.0.1.RELEASE/spring-boot-test-2.0.1.RELEASE.jar:/Users/joker/.m2/repository/org/springframework/boot/spring-boot-test-autoconfigure/2.0.1.RELEASE/spring-boot-test-autoconfigure-2.0.1.RELEASE.jar:/Users/joker/.m2/repository/com/jayway/jsonpath/json-path/2.4.0/json-path-2.4.0.jar:/Users/joker/.m2/repository/net/minidev/json-smart/2.3/json-smart-2.3.jar:/Users/joker/.m2/repository/net/minidev/accessors-smart/1.2/accessors-smart-1.2.jar:/Users/joker/.m2/repository/org/assertj/assertj-core/3.9.1/assertj-core-3.9.1.jar:/Users/joker/.m2/repository/org/mockito/mockito-core/2.15.0/mockito-core-2.15.0.jar:/Users/joker/.m2/repository/net/bytebuddy/byte-buddy/1.7.11/byte-buddy-1.7.11.jar:/Users/joker/.m2/repository/net/bytebuddy/byte-buddy-agent/1.7.11/byte-buddy-agent-1.7.11.jar:/Users/joker/.m2/repository/org/objenesis/objenesis/2.6/objenesis-2.6.jar:/Users/joker/.m2/repository/org/hamcrest/hamcrest-core/1.3/hamcrest-core-1.3.jar:/Users/joker/.m2/repository/org/hamcrest/hamcrest-library/1.3/hamcrest-library-1.3.jar:/Users/joker/.m2/repository/org/skyscreamer/jsonassert/1.5.0/jsonassert-1.5.0.jar:/Users/joker/.m2/repository/com/vaadin/external/google/android-json/0.0.20131108.vaadin1/android-json-0.0.20131108.vaadin1.jar:/Users/joker/.m2/repository/org/springframework/spring-core/5.0.5.RELEASE/spring-core-5.0.5.RELEASE.jar:/Users/joker/.m2/repository/org/springframework/spring-jcl/5.0.5.RELEASE/spring-jcl-5.0.5.RELEASE.jar:/Users/joker/.m2/repository/org/xmlunit/xmlunit-core/2.5.1/xmlunit-core-2.5.1.jar:/Users/joker/.m2/repository/org/springframework/spring-jdbc/5.0.5.RELEASE/spring-jdbc-5.0.5.RELEASE.jar:/Users/joker/.m2/repository/org/springframework/spring-beans/5.0.5.RELEASE/spring-beans-5.0.5.RELEASE.jar:/Users/joker/.m2/repository/org/springframework/spring-tx/5.0.5.RELEASE/spring-tx-5.0.5.RELEASE.jar:/Users/joker/.m2/repository/com/alibaba/druid/1.0.9/druid-1.0.9.jar:/Library/Java/JavaVirtualMachines/jdk1.8.0_171.jdk/Contents/Home/jre/../lib/jconsole.jar:/Library/Java/JavaVirtualMachines/jdk1.8.0_171.jdk/Contents/Home/jre/../lib/tools.jar:/Users/joker/.m2/repository/mysql/mysql-connector-java/5.1.46/mysql-connector-java-5.1.46.jar:/Users/joker/.m2/repository/org/springframework/boot/spring-boot-starter-web/2.0.1.RELEASE/spring-boot-starter-web-2.0.1.RELEASE.jar:/Users/joker/.m2/repository/org/springframework/boot/spring-boot-starter-json/2.0.1.RELEASE/spring-boot-starter-json-2.0.1.RELEASE.jar:/Users/joker/.m2/repository/com/fasterxml/jackson/datatype/jackson-datatype-jdk8/2.9.3/jackson-datatype-jdk8-2.9.3.jar:/Users/joker/.m2/repository/com/fasterxml/jackson/datatype/jackson-datatype-jsr310/2.9.3/jackson-datatype-jsr310-2.9.3.jar:/Users/joker/.m2/repository/com/fasterxml/jackson/module/jackson-module-parameter-names/2.9.3/jackson-module-parameter-names-2.9.3.jar:/Users/joker/.m2/repository/org/springframework/boot/spring-boot-starter-tomcat/2.0.1.RELEASE/spring-boot-starter-tomcat-2.0.1.RELEASE.jar:/Users/joker/.m2/repository/org/apache/tomcat/embed/tomcat-embed-core/8.5.29/tomcat-embed-core-8.5.29.jar:/Users/joker/.m2/repository/org/apache/tomcat/embed/tomcat-embed-el/8.5.29/tomcat-embed-el-8.5.29.jar:/Users/joker/.m2/repository/org/apache/tomcat/embed/tomcat-embed-websocket/8.5.29/tomcat-embed-websocket-8.5.29.jar:/Users/joker/.m2/repository/org/hibernate/validator/hibernate-validator/6.0.9.Final/hibernate-validator-6.0.9.Final.jar:/Users/joker/.m2/repository/org/jboss/logging/jboss-logging/3.3.2.Final/jboss-logging-3.3.2.Final.jar:/Users/joker/.m2/repository/com/fasterxml/classmate/1.3.4/classmate-1.3.4.jar:/Users/joker/.m2/repository/org/springframework/spring-web/5.0.5.RELEASE/spring-web-5.0.5.RELEASE.jar:/Users/joker/.m2/repository/org/springframework/spring-webmvc/5.0.5.RELEASE/spring-webmvc-5.0.5.RELEASE.jar:/Users/joker/.m2/repository/org/springframework/spring-aop/5.0.5.RELEASE/spring-aop-5.0.5.RELEASE.jar:/Users/joker/.m2/repository/org/springframework/spring-expression/5.0.5.RELEASE/spring-expression-5.0.5.RELEASE.jar:/Users/joker/.m2/repository/org/springframework/cloud/spring-cloud-starter-eureka/1.4.4.RELEASE/spring-cloud-starter-eureka-1.4.4.RELEASE.jar:/Users/joker/.m2/repository/org/springframework/cloud/spring-cloud-starter-netflix-eureka-client/2.0.0.RC1/spring-cloud-starter-netflix-eureka-client-2.0.0.RC1.jar:/Users/joker/.m2/repository/org/springframework/cloud/spring-cloud-starter/2.0.0.RC1/spring-cloud-starter-2.0.0.RC1.jar:/Users/joker/.m2/repository/org/springframework/cloud/spring-cloud-context/2.0.0.RC1/spring-cloud-context-2.0.0.RC1.jar:/Users/joker/.m2/repository/org/springframework/security/spring-security-crypto/5.0.4.RELEASE/spring-security-crypto-5.0.4.RELEASE.jar:/Users/joker/.m2/repository/org/springframework/cloud/spring-cloud-commons/2.0.0.RC1/spring-cloud-commons-2.0.0.RC1.jar:/Users/joker/.m2/repository/org/springframework/security/spring-security-rsa/1.0.5.RELEASE/spring-security-rsa-1.0.5.RELEASE.jar:/Users/joker/.m2/repository/org/bouncycastle/bcpkix-jdk15on/1.56/bcpkix-jdk15on-1.56.jar:/Users/joker/.m2/repository/org/bouncycastle/bcprov-jdk15on/1.56/bcprov-jdk15on-1.56.jar:/Users/joker/.m2/repository/org/springframework/cloud/spring-cloud-netflix-core/2.0.0.RC1/spring-cloud-netflix-core-2.0.0.RC1.jar:/Users/joker/.m2/repository/org/springframework/boot/spring-boot-starter-aop/2.0.1.RELEASE/spring-boot-starter-aop-2.0.1.RELEASE.jar:/Users/joker/.m2/repository/org/springframework/cloud/spring-cloud-netflix-eureka-client/2.0.0.RC1/spring-cloud-netflix-eureka-client-2.0.0.RC1.jar:/Users/joker/.m2/repository/com/netflix/eureka/eureka-client/1.8.8/eureka-client-1.8.8.jar:/Users/joker/.m2/repository/org/codehaus/jettison/jettison/1.3.7/jettison-1.3.7.jar:/Users/joker/.m2/repository/stax/stax-api/1.0.1/stax-api-1.0.1.jar:/Users/joker/.m2/repository/com/netflix/netflix-commons/netflix-eventbus/0.3.0/netflix-eventbus-0.3.0.jar:/Users/joker/.m2/repository/com/netflix/netflix-commons/netflix-infix/0.3.0/netflix-infix-0.3.0.jar:/Users/joker/.m2/repository/commons-jxpath/commons-jxpath/1.3/commons-jxpath-1.3.jar:/Users/joker/.m2/repository/joda-time/joda-time/2.9.9/joda-time-2.9.9.jar:/Users/joker/.m2/repository/org/antlr/antlr-runtime/3.4/antlr-runtime-3.4.jar:/Users/joker/.m2/repository/org/antlr/stringtemplate/3.2.1/stringtemplate-3.2.1.jar:/Users/joker/.m2/repository/antlr/antlr/2.7.7/antlr-2.7.7.jar:/Users/joker/.m2/repository/org/apache/commons/commons-math/2.2/commons-math-2.2.jar:/Users/joker/.m2/repository/javax/ws/rs/jsr311-api/1.1.1/jsr311-api-1.1.1.jar:/Users/joker/.m2/repository/com/netflix/servo/servo-core/0.10.1/servo-core-0.10.1.jar:/Users/joker/.m2/repository/com/netflix/servo/servo-internal/0.10.1/servo-internal-0.10.1.jar:/Users/joker/.m2/repository/com/sun/jersey/jersey-core/1.19.1/jersey-core-1.19.1.jar:/Users/joker/.m2/repository/com/sun/jersey/jersey-client/1.19.1/jersey-client-1.19.1.jar:/Users/joker/.m2/repository/com/sun/jersey/contribs/jersey-apache-client4/1.19.1/jersey-apache-client4-1.19.1.jar:/Users/joker/.m2/repository/com/google/inject/guice/4.1.0/guice-4.1.0.jar:/Users/joker/.m2/repository/javax/inject/javax.inject/1/javax.inject-1.jar:/Users/joker/.m2/repository/aopalliance/aopalliance/1.0/aopalliance-1.0.jar:/Users/joker/.m2/repository/com/github/vlsi/compactmap/compactmap/1.2.1/compactmap-1.2.1.jar:/Users/joker/.m2/repository/com/github/andrewoma/dexx/dexx-collections/0.2/dexx-collections-0.2.jar:/Users/joker/.m2/repository/com/netflix/eureka/eureka-core/1.8.8/eureka-core-1.8.8.jar:/Users/joker/.m2/repository/org/codehaus/woodstox/woodstox-core-asl/4.4.1/woodstox-core-asl-4.4.1.jar:/Users/joker/.m2/repository/javax/xml/stream/stax-api/1.0-2/stax-api-1.0-2.jar:/Users/joker/.m2/repository/org/codehaus/woodstox/stax2-api/3.1.4/stax2-api-3.1.4.jar:/Users/joker/.m2/repository/org/springframework/cloud/spring-cloud-starter-netflix-archaius/2.0.0.RC1/spring-cloud-starter-netflix-archaius-2.0.0.RC1.jar:/Users/joker/.m2/repository/org/springframework/cloud/spring-cloud-netflix-archaius/2.0.0.RC1/spring-cloud-netflix-archaius-2.0.0.RC1.jar:/Users/joker/.m2/repository/org/springframework/cloud/spring-cloud-starter-netflix-ribbon/2.0.0.RC1/spring-cloud-starter-netflix-ribbon-2.0.0.RC1.jar:/Users/joker/.m2/repository/com/netflix/ribbon/ribbon/2.2.5/ribbon-2.2.5.jar:/Users/joker/.m2/repository/com/netflix/ribbon/ribbon-transport/2.2.5/ribbon-transport-2.2.5.jar:/Users/joker/.m2/repository/io/reactivex/rxnetty-contexts/0.4.9/rxnetty-contexts-0.4.9.jar:/Users/joker/.m2/repository/io/reactivex/rxnetty-servo/0.4.9/rxnetty-servo-0.4.9.jar:/Users/joker/.m2/repository/io/reactivex/rxnetty/0.4.9/rxnetty-0.4.9.jar:/Users/joker/.m2/repository/com/netflix/ribbon/ribbon-core/2.2.5/ribbon-core-2.2.5.jar:/Users/joker/.m2/repository/com/netflix/ribbon/ribbon-httpclient/2.2.5/ribbon-httpclient-2.2.5.jar:/Users/joker/.m2/repository/com/netflix/netflix-commons/netflix-commons-util/0.3.0/netflix-commons-util-0.3.0.jar:/Users/joker/.m2/repository/com/netflix/ribbon/ribbon-loadbalancer/2.2.5/ribbon-loadbalancer-2.2.5.jar:/Users/joker/.m2/repository/com/netflix/netflix-commons/netflix-statistics/0.1.1/netflix-statistics-0.1.1.jar:/Users/joker/.m2/repository/com/netflix/ribbon/ribbon-eureka/2.2.5/ribbon-eureka-2.2.5.jar:/Users/joker/.m2/repository/com/thoughtworks/xstream/xstream/1.4.10/xstream-1.4.10.jar:/Users/joker/.m2/repository/xmlpull/xmlpull/1.1.3.1/xmlpull-1.1.3.1.jar:/Users/joker/.m2/repository/xpp3/xpp3_min/1.1.4c/xpp3_min-1.1.4c.jar:/Users/joker/.m2/repository/org/freemarker/freemarker/2.3.28/freemarker-2.3.28.jar:/Users/joker/.m2/repository/org/springframework/spring-context-support/5.0.5.RELEASE/spring-context-support-5.0.5.RELEASE.jar:/Users/joker/.m2/repository/org/springframework/spring-context/5.0.5.RELEASE/spring-context-5.0.5.RELEASE.jar:/Users/joker/.m2/repository/com/rabbitmq/amqp-client/5.1.2/amqp-client-5.1.2.jar:/Users/joker/.m2/repository/org/springframework/amqp/spring-rabbit/2.0.3.RELEASE/spring-rabbit-2.0.3.RELEASE.jar:/Users/joker/.m2/repository/org/springframework/amqp/spring-amqp/2.0.3.RELEASE/spring-amqp-2.0.3.RELEASE.jar:/Users/joker/.m2/repository/com/rabbitmq/http-client/2.0.1.RELEASE/http-client-2.0.1.RELEASE.jar:/Users/joker/.m2/repository/org/springframework/spring-webflux/5.0.5.RELEASE/spring-webflux-5.0.5.RELEASE.jar:/Users/joker/.m2/repository/io/projectreactor/reactor-core/3.1.6.RELEASE/reactor-core-3.1.6.RELEASE.jar:/Users/joker/.m2/repository/org/apache/httpcomponents/httpclient/4.5.5/httpclient-4.5.5.jar:/Users/joker/.m2/repository/org/apache/httpcomponents/httpcore/4.4.9/httpcore-4.4.9.jar:/Users/joker/.m2/repository/commons-codec/commons-codec/1.11/commons-codec-1.11.jar:/Users/joker/.m2/repository/io/projectreactor/ipc/reactor-netty/0.7.6.RELEASE/reactor-netty-0.7.6.RELEASE.jar:/Users/joker/.m2/repository/io/netty/netty-codec-http/4.1.23.Final/netty-codec-http-4.1.23.Final.jar:/Users/joker/.m2/repository/io/netty/netty-codec/4.1.23.Final/netty-codec-4.1.23.Final.jar:/Users/joker/.m2/repository/io/netty/netty-handler/4.1.23.Final/netty-handler-4.1.23.Final.jar:/Users/joker/.m2/repository/io/netty/netty-buffer/4.1.23.Final/netty-buffer-4.1.23.Final.jar:/Users/joker/.m2/repository/io/netty/netty-transport/4.1.23.Final/netty-transport-4.1.23.Final.jar:/Users/joker/.m2/repository/io/netty/netty-resolver/4.1.23.Final/netty-resolver-4.1.23.Final.jar:/Users/joker/.m2/repository/io/netty/netty-handler-proxy/4.1.23.Final/netty-handler-proxy-4.1.23.Final.jar:/Users/joker/.m2/repository/io/netty/netty-codec-socks/4.1.23.Final/netty-codec-socks-4.1.23.Final.jar:/Users/joker/.m2/repository/io/netty/netty-transport-native-epoll/4.1.23.Final/netty-transport-native-epoll-4.1.23.Final.jar:/Users/joker/.m2/repository/io/netty/netty-common/4.1.23.Final/netty-common-4.1.23.Final.jar:/Users/joker/.m2/repository/io/netty/netty-transport-native-unix-common/4.1.23.Final/netty-transport-native-unix-common-4.1.23.Final.jar:/Users/joker/.m2/repository/org/springframework/spring-messaging/5.0.5.RELEASE/spring-messaging-5.0.5.RELEASE.jar:/Users/joker/.m2/repository/org/springframework/retry/spring-retry/1.2.2.RELEASE/spring-retry-1.2.2.RELEASE.jar:/Users/joker/.m2/repository/org/springframework/cloud/spring-cloud-starter-hystrix/1.4.4.RELEASE/spring-cloud-starter-hystrix-1.4.4.RELEASE.jar:/Users/joker/.m2/repository/org/springframework/cloud/spring-cloud-starter-netflix-hystrix/2.0.0.RC1/spring-cloud-starter-netflix-hystrix-2.0.0.RC1.jar:/Users/joker/.m2/repository/org/springframework/cloud/spring-cloud-netflix-ribbon/2.0.0.RC1/spring-cloud-netflix-ribbon-2.0.0.RC1.jar:/Users/joker/.m2/repository/com/netflix/hystrix/hystrix-serialization/1.5.12/hystrix-serialization-1.5.12.jar:/Users/joker/.m2/repository/com/fasterxml/jackson/module/jackson-module-afterburner/2.9.3/jackson-module-afterburner-2.9.3.jar:/Users/joker/.m2/repository/com/netflix/hystrix/hystrix-metrics-event-stream/1.5.12/hystrix-metrics-event-stream-1.5.12.jar:/Users/joker/.m2/repository/com/netflix/hystrix/hystrix-javanica/1.5.12/hystrix-javanica-1.5.12.jar:/Users/joker/.m2/repository/org/ow2/asm/asm/5.0.4/asm-5.0.4.jar:/Users/joker/.m2/repository/org/aspectj/aspectjweaver/1.8.13/aspectjweaver-1.8.13.jar:/Users/joker/.m2/repository/io/reactivex/rxjava-reactive-streams/1.2.1/rxjava-reactive-streams-1.2.1.jar:/Users/joker/.m2/repository/org/reactivestreams/reactive-streams/1.0.2/reactive-streams-1.0.2.jar:/Users/joker/.m2/repository/com/netflix/archaius/archaius-core/0.7.6/archaius-core-0.7.6.jar:/Users/joker/.m2/repository/com/google/code/findbugs/jsr305/3.0.1/jsr305-3.0.1.jar:/Users/joker/.m2/repository/commons-configuration/commons-configuration/1.8/commons-configuration-1.8.jar:/Users/joker/.m2/repository/commons-lang/commons-lang/2.6/commons-lang-2.6.jar:/Users/joker/.m2/repository/com/google/guava/guava/16.0/guava-16.0.jar:/Users/joker/.m2/repository/com/fasterxml/jackson/core/jackson-annotations/2.9.0/jackson-annotations-2.9.0.jar:/Users/joker/.m2/repository/junit/junit/4.12/junit-4.12.jar:/Users/joker/.m2/repository/org/projectlombok/lombok/1.16.20/lombok-1.16.20.jar:/Users/joker/.m2/repository/com/rebuildtmall/tmall-micro-common/0.0.1-SNAPSHOT/tmall-micro-common-0.0.1-SNAPSHOT.jar:/Users/joker/.m2/repository/com/joker/library/0.0.2-SNAPSHOT/library-0.0.2-SNAPSHOT.jar:/Users/joker/.m2/repository/commons-net/commons-net/3.6/commons-net-3.6.jar:/Users/joker/.m2/repository/org/apache/commons/commons-lang3/3.7/commons-lang3-3.7.jar:/Users/joker/.m2/repository/com/sun/mail/javax.mail/1.6.1/javax.mail-1.6.1.jar:/Users/joker/.m2/repository/javax/activation/activation/1.1/activation-1.1.jar:/Users/joker/.m2/repository/javax/mail/mail/1.4.7/mail-1.4.7.jar:/Users/joker/.m2/repository/io/github/openfeign/feign-core/9.5.1/feign-core-9.5.1.jar:/Users/joker/.m2/repository/com/netflix/hystrix/hystrix-core/1.5.12/hystrix-core-1.5.12.jar:/Users/joker/.m2/repository/io/reactivex/rxjava/1.3.8/rxjava-1.3.8.jar:/Users/joker/.m2/repository/org/hdrhistogram/HdrHistogram/2.1.9/HdrHistogram-2.1.9.jar:/Users/joker/.m2/repository/org/springframework/boot/spring-boot/2.0.1.RELEASE/spring-boot-2.0.1.RELEASE.jar:/Users/joker/.m2/repository/io/jsonwebtoken/jjwt/0.9.1/jjwt-0.9.1.jar:/Users/joker/.m2/repository/com/google/code/gson/gson/2.8.2/gson-2.8.2.jar:/Users/joker/.m2/repository/net/sf/json-lib/json-lib/2.4/json-lib-2.4-jdk15.jar:/Users/joker/.m2/repository/commons-beanutils/commons-beanutils/1.8.0/commons-beanutils-1.8.0.jar:/Users/joker/.m2/repository/commons-collections/commons-collections/3.2.1/commons-collections-3.2.1.jar:/Users/joker/.m2/repository/net/sf/ezmorph/ezmorph/1.0.6/ezmorph-1.0.6.jar:/Users/joker/.m2/repository/redis/clients/jedis/2.9.0/jedis-2.9.0.jar:/Users/joker/.m2/repository/org/apache/commons/commons-pool2/2.5.0/commons-pool2-2.5.0.jar:/Users/joker/.m2/repository/commons-io/commons-io/2.4/commons-io-2.4.jar:/Users/joker/.m2/repository/org/slf4j/slf4j-api/1.7.25/slf4j-api-1.7.25.jar:/Users/joker/.m2/repository/log4j/log4j/1.2.17/log4j-1.2.17.jar:/Users/joker/.m2/repository/javax/validation/validation-api/2.0.1.Final/validation-api-2.0.1.Final.jar:/Users/joker/.m2/repository/commons-dbutils/commons-dbutils/1.6/commons-dbutils-1.6.jar:/Users/joker/.m2/repository/com/fasterxml/jackson/core/jackson-core/2.9.3/jackson-core-2.9.3.jar:/Users/joker/.m2/repository/com/fasterxml/jackson/core/jackson-databind/2.9.3/jackson-databind-2.9.3.jar:/Users/joker/.m2/repository/org/springframework/spring-test/5.0.5.RELEASE/spring-test-5.0.5.RELEASE.jar:/Users/joker/.m2/repository/org/mybatis/mybatis-spring/1.3.0/mybatis-spring-1.3.0.jar:/Users/joker/.m2/repository/org/mybatis/mybatis/3.4.1/mybatis-3.4.1.jar:, java.specification.name=Java Platform API Specification, java.class.version=52.0, sun.management.compiler=HotSpot 64-Bit Tiered Compilers, os.version=10.13.4, user.home=/Users/joker, user.timezone=Asia/Shanghai, java.awt.printerjob=sun.lwawt.macosx.CPrinterJob, file.encoding=UTF-8, java.specification.version=1.8, java.class.path=/Users/joker/Java/oxygen_workspace/tmall_micro/tmall-micro-user/tmall-server-user-server/target/test-classes:/Users/joker/Java/oxygen_workspace/tmall_micro/tmall-micro-user/tmall-server-user-server/target/classes:/Users/joker/Java/oxygen_workspace/tmall_micro/tmall-micro-user/tmall-server-user-service/target/tmall-server-user-service-0.0.1-SNAPSHOT.jar:/Users/joker/Java/oxygen_workspace/tmall_micro/tmall-micro-user/tmall-server-user-dao/target/tmall-server-user-dao-0.0.1-SNAPSHOT.jar:/Users/joker/Java/oxygen_workspace/tmall_micro/tmall-micro-user/tmall-server-user-common/target/tmall-server-user-common-0.0.1-SNAPSHOT.jar:/Users/joker/.m2/repository/org/springframework/boot/spring-boot-starter-test/2.0.1.RELEASE/spring-boot-starter-test-2.0.1.RELEASE.jar:/Users/joker/.m2/repository/org/springframework/boot/spring-boot-starter/2.0.1.RELEASE/spring-boot-starter-2.0.1.RELEASE.jar:/Users/joker/.m2/repository/org/springframework/boot/spring-boot-autoconfigure/2.0.1.RELEASE/spring-boot-autoconfigure-2.0.1.RELEASE.jar:/Users/joker/.m2/repository/org/springframework/boot/spring-boot-starter-logging/2.0.1.RELEASE/spring-boot-starter-logging-2.0.1.RELEASE.jar:/Users/joker/.m2/repository/ch/qos/logback/logback-classic/1.2.3/logback-classic-1.2.3.jar:/Users/joker/.m2/repository/ch/qos/logback/logback-core/1.2.3/logback-core-1.2.3.jar:/Users/joker/.m2/repository/org/apache/logging/log4j/log4j-to-slf4j/2.10.0/log4j-to-slf4j-2.10.0.jar:/Users/joker/.m2/repository/org/apache/logging/log4j/log4j-api/2.10.0/log4j-api-2.10.0.jar:/Users/joker/.m2/repository/org/slf4j/jul-to-slf4j/1.7.25/jul-to-slf4j-1.7.25.jar:/Users/joker/.m2/repository/javax/annotation/javax.annotation-api/1.3.2/javax.annotation-api-1.3.2.jar:/Users/joker/.m2/repository/org/yaml/snakeyaml/1.19/snakeyaml-1.19.jar:/Users/joker/.m2/repository/org/springframework/boot/spring-boot-test/2.0.1.RELEASE/spring-boot-test-2.0.1.RELEASE.jar:/Users/joker/.m2/repository/org/springframework/boot/spring-boot-test-autoconfigure/2.0.1.RELEASE/spring-boot-test-autoconfigure-2.0.1.RELEASE.jar:/Users/joker/.m2/repository/com/jayway/jsonpath/json-path/2.4.0/json-path-2.4.0.jar:/Users/joker/.m2/repository/net/minidev/json-smart/2.3/json-smart-2.3.jar:/Users/joker/.m2/repository/net/minidev/accessors-smart/1.2/accessors-smart-1.2.jar:/Users/joker/.m2/repository/org/assertj/assertj-core/3.9.1/assertj-core-3.9.1.jar:/Users/joker/.m2/repository/org/mockito/mockito-core/2.15.0/mockito-core-2.15.0.jar:/Users/joker/.m2/repository/net/bytebuddy/byte-buddy/1.7.11/byte-buddy-1.7.11.jar:/Users/joker/.m2/repository/net/bytebuddy/byte-buddy-agent/1.7.11/byte-buddy-agent-1.7.11.jar:/Users/joker/.m2/repository/org/objenesis/objenesis/2.6/objenesis-2.6.jar:/Users/joker/.m2/repository/org/hamcrest/hamcrest-core/1.3/hamcrest-core-1.3.jar:/Users/joker/.m2/repository/org/hamcrest/hamcrest-library/1.3/hamcrest-library-1.3.jar:/Users/joker/.m2/repository/org/skyscreamer/jsonassert/1.5.0/jsonassert-1.5.0.jar:/Users/joker/.m2/repository/com/vaadin/external/google/android-json/0.0.20131108.vaadin1/android-json-0.0.20131108.vaadin1.jar:/Users/joker/.m2/repository/org/springframework/spring-core/5.0.5.RELEASE/spring-core-5.0.5.RELEASE.jar:/Users/joker/.m2/repository/org/springframework/spring-jcl/5.0.5.RELEASE/spring-jcl-5.0.5.RELEASE.jar:/Users/joker/.m2/repository/org/xmlunit/xmlunit-core/2.5.1/xmlunit-core-2.5.1.jar:/Users/joker/.m2/repository/org/springframework/spring-jdbc/5.0.5.RELEASE/spring-jdbc-5.0.5.RELEASE.jar:/Users/joker/.m2/repository/org/springframework/spring-beans/5.0.5.RELEASE/spring-beans-5.0.5.RELEASE.jar:/Users/joker/.m2/repository/org/springframework/spring-tx/5.0.5.RELEASE/spring-tx-5.0.5.RELEASE.jar:/Users/joker/.m2/repository/com/alibaba/druid/1.0.9/druid-1.0.9.jar:/Library/Java/JavaVirtualMachines/jdk1.8.0_171.jdk/Contents/Home/jre/../lib/jconsole.jar:/Library/Java/JavaVirtualMachines/jdk1.8.0_171.jdk/Contents/Home/jre/../lib/tools.jar:/Users/joker/.m2/repository/mysql/mysql-connector-java/5.1.46/mysql-connector-java-5.1.46.jar:/Users/joker/.m2/repository/org/springframework/boot/spring-boot-starter-web/2.0.1.RELEASE/spring-boot-starter-web-2.0.1.RELEASE.jar:/Users/joker/.m2/repository/org/springframework/boot/spring-boot-starter-json/2.0.1.RELEASE/spring-boot-starter-json-2.0.1.RELEASE.jar:/Users/joker/.m2/repository/com/fasterxml/jackson/datatype/jackson-datatype-jdk8/2.9.3/jackson-datatype-jdk8-2.9.3.jar:/Users/joker/.m2/repository/com/fasterxml/jackson/datatype/jackson-datatype-jsr310/2.9.3/jackson-datatype-jsr310-2.9.3.jar:/Users/joker/.m2/repository/com/fasterxml/jackson/module/jackson-module-parameter-names/2.9.3/jackson-module-parameter-names-2.9.3.jar:/Users/joker/.m2/repository/org/springframework/boot/spring-boot-starter-tomcat/2.0.1.RELEASE/spring-boot-starter-tomcat-2.0.1.RELEASE.jar:/Users/joker/.m2/repository/org/apache/tomcat/embed/tomcat-embed-core/8.5.29/tomcat-embed-core-8.5.29.jar:/Users/joker/.m2/repository/org/apache/tomcat/embed/tomcat-embed-el/8.5.29/tomcat-embed-el-8.5.29.jar:/Users/joker/.m2/repository/org/apache/tomcat/embed/tomcat-embed-websocket/8.5.29/tomcat-embed-websocket-8.5.29.jar:/Users/joker/.m2/repository/org/hibernate/validator/hibernate-validator/6.0.9.Final/hibernate-validator-6.0.9.Final.jar:/Users/joker/.m2/repository/org/jboss/logging/jboss-logging/3.3.2.Final/jboss-logging-3.3.2.Final.jar:/Users/joker/.m2/repository/com/fasterxml/classmate/1.3.4/classmate-1.3.4.jar:/Users/joker/.m2/repository/org/springframework/spring-web/5.0.5.RELEASE/spring-web-5.0.5.RELEASE.jar:/Users/joker/.m2/repository/org/springframework/spring-webmvc/5.0.5.RELEASE/spring-webmvc-5.0.5.RELEASE.jar:/Users/joker/.m2/repository/org/springframework/spring-aop/5.0.5.RELEASE/spring-aop-5.0.5.RELEASE.jar:/Users/joker/.m2/repository/org/springframework/spring-expression/5.0.5.RELEASE/spring-expression-5.0.5.RELEASE.jar:/Users/joker/.m2/repository/org/springframework/cloud/spring-cloud-starter-eureka/1.4.4.RELEASE/spring-cloud-starter-eureka-1.4.4.RELEASE.jar:/Users/joker/.m2/repository/org/springframework/cloud/spring-cloud-starter-netflix-eureka-client/2.0.0.RC1/spring-cloud-starter-netflix-eureka-client-2.0.0.RC1.jar:/Users/joker/.m2/repository/org/springframework/cloud/spring-cloud-starter/2.0.0.RC1/spring-cloud-starter-2.0.0.RC1.jar:/Users/joker/.m2/repository/org/springframework/cloud/spring-cloud-context/2.0.0.RC1/spring-cloud-context-2.0.0.RC1.jar:/Users/joker/.m2/repository/org/springframework/security/spring-security-crypto/5.0.4.RELEASE/spring-security-crypto-5.0.4.RELEASE.jar:/Users/joker/.m2/repository/org/springframework/cloud/spring-cloud-commons/2.0.0.RC1/spring-cloud-commons-2.0.0.RC1.jar:/Users/joker/.m2/repository/org/springframework/security/spring-security-rsa/1.0.5.RELEASE/spring-security-rsa-1.0.5.RELEASE.jar:/Users/joker/.m2/repository/org/bouncycastle/bcpkix-jdk15on/1.56/bcpkix-jdk15on-1.56.jar:/Users/joker/.m2/repository/org/bouncycastle/bcprov-jdk15on/1.56/bcprov-jdk15on-1.56.jar:/Users/joker/.m2/repository/org/springframework/cloud/spring-cloud-netflix-core/2.0.0.RC1/spring-cloud-netflix-core-2.0.0.RC1.jar:/Users/joker/.m2/repository/org/springframework/boot/spring-boot-starter-aop/2.0.1.RELEASE/spring-boot-starter-aop-2.0.1.RELEASE.jar:/Users/joker/.m2/repository/org/springframework/cloud/spring-cloud-netflix-eureka-client/2.0.0.RC1/spring-cloud-netflix-eureka-client-2.0.0.RC1.jar:/Users/joker/.m2/repository/com/netflix/eureka/eureka-client/1.8.8/eureka-client-1.8.8.jar:/Users/joker/.m2/repository/org/codehaus/jettison/jettison/1.3.7/jettison-1.3.7.jar:/Users/joker/.m2/repository/stax/stax-api/1.0.1/stax-api-1.0.1.jar:/Users/joker/.m2/repository/com/netflix/netflix-commons/netflix-eventbus/0.3.0/netflix-eventbus-0.3.0.jar:/Users/joker/.m2/repository/com/netflix/netflix-commons/netflix-infix/0.3.0/netflix-infix-0.3.0.jar:/Users/joker/.m2/repository/commons-jxpath/commons-jxpath/1.3/commons-jxpath-1.3.jar:/Users/joker/.m2/repository/joda-time/joda-time/2.9.9/joda-time-2.9.9.jar:/Users/joker/.m2/repository/org/antlr/antlr-runtime/3.4/antlr-runtime-3.4.jar:/Users/joker/.m2/repository/org/antlr/stringtemplate/3.2.1/stringtemplate-3.2.1.jar:/Users/joker/.m2/repository/antlr/antlr/2.7.7/antlr-2.7.7.jar:/Users/joker/.m2/repository/org/apache/commons/commons-math/2.2/commons-math-2.2.jar:/Users/joker/.m2/repository/javax/ws/rs/jsr311-api/1.1.1/jsr311-api-1.1.1.jar:/Users/joker/.m2/repository/com/netflix/servo/servo-core/0.10.1/servo-core-0.10.1.jar:/Users/joker/.m2/repository/com/netflix/servo/servo-internal/0.10.1/servo-internal-0.10.1.jar:/Users/joker/.m2/repository/com/sun/jersey/jersey-core/1.19.1/jersey-core-1.19.1.jar:/Users/joker/.m2/repository/com/sun/jersey/jersey-client/1.19.1/jersey-client-1.19.1.jar:/Users/joker/.m2/repository/com/sun/jersey/contribs/jersey-apache-client4/1.19.1/jersey-apache-client4-1.19.1.jar:/Users/joker/.m2/repository/com/google/inject/guice/4.1.0/guice-4.1.0.jar:/Users/joker/.m2/repository/javax/inject/javax.inject/1/javax.inject-1.jar:/Users/joker/.m2/repository/aopalliance/aopalliance/1.0/aopalliance-1.0.jar:/Users/joker/.m2/repository/com/github/vlsi/compactmap/compactmap/1.2.1/compactmap-1.2.1.jar:/Users/joker/.m2/repository/com/github/andrewoma/dexx/dexx-collections/0.2/dexx-collections-0.2.jar:/Users/joker/.m2/repository/com/netflix/eureka/eureka-core/1.8.8/eureka-core-1.8.8.jar:/Users/joker/.m2/repository/org/codehaus/woodstox/woodstox-core-asl/4.4.1/woodstox-core-asl-4.4.1.jar:/Users/joker/.m2/repository/javax/xml/stream/stax-api/1.0-2/stax-api-1.0-2.jar:/Users/joker/.m2/repository/org/codehaus/woodstox/stax2-api/3.1.4/stax2-api-3.1.4.jar:/Users/joker/.m2/repository/org/springframework/cloud/spring-cloud-starter-netflix-archaius/2.0.0.RC1/spring-cloud-starter-netflix-archaius-2.0.0.RC1.jar:/Users/joker/.m2/repository/org/springframework/cloud/spring-cloud-netflix-archaius/2.0.0.RC1/spring-cloud-netflix-archaius-2.0.0.RC1.jar:/Users/joker/.m2/repository/org/springframework/cloud/spring-cloud-starter-netflix-ribbon/2.0.0.RC1/spring-cloud-starter-netflix-ribbon-2.0.0.RC1.jar:/Users/joker/.m2/repository/com/netflix/ribbon/ribbon/2.2.5/ribbon-2.2.5.jar:/Users/joker/.m2/repository/com/netflix/ribbon/ribbon-transport/2.2.5/ribbon-transport-2.2.5.jar:/Users/joker/.m2/repository/io/reactivex/rxnetty-contexts/0.4.9/rxnetty-contexts-0.4.9.jar:/Users/joker/.m2/repository/io/reactivex/rxnetty-servo/0.4.9/rxnetty-servo-0.4.9.jar:/Users/joker/.m2/repository/io/reactivex/rxnetty/0.4.9/rxnetty-0.4.9.jar:/Users/joker/.m2/repository/com/netflix/ribbon/ribbon-core/2.2.5/ribbon-core-2.2.5.jar:/Users/joker/.m2/repository/com/netflix/ribbon/ribbon-httpclient/2.2.5/ribbon-httpclient-2.2.5.jar:/Users/joker/.m2/repository/com/netflix/netflix-commons/netflix-commons-util/0.3.0/netflix-commons-util-0.3.0.jar:/Users/joker/.m2/repository/com/netflix/ribbon/ribbon-loadbalancer/2.2.5/ribbon-loadbalancer-2.2.5.jar:/Users/joker/.m2/repository/com/netflix/netflix-commons/netflix-statistics/0.1.1/netflix-statistics-0.1.1.jar:/Users/joker/.m2/repository/com/netflix/ribbon/ribbon-eureka/2.2.5/ribbon-eureka-2.2.5.jar:/Users/joker/.m2/repository/com/thoughtworks/xstream/xstream/1.4.10/xstream-1.4.10.jar:/Users/joker/.m2/repository/xmlpull/xmlpull/1.1.3.1/xmlpull-1.1.3.1.jar:/Users/joker/.m2/repository/xpp3/xpp3_min/1.1.4c/xpp3_min-1.1.4c.jar:/Users/joker/.m2/repository/org/freemarker/freemarker/2.3.28/freemarker-2.3.28.jar:/Users/joker/.m2/repository/org/springframework/spring-context-support/5.0.5.RELEASE/spring-context-support-5.0.5.RELEASE.jar:/Users/joker/.m2/repository/org/springframework/spring-context/5.0.5.RELEASE/spring-context-5.0.5.RELEASE.jar:/Users/joker/.m2/repository/com/rabbitmq/amqp-client/5.1.2/amqp-client-5.1.2.jar:/Users/joker/.m2/repository/org/springframework/amqp/spring-rabbit/2.0.3.RELEASE/spring-rabbit-2.0.3.RELEASE.jar:/Users/joker/.m2/repository/org/springframework/amqp/spring-amqp/2.0.3.RELEASE/spring-amqp-2.0.3.RELEASE.jar:/Users/joker/.m2/repository/com/rabbitmq/http-client/2.0.1.RELEASE/http-client-2.0.1.RELEASE.jar:/Users/joker/.m2/repository/org/springframework/spring-webflux/5.0.5.RELEASE/spring-webflux-5.0.5.RELEASE.jar:/Users/joker/.m2/repository/io/projectreactor/reactor-core/3.1.6.RELEASE/reactor-core-3.1.6.RELEASE.jar:/Users/joker/.m2/repository/org/apache/httpcomponents/httpclient/4.5.5/httpclient-4.5.5.jar:/Users/joker/.m2/repository/org/apache/httpcomponents/httpcore/4.4.9/httpcore-4.4.9.jar:/Users/joker/.m2/repository/commons-codec/commons-codec/1.11/commons-codec-1.11.jar:/Users/joker/.m2/repository/io/projectreactor/ipc/reactor-netty/0.7.6.RELEASE/reactor-netty-0.7.6.RELEASE.jar:/Users/joker/.m2/repository/io/netty/netty-codec-http/4.1.23.Final/netty-codec-http-4.1.23.Final.jar:/Users/joker/.m2/repository/io/netty/netty-codec/4.1.23.Final/netty-codec-4.1.23.Final.jar:/Users/joker/.m2/repository/io/netty/netty-handler/4.1.23.Final/netty-handler-4.1.23.Final.jar:/Users/joker/.m2/repository/io/netty/netty-buffer/4.1.23.Final/netty-buffer-4.1.23.Final.jar:/Users/joker/.m2/repository/io/netty/netty-transport/4.1.23.Final/netty-transport-4.1.23.Final.jar:/Users/joker/.m2/repository/io/netty/netty-resolver/4.1.23.Final/netty-resolver-4.1.23.Final.jar:/Users/joker/.m2/repository/io/netty/netty-handler-proxy/4.1.23.Final/netty-handler-proxy-4.1.23.Final.jar:/Users/joker/.m2/repository/io/netty/netty-codec-socks/4.1.23.Final/netty-codec-socks-4.1.23.Final.jar:/Users/joker/.m2/repository/io/netty/netty-transport-native-epoll/4.1.23.Final/netty-transport-native-epoll-4.1.23.Final.jar:/Users/joker/.m2/repository/io/netty/netty-common/4.1.23.Final/netty-common-4.1.23.Final.jar:/Users/joker/.m2/repository/io/netty/netty-transport-native-unix-common/4.1.23.Final/netty-transport-native-unix-common-4.1.23.Final.jar:/Users/joker/.m2/repository/org/springframework/spring-messaging/5.0.5.RELEASE/spring-messaging-5.0.5.RELEASE.jar:/Users/joker/.m2/repository/org/springframework/retry/spring-retry/1.2.2.RELEASE/spring-retry-1.2.2.RELEASE.jar:/Users/joker/.m2/repository/org/springframework/cloud/spring-cloud-starter-hystrix/1.4.4.RELEASE/spring-cloud-starter-hystrix-1.4.4.RELEASE.jar:/Users/joker/.m2/repository/org/springframework/cloud/spring-cloud-starter-netflix-hystrix/2.0.0.RC1/spring-cloud-starter-netflix-hystrix-2.0.0.RC1.jar:/Users/joker/.m2/repository/org/springframework/cloud/spring-cloud-netflix-ribbon/2.0.0.RC1/spring-cloud-netflix-ribbon-2.0.0.RC1.jar:/Users/joker/.m2/repository/com/netflix/hystrix/hystrix-serialization/1.5.12/hystrix-serialization-1.5.12.jar:/Users/joker/.m2/repository/com/fasterxml/jackson/module/jackson-module-afterburner/2.9.3/jackson-module-afterburner-2.9.3.jar:/Users/joker/.m2/repository/com/netflix/hystrix/hystrix-metrics-event-stream/1.5.12/hystrix-metrics-event-stream-1.5.12.jar:/Users/joker/.m2/repository/com/netflix/hystrix/hystrix-javanica/1.5.12/hystrix-javanica-1.5.12.jar:/Users/joker/.m2/repository/org/ow2/asm/asm/5.0.4/asm-5.0.4.jar:/Users/joker/.m2/repository/org/aspectj/aspectjweaver/1.8.13/aspectjweaver-1.8.13.jar:/Users/joker/.m2/repository/io/reactivex/rxjava-reactive-streams/1.2.1/rxjava-reactive-streams-1.2.1.jar:/Users/joker/.m2/repository/org/reactivestreams/reactive-streams/1.0.2/reactive-streams-1.0.2.jar:/Users/joker/.m2/repository/com/netflix/archaius/archaius-core/0.7.6/archaius-core-0.7.6.jar:/Users/joker/.m2/repository/com/google/code/findbugs/jsr305/3.0.1/jsr305-3.0.1.jar:/Users/joker/.m2/repository/commons-configuration/commons-configuration/1.8/commons-configuration-1.8.jar:/Users/joker/.m2/repository/commons-lang/commons-lang/2.6/commons-lang-2.6.jar:/Users/joker/.m2/repository/com/google/guava/guava/16.0/guava-16.0.jar:/Users/joker/.m2/repository/com/fasterxml/jackson/core/jackson-annotations/2.9.0/jackson-annotations-2.9.0.jar:/Users/joker/.m2/repository/junit/junit/4.12/junit-4.12.jar:/Users/joker/.m2/repository/org/projectlombok/lombok/1.16.20/lombok-1.16.20.jar:/Users/joker/.m2/repository/com/rebuildtmall/tmall-micro-common/0.0.1-SNAPSHOT/tmall-micro-common-0.0.1-SNAPSHOT.jar:/Users/joker/.m2/repository/com/joker/library/0.0.2-SNAPSHOT/library-0.0.2-SNAPSHOT.jar:/Users/joker/.m2/repository/commons-net/commons-net/3.6/commons-net-3.6.jar:/Users/joker/.m2/repository/org/apache/commons/commons-lang3/3.7/commons-lang3-3.7.jar:/Users/joker/.m2/repository/com/sun/mail/javax.mail/1.6.1/javax.mail-1.6.1.jar:/Users/joker/.m2/repository/javax/activation/activation/1.1/activation-1.1.jar:/Users/joker/.m2/repository/javax/mail/mail/1.4.7/mail-1.4.7.jar:/Users/joker/.m2/repository/io/github/openfeign/feign-core/9.5.1/feign-core-9.5.1.jar:/Users/joker/.m2/repository/com/netflix/hystrix/hystrix-core/1.5.12/hystrix-core-1.5.12.jar:/Users/joker/.m2/repository/io/reactivex/rxjava/1.3.8/rxjava-1.3.8.jar:/Users/joker/.m2/repository/org/hdrhistogram/HdrHistogram/2.1.9/HdrHistogram-2.1.9.jar:/Users/joker/.m2/repository/org/springframework/boot/spring-boot/2.0.1.RELEASE/spring-boot-2.0.1.RELEASE.jar:/Users/joker/.m2/repository/io/jsonwebtoken/jjwt/0.9.1/jjwt-0.9.1.jar:/Users/joker/.m2/repository/com/google/code/gson/gson/2.8.2/gson-2.8.2.jar:/Users/joker/.m2/repository/net/sf/json-lib/json-lib/2.4/json-lib-2.4-jdk15.jar:/Users/joker/.m2/repository/commons-beanutils/commons-beanutils/1.8.0/commons-beanutils-1.8.0.jar:/Users/joker/.m2/repository/commons-collections/commons-collections/3.2.1/commons-collections-3.2.1.jar:/Users/joker/.m2/repository/net/sf/ezmorph/ezmorph/1.0.6/ezmorph-1.0.6.jar:/Users/joker/.m2/repository/redis/clients/jedis/2.9.0/jedis-2.9.0.jar:/Users/joker/.m2/repository/org/apache/commons/commons-pool2/2.5.0/commons-pool2-2.5.0.jar:/Users/joker/.m2/repository/commons-io/commons-io/2.4/commons-io-2.4.jar:/Users/joker/.m2/repository/org/slf4j/slf4j-api/1.7.25/slf4j-api-1.7.25.jar:/Users/joker/.m2/repository/log4j/log4j/1.2.17/log4j-1.2.17.jar:/Users/joker/.m2/repository/javax/validation/validation-api/2.0.1.Final/validation-api-2.0.1.Final.jar:/Users/joker/.m2/repository/commons-dbutils/commons-dbutils/1.6/commons-dbutils-1.6.jar:/Users/joker/.m2/repository/com/fasterxml/jackson/core/jackson-core/2.9.3/jackson-core-2.9.3.jar:/Users/joker/.m2/repository/com/fasterxml/jackson/core/jackson-databind/2.9.3/jackson-databind-2.9.3.jar:/Users/joker/.m2/repository/org/springframework/spring-test/5.0.5.RELEASE/spring-test-5.0.5.RELEASE.jar:/Users/joker/.m2/repository/org/mybatis/mybatis-spring/1.3.0/mybatis-spring-1.3.0.jar:/Users/joker/.m2/repository/org/mybatis/mybatis/3.4.1/mybatis-3.4.1.jar:, user.name=joker, java.vm.specification.version=1.8, sun.java.command=/Users/joker/Java/oxygen_workspace/tmall_micro/tmall-micro-user/tmall-server-user-server/target/surefire/surefirebooter2742223912198613789.jar /Users/joker/Java/oxygen_workspace/tmall_micro/tmall-micro-user/tmall-server-user-server/target/surefire 2018-08-28T21-05-24_718-jvmRun1 surefire928527566257044553tmp surefire_41761705158489354455tmp, java.home=/Library/Java/JavaVirtualMachines/jdk1.8.0_171.jdk/Contents/Home/jre, sun.arch.data.model=64, user.language=zh, java.specification.vendor=Oracle Corporation, awt.toolkit=sun.lwawt.macosx.LWCToolkit, java.vm.info=mixed mode, java.version=1.8.0_171, java.ext.dirs=/Users/joker/Library/Java/Extensions:/Library/Java/JavaVirtualMachines/jdk1.8.0_171.jdk/Contents/Home/jre/lib/ext:/Library/Java/Extensions:/Network/Library/Java/Extensions:/System/Library/Java/Extensions:/usr/lib/java, sun.boot.class.path=/Library/Java/JavaVirtualMachines/jdk1.8.0_171.jdk/Contents/Home/jre/lib/resources.jar:/Library/Java/JavaVirtualMachines/jdk1.8.0_171.jdk/Contents/Home/jre/lib/rt.jar:/Library/Java/JavaVirtualMachines/jdk1.8.0_171.jdk/Contents/Home/jre/lib/sunrsasign.jar:/Library/Java/JavaVirtualMachines/jdk1.8.0_171.jdk/Contents/Home/jre/lib/jsse.jar:/Library/Java/JavaVirtualMachines/jdk1.8.0_171.jdk/Contents/Home/jre/lib/jce.jar:/Library/Java/JavaVirtualMachines/jdk1.8.0_171.jdk/Contents/Home/jre/lib/charsets.jar:/Library/Java/JavaVirtualMachines/jdk1.8.0_171.jdk/Contents/Home/jre/lib/jfr.jar:/Library/Java/JavaVirtualMachines/jdk1.8.0_171.jdk/Contents/Home/jre/classes, http.proxyHost=localhost, java.vendor=Oracle Corporation, localRepository=/Users/joker/.m2/repository, file.separator=/, java.vendor.url.bug=http://bugreport.sun.com/bugreport/, sun.io.unicode.encoding=UnicodeBig, sun.cpu.endian=little, https.proxyPort=49731, sun.cpu.isalist=}}, SystemEnvironmentPropertySource@680779399 {name='systemEnvironment', properties={PATH=/usr/bin:/bin:/usr/sbin:/sbin, APP_ICON_2546=../Resources/Eclipse.icns, SHELL=/bin/bash, JAVA_STARTED_ON_FIRST_THREAD_2546=1, OLDPWD=/Users/joker/Java/oxygen_workspace/tmall_micro/tmall-micro-user/tmall-server-user-server, USER=joker, TMPDIR=/var/folders/dn/7154dtvn6hsd1g__t9zng7nm0000gn/T/, JAVA_MAIN_CLASS_2912=org.codehaus.plexus.classworlds.launcher.Launcher, SSH_AUTH_SOCK=/private/tmp/com.apple.launchd.83jQY8vS9z/Listeners, JAVA_MAIN_CLASS_2926=org.apache.maven.surefire.booter.ForkedBooter, XPC_FLAGS=0x0, __CF_USER_TEXT_ENCODING=0x1F5:0x19:0x34, Apple_PubSub_Socket_Render=/private/tmp/com.apple.launchd.d6sJcLIoPZ/Render, LOGNAME=joker, XPC_SERVICE_NAME=0, PWD=/Users/joker/Java/oxygen_workspace/tmall_micro/tmall-micro-user/tmall-server-user-server, HOME=/Users/joker, SHLVL=1, _=/Library/Java/JavaVirtualMachines/jdk1.8.0_171.jdk/Contents/Home/jre/bin/java}}]
21:05:30.830 [main] DEBUG org.springframework.core.io.support.PathMatchingResourcePatternResolver - Resolved classpath location [com/tmall/server/user/server/service/] to resources [URL [file:/Users/joker/Java/oxygen_workspace/tmall_micro/tmall-micro-user/tmall-server-user-server/target/test-classes/com/tmall/server/user/server/service/]]
21:05:30.831 [main] DEBUG org.springframework.core.io.support.PathMatchingResourcePatternResolver - Looking for matching resources in directory tree [/Users/joker/Java/oxygen_workspace/tmall_micro/tmall-micro-user/tmall-server-user-server/target/test-classes/com/tmall/server/user/server/service]
21:05:30.831 [main] DEBUG org.springframework.core.io.support.PathMatchingResourcePatternResolver - Searching directory [/Users/joker/Java/oxygen_workspace/tmall_micro/tmall-micro-user/tmall-server-user-server/target/test-classes/com/tmall/server/user/server/service] for files matching pattern [/Users/joker/Java/oxygen_workspace/tmall_micro/tmall-micro-user/tmall-server-user-server/target/test-classes/com/tmall/server/user/server/service/*.class]
21:05:30.833 [main] DEBUG org.springframework.core.io.support.PathMatchingResourcePatternResolver - Resolved location pattern [classpath*:com/tmall/server/user/server/service/*.class] to resources [file [/Users/joker/Java/oxygen_workspace/tmall_micro/tmall-micro-user/tmall-server-user-server/target/test-classes/com/tmall/server/user/server/service/UserServiceTest.class]]
21:05:30.865 [main] DEBUG org.springframework.core.io.support.PathMatchingResourcePatternResolver - Resolved classpath location [com/tmall/server/user/server/] to resources [URL [file:/Users/joker/Java/oxygen_workspace/tmall_micro/tmall-micro-user/tmall-server-user-server/target/test-classes/com/tmall/server/user/server/], URL [file:/Users/joker/Java/oxygen_workspace/tmall_micro/tmall-micro-user/tmall-server-user-server/target/classes/com/tmall/server/user/server/]]
21:05:30.865 [main] DEBUG org.springframework.core.io.support.PathMatchingResourcePatternResolver - Looking for matching resources in directory tree [/Users/joker/Java/oxygen_workspace/tmall_micro/tmall-micro-user/tmall-server-user-server/target/test-classes/com/tmall/server/user/server]
21:05:30.865 [main] DEBUG org.springframework.core.io.support.PathMatchingResourcePatternResolver - Searching directory [/Users/joker/Java/oxygen_workspace/tmall_micro/tmall-micro-user/tmall-server-user-server/target/test-classes/com/tmall/server/user/server] for files matching pattern [/Users/joker/Java/oxygen_workspace/tmall_micro/tmall-micro-user/tmall-server-user-server/target/test-classes/com/tmall/server/user/server/*.class]
21:05:30.866 [main] DEBUG org.springframework.core.io.support.PathMatchingResourcePatternResolver - Looking for matching resources in directory tree [/Users/joker/Java/oxygen_workspace/tmall_micro/tmall-micro-user/tmall-server-user-server/target/classes/com/tmall/server/user/server]
21:05:30.866 [main] DEBUG org.springframework.core.io.support.PathMatchingResourcePatternResolver - Searching directory [/Users/joker/Java/oxygen_workspace/tmall_micro/tmall-micro-user/tmall-server-user-server/target/classes/com/tmall/server/user/server] for files matching pattern [/Users/joker/Java/oxygen_workspace/tmall_micro/tmall-micro-user/tmall-server-user-server/target/classes/com/tmall/server/user/server/*.class]
21:05:30.867 [main] DEBUG org.springframework.core.io.support.PathMatchingResourcePatternResolver - Resolved location pattern [classpath*:com/tmall/server/user/server/*.class] to resources [file [/Users/joker/Java/oxygen_workspace/tmall_micro/tmall-micro-user/tmall-server-user-server/target/test-classes/com/tmall/server/user/server/AppTest.class], file [/Users/joker/Java/oxygen_workspace/tmall_micro/tmall-micro-user/tmall-server-user-server/target/classes/com/tmall/server/user/server/TmallUserAppServer.class]]
21:05:30.907 [main] DEBUG org.springframework.context.annotation.ClassPathScanningCandidateComponentProvider - Identified candidate component class: file [/Users/joker/Java/oxygen_workspace/tmall_micro/tmall-micro-user/tmall-server-user-server/target/classes/com/tmall/server/user/server/TmallUserAppServer.class]
21:05:30.908 [main] INFO org.springframework.boot.test.context.SpringBootTestContextBootstrapper - Found @SpringBootConfiguration com.tmall.server.user.server.TmallUserAppServer for test class com.tmall.server.user.server.service.UserServiceTest
21:05:31.061 [main] DEBUG org.springframework.boot.test.context.SpringBootTestContextBootstrapper - @TestExecutionListeners is not present for class [com.tmall.server.user.server.service.UserServiceTest]: using defaults.
21:05:31.061 [main] INFO org.springframework.boot.test.context.SpringBootTestContextBootstrapper - Loaded default TestExecutionListener class names from location [META-INF/spring.factories]: [org.springframework.boot.test.mock.mockito.MockitoTestExecutionListener, org.springframework.boot.test.mock.mockito.ResetMocksTestExecutionListener, org.springframework.boot.test.autoconfigure.restdocs.RestDocsTestExecutionListener, org.springframework.boot.test.autoconfigure.web.client.MockRestServiceServerResetTestExecutionListener, org.springframework.boot.test.autoconfigure.web.servlet.MockMvcPrintOnlyOnFailureTestExecutionListener, org.springframework.boot.test.autoconfigure.web.servlet.WebDriverTestExecutionListener, org.springframework.test.context.web.ServletTestExecutionListener, org.springframework.test.context.support.DirtiesContextBeforeModesTestExecutionListener, org.springframework.test.context.support.DependencyInjectionTestExecutionListener, org.springframework.test.context.support.DirtiesContextTestExecutionListener, org.springframework.test.context.transaction.TransactionalTestExecutionListener, org.springframework.test.context.jdbc.SqlScriptsTestExecutionListener]
21:05:31.182 [main] INFO org.springframework.boot.test.context.SpringBootTestContextBootstrapper - Using TestExecutionListeners: [org.springframework.test.context.web.ServletTestExecutionListener@5b38c1ec, org.springframework.test.context.support.DirtiesContextBeforeModesTestExecutionListener@338fc1d8, org.springframework.boot.test.mock.mockito.MockitoTestExecutionListener@4722ef0c, org.springframework.boot.test.autoconfigure.SpringBootDependencyInjectionTestExecutionListener@48e1f6c7, org.springframework.test.context.support.DirtiesContextTestExecutionListener@55cb6996, org.springframework.test.context.transaction.TransactionalTestExecutionListener@1807e3f6, org.springframework.test.context.jdbc.SqlScriptsTestExecutionListener@480d3575, org.springframework.boot.test.mock.mockito.ResetMocksTestExecutionListener@f1da57d, org.springframework.boot.test.autoconfigure.restdocs.RestDocsTestExecutionListener@194fad1, org.springframework.boot.test.autoconfigure.web.client.MockRestServiceServerResetTestExecutionListener@26abb146, org.springframework.boot.test.autoconfigure.web.servlet.MockMvcPrintOnlyOnFailureTestExecutionListener@72c8e7b, org.springframework.boot.test.autoconfigure.web.servlet.WebDriverTestExecutionListener@65f8f5ae]
21:05:31.184 [main] DEBUG org.springframework.test.annotation.ProfileValueUtils - Retrieved @ProfileValueSourceConfiguration [null] for test class [com.tmall.server.user.server.service.UserServiceTest]
21:05:31.185 [main] DEBUG org.springframework.test.annotation.ProfileValueUtils - Retrieved ProfileValueSource type [class org.springframework.test.annotation.SystemProfileValueSource] for class [com.tmall.server.user.server.service.UserServiceTest]
21:05:31.185 [main] DEBUG org.springframework.test.annotation.ProfileValueUtils - Retrieved @ProfileValueSourceConfiguration [null] for test class [com.tmall.server.user.server.service.UserServiceTest]
21:05:31.185 [main] DEBUG org.springframework.test.annotation.ProfileValueUtils - Retrieved ProfileValueSource type [class org.springframework.test.annotation.SystemProfileValueSource] for class [com.tmall.server.user.server.service.UserServiceTest]
21:05:31.186 [main] DEBUG org.springframework.test.annotation.ProfileValueUtils - Retrieved @ProfileValueSourceConfiguration [null] for test class [com.tmall.server.user.server.service.UserServiceTest]
21:05:31.186 [main] DEBUG org.springframework.test.annotation.ProfileValueUtils - Retrieved ProfileValueSource type [class org.springframework.test.annotation.SystemProfileValueSource] for class [com.tmall.server.user.server.service.UserServiceTest]
21:05:31.189 [main] DEBUG org.springframework.test.context.support.AbstractDirtiesContextTestExecutionListener - Before test class: context [DefaultTestContext@50378a4 testClass = UserServiceTest, testInstance = [null], testMethod = [null], testException = [null], mergedContextConfiguration = [WebMergedContextConfiguration@60f00693 testClass = UserServiceTest, locations = '{}', classes = '{class com.tmall.server.user.server.TmallUserAppServer}', contextInitializerClasses = '[]', activeProfiles = '{}', propertySourceLocations = '{}', propertySourceProperties = '{org.springframework.boot.test.context.SpringBootTestContextBootstrapper=true}', contextCustomizers = set[org.springframework.boot.test.context.filter.ExcludeFilterContextCustomizer@38364841, org.springframework.boot.test.json.DuplicateJsonObjectContextCustomizerFactory$DuplicateJsonObjectContextCustomizer@146044d7, org.springframework.boot.test.mock.mockito.MockitoContextCustomizer@0, org.springframework.boot.test.web.client.TestRestTemplateContextCustomizer@f0f2775, org.springframework.boot.test.web.reactive.server.WebTestClientContextCustomizer@351d0846, org.springframework.boot.test.autoconfigure.properties.PropertyMappingContextCustomizer@0, org.springframework.boot.test.autoconfigure.web.servlet.WebDriverContextCustomizerFactory$Customizer@c540f5a], resourceBasePath = 'src/main/webapp', contextLoader = 'org.springframework.boot.test.context.SpringBootContextLoader', parent = [null]], attributes = map['org.springframework.test.context.web.ServletTestExecutionListener.activateListener' -> true]], class annotated with @DirtiesContext [false] with mode [null].
21:05:31.189 [main] DEBUG org.springframework.test.annotation.ProfileValueUtils - Retrieved @ProfileValueSourceConfiguration [null] for test class [com.tmall.server.user.server.service.UserServiceTest]
21:05:31.190 [main] DEBUG org.springframework.test.annotation.ProfileValueUtils - Retrieved ProfileValueSource type [class org.springframework.test.annotation.SystemProfileValueSource] for class [com.tmall.server.user.server.service.UserServiceTest]
21:05:31.213 [main] DEBUG org.springframework.core.env.StandardEnvironment - Adding PropertySource 'systemProperties' with lowest search precedence
21:05:31.214 [main] DEBUG org.springframework.core.env.StandardEnvironment - Adding PropertySource 'systemEnvironment' with lowest search precedence
21:05:31.215 [main] DEBUG org.springframework.core.env.StandardEnvironment - Initialized StandardEnvironment with PropertySources [MapPropertySource@1834361038 {name='systemProperties', properties={java.runtime.name=Java(TM) SE Runtime Environment, sun.boot.library.path=/Library/Java/JavaVirtualMachines/jdk1.8.0_171.jdk/Contents/Home/jre/lib, java.vm.version=25.171-b11, gopherProxySet=false, java.vm.vendor=Oracle Corporation, java.vendor.url=http://java.oracle.com/, path.separator=:, java.vm.name=Java HotSpot(TM) 64-Bit Server VM, file.encoding.pkg=sun.io, user.country=CN, sun.java.launcher=SUN_STANDARD, sun.os.patch.level=unknown, java.vm.specification.name=Java Virtual Machine Specification, user.dir=/Users/joker/Java/oxygen_workspace/tmall_micro/tmall-micro-user/tmall-server-user-server, java.runtime.version=1.8.0_171-b11, basedir=/Users/joker/Java/oxygen_workspace/tmall_micro/tmall-micro-user/tmall-server-user-server, java.awt.graphicsenv=sun.awt.CGraphicsEnvironment, java.endorsed.dirs=/Library/Java/JavaVirtualMachines/jdk1.8.0_171.jdk/Contents/Home/jre/lib/endorsed, os.arch=x86_64, surefire.real.class.path=/Users/joker/Java/oxygen_workspace/tmall_micro/tmall-micro-user/tmall-server-user-server/target/surefire/surefirebooter2742223912198613789.jar, java.io.tmpdir=/var/folders/dn/7154dtvn6hsd1g__t9zng7nm0000gn/T/, line.separator=
, java.vm.specification.vendor=Oracle Corporation, https.proxyHost=localhost, os.name=Mac OS X, sun.jnu.encoding=UTF-8, java.library.path=/Users/joker/Library/Java/Extensions:/Library/Java/Extensions:/Network/Library/Java/Extensions:/System/Library/Java/Extensions:/usr/lib/java:., http.proxyPort=49731, surefire.test.class.path=/Users/joker/Java/oxygen_workspace/tmall_micro/tmall-micro-user/tmall-server-user-server/target/test-classes:/Users/joker/Java/oxygen_workspace/tmall_micro/tmall-micro-user/tmall-server-user-server/target/classes:/Users/joker/Java/oxygen_workspace/tmall_micro/tmall-micro-user/tmall-server-user-service/target/tmall-server-user-service-0.0.1-SNAPSHOT.jar:/Users/joker/Java/oxygen_workspace/tmall_micro/tmall-micro-user/tmall-server-user-dao/target/tmall-server-user-dao-0.0.1-SNAPSHOT.jar:/Users/joker/Java/oxygen_workspace/tmall_micro/tmall-micro-user/tmall-server-user-common/target/tmall-server-user-common-0.0.1-SNAPSHOT.jar:/Users/joker/.m2/repository/org/springframework/boot/spring-boot-starter-test/2.0.1.RELEASE/spring-boot-starter-test-2.0.1.RELEASE.jar:/Users/joker/.m2/repository/org/springframework/boot/spring-boot-starter/2.0.1.RELEASE/spring-boot-starter-2.0.1.RELEASE.jar:/Users/joker/.m2/repository/org/springframework/boot/spring-boot-autoconfigure/2.0.1.RELEASE/spring-boot-autoconfigure-2.0.1.RELEASE.jar:/Users/joker/.m2/repository/org/springframework/boot/spring-boot-starter-logging/2.0.1.RELEASE/spring-boot-starter-logging-2.0.1.RELEASE.jar:/Users/joker/.m2/repository/ch/qos/logback/logback-classic/1.2.3/logback-classic-1.2.3.jar:/Users/joker/.m2/repository/ch/qos/logback/logback-core/1.2.3/logback-core-1.2.3.jar:/Users/joker/.m2/repository/org/apache/logging/log4j/log4j-to-slf4j/2.10.0/log4j-to-slf4j-2.10.0.jar:/Users/joker/.m2/repository/org/apache/logging/log4j/log4j-api/2.10.0/log4j-api-2.10.0.jar:/Users/joker/.m2/repository/org/slf4j/jul-to-slf4j/1.7.25/jul-to-slf4j-1.7.25.jar:/Users/joker/.m2/repository/javax/annotation/javax.annotation-api/1.3.2/javax.annotation-api-1.3.2.jar:/Users/joker/.m2/repository/org/yaml/snakeyaml/1.19/snakeyaml-1.19.jar:/Users/joker/.m2/repository/org/springframework/boot/spring-boot-test/2.0.1.RELEASE/spring-boot-test-2.0.1.RELEASE.jar:/Users/joker/.m2/repository/org/springframework/boot/spring-boot-test-autoconfigure/2.0.1.RELEASE/spring-boot-test-autoconfigure-2.0.1.RELEASE.jar:/Users/joker/.m2/repository/com/jayway/jsonpath/json-path/2.4.0/json-path-2.4.0.jar:/Users/joker/.m2/repository/net/minidev/json-smart/2.3/json-smart-2.3.jar:/Users/joker/.m2/repository/net/minidev/accessors-smart/1.2/accessors-smart-1.2.jar:/Users/joker/.m2/repository/org/assertj/assertj-core/3.9.1/assertj-core-3.9.1.jar:/Users/joker/.m2/repository/org/mockito/mockito-core/2.15.0/mockito-core-2.15.0.jar:/Users/joker/.m2/repository/net/bytebuddy/byte-buddy/1.7.11/byte-buddy-1.7.11.jar:/Users/joker/.m2/repository/net/bytebuddy/byte-buddy-agent/1.7.11/byte-buddy-agent-1.7.11.jar:/Users/joker/.m2/repository/org/objenesis/objenesis/2.6/objenesis-2.6.jar:/Users/joker/.m2/repository/org/hamcrest/hamcrest-core/1.3/hamcrest-core-1.3.jar:/Users/joker/.m2/repository/org/hamcrest/hamcrest-library/1.3/hamcrest-library-1.3.jar:/Users/joker/.m2/repository/org/skyscreamer/jsonassert/1.5.0/jsonassert-1.5.0.jar:/Users/joker/.m2/repository/com/vaadin/external/google/android-json/0.0.20131108.vaadin1/android-json-0.0.20131108.vaadin1.jar:/Users/joker/.m2/repository/org/springframework/spring-core/5.0.5.RELEASE/spring-core-5.0.5.RELEASE.jar:/Users/joker/.m2/repository/org/springframework/spring-jcl/5.0.5.RELEASE/spring-jcl-5.0.5.RELEASE.jar:/Users/joker/.m2/repository/org/xmlunit/xmlunit-core/2.5.1/xmlunit-core-2.5.1.jar:/Users/joker/.m2/repository/org/springframework/spring-jdbc/5.0.5.RELEASE/spring-jdbc-5.0.5.RELEASE.jar:/Users/joker/.m2/repository/org/springframework/spring-beans/5.0.5.RELEASE/spring-beans-5.0.5.RELEASE.jar:/Users/joker/.m2/repository/org/springframework/spring-tx/5.0.5.RELEASE/spring-tx-5.0.5.RELEASE.jar:/Users/joker/.m2/repository/com/alibaba/druid/1.0.9/druid-1.0.9.jar:/Library/Java/JavaVirtualMachines/jdk1.8.0_171.jdk/Contents/Home/jre/../lib/jconsole.jar:/Library/Java/JavaVirtualMachines/jdk1.8.0_171.jdk/Contents/Home/jre/../lib/tools.jar:/Users/joker/.m2/repository/mysql/mysql-connector-java/5.1.46/mysql-connector-java-5.1.46.jar:/Users/joker/.m2/repository/org/springframework/boot/spring-boot-starter-web/2.0.1.RELEASE/spring-boot-starter-web-2.0.1.RELEASE.jar:/Users/joker/.m2/repository/org/springframework/boot/spring-boot-starter-json/2.0.1.RELEASE/spring-boot-starter-json-2.0.1.RELEASE.jar:/Users/joker/.m2/repository/com/fasterxml/jackson/datatype/jackson-datatype-jdk8/2.9.3/jackson-datatype-jdk8-2.9.3.jar:/Users/joker/.m2/repository/com/fasterxml/jackson/datatype/jackson-datatype-jsr310/2.9.3/jackson-datatype-jsr310-2.9.3.jar:/Users/joker/.m2/repository/com/fasterxml/jackson/module/jackson-module-parameter-names/2.9.3/jackson-module-parameter-names-2.9.3.jar:/Users/joker/.m2/repository/org/springframework/boot/spring-boot-starter-tomcat/2.0.1.RELEASE/spring-boot-starter-tomcat-2.0.1.RELEASE.jar:/Users/joker/.m2/repository/org/apache/tomcat/embed/tomcat-embed-core/8.5.29/tomcat-embed-core-8.5.29.jar:/Users/joker/.m2/repository/org/apache/tomcat/embed/tomcat-embed-el/8.5.29/tomcat-embed-el-8.5.29.jar:/Users/joker/.m2/repository/org/apache/tomcat/embed/tomcat-embed-websocket/8.5.29/tomcat-embed-websocket-8.5.29.jar:/Users/joker/.m2/repository/org/hibernate/validator/hibernate-validator/6.0.9.Final/hibernate-validator-6.0.9.Final.jar:/Users/joker/.m2/repository/org/jboss/logging/jboss-logging/3.3.2.Final/jboss-logging-3.3.2.Final.jar:/Users/joker/.m2/repository/com/fasterxml/classmate/1.3.4/classmate-1.3.4.jar:/Users/joker/.m2/repository/org/springframework/spring-web/5.0.5.RELEASE/spring-web-5.0.5.RELEASE.jar:/Users/joker/.m2/repository/org/springframework/spring-webmvc/5.0.5.RELEASE/spring-webmvc-5.0.5.RELEASE.jar:/Users/joker/.m2/repository/org/springframework/spring-aop/5.0.5.RELEASE/spring-aop-5.0.5.RELEASE.jar:/Users/joker/.m2/repository/org/springframework/spring-expression/5.0.5.RELEASE/spring-expression-5.0.5.RELEASE.jar:/Users/joker/.m2/repository/org/springframework/cloud/spring-cloud-starter-eureka/1.4.4.RELEASE/spring-cloud-starter-eureka-1.4.4.RELEASE.jar:/Users/joker/.m2/repository/org/springframework/cloud/spring-cloud-starter-netflix-eureka-client/2.0.0.RC1/spring-cloud-starter-netflix-eureka-client-2.0.0.RC1.jar:/Users/joker/.m2/repository/org/springframework/cloud/spring-cloud-starter/2.0.0.RC1/spring-cloud-starter-2.0.0.RC1.jar:/Users/joker/.m2/repository/org/springframework/cloud/spring-cloud-context/2.0.0.RC1/spring-cloud-context-2.0.0.RC1.jar:/Users/joker/.m2/repository/org/springframework/security/spring-security-crypto/5.0.4.RELEASE/spring-security-crypto-5.0.4.RELEASE.jar:/Users/joker/.m2/repository/org/springframework/cloud/spring-cloud-commons/2.0.0.RC1/spring-cloud-commons-2.0.0.RC1.jar:/Users/joker/.m2/repository/org/springframework/security/spring-security-rsa/1.0.5.RELEASE/spring-security-rsa-1.0.5.RELEASE.jar:/Users/joker/.m2/repository/org/bouncycastle/bcpkix-jdk15on/1.56/bcpkix-jdk15on-1.56.jar:/Users/joker/.m2/repository/org/bouncycastle/bcprov-jdk15on/1.56/bcprov-jdk15on-1.56.jar:/Users/joker/.m2/repository/org/springframework/cloud/spring-cloud-netflix-core/2.0.0.RC1/spring-cloud-netflix-core-2.0.0.RC1.jar:/Users/joker/.m2/repository/org/springframework/boot/spring-boot-starter-aop/2.0.1.RELEASE/spring-boot-starter-aop-2.0.1.RELEASE.jar:/Users/joker/.m2/repository/org/springframework/cloud/spring-cloud-netflix-eureka-client/2.0.0.RC1/spring-cloud-netflix-eureka-client-2.0.0.RC1.jar:/Users/joker/.m2/repository/com/netflix/eureka/eureka-client/1.8.8/eureka-client-1.8.8.jar:/Users/joker/.m2/repository/org/codehaus/jettison/jettison/1.3.7/jettison-1.3.7.jar:/Users/joker/.m2/repository/stax/stax-api/1.0.1/stax-api-1.0.1.jar:/Users/joker/.m2/repository/com/netflix/netflix-commons/netflix-eventbus/0.3.0/netflix-eventbus-0.3.0.jar:/Users/joker/.m2/repository/com/netflix/netflix-commons/netflix-infix/0.3.0/netflix-infix-0.3.0.jar:/Users/joker/.m2/repository/commons-jxpath/commons-jxpath/1.3/commons-jxpath-1.3.jar:/Users/joker/.m2/repository/joda-time/joda-time/2.9.9/joda-time-2.9.9.jar:/Users/joker/.m2/repository/org/antlr/antlr-runtime/3.4/antlr-runtime-3.4.jar:/Users/joker/.m2/repository/org/antlr/stringtemplate/3.2.1/stringtemplate-3.2.1.jar:/Users/joker/.m2/repository/antlr/antlr/2.7.7/antlr-2.7.7.jar:/Users/joker/.m2/repository/org/apache/commons/commons-math/2.2/commons-math-2.2.jar:/Users/joker/.m2/repository/javax/ws/rs/jsr311-api/1.1.1/jsr311-api-1.1.1.jar:/Users/joker/.m2/repository/com/netflix/servo/servo-core/0.10.1/servo-core-0.10.1.jar:/Users/joker/.m2/repository/com/netflix/servo/servo-internal/0.10.1/servo-internal-0.10.1.jar:/Users/joker/.m2/repository/com/sun/jersey/jersey-core/1.19.1/jersey-core-1.19.1.jar:/Users/joker/.m2/repository/com/sun/jersey/jersey-client/1.19.1/jersey-client-1.19.1.jar:/Users/joker/.m2/repository/com/sun/jersey/contribs/jersey-apache-client4/1.19.1/jersey-apache-client4-1.19.1.jar:/Users/joker/.m2/repository/com/google/inject/guice/4.1.0/guice-4.1.0.jar:/Users/joker/.m2/repository/javax/inject/javax.inject/1/javax.inject-1.jar:/Users/joker/.m2/repository/aopalliance/aopalliance/1.0/aopalliance-1.0.jar:/Users/joker/.m2/repository/com/github/vlsi/compactmap/compactmap/1.2.1/compactmap-1.2.1.jar:/Users/joker/.m2/repository/com/github/andrewoma/dexx/dexx-collections/0.2/dexx-collections-0.2.jar:/Users/joker/.m2/repository/com/netflix/eureka/eureka-core/1.8.8/eureka-core-1.8.8.jar:/Users/joker/.m2/repository/org/codehaus/woodstox/woodstox-core-asl/4.4.1/woodstox-core-asl-4.4.1.jar:/Users/joker/.m2/repository/javax/xml/stream/stax-api/1.0-2/stax-api-1.0-2.jar:/Users/joker/.m2/repository/org/codehaus/woodstox/stax2-api/3.1.4/stax2-api-3.1.4.jar:/Users/joker/.m2/repository/org/springframework/cloud/spring-cloud-starter-netflix-archaius/2.0.0.RC1/spring-cloud-starter-netflix-archaius-2.0.0.RC1.jar:/Users/joker/.m2/repository/org/springframework/cloud/spring-cloud-netflix-archaius/2.0.0.RC1/spring-cloud-netflix-archaius-2.0.0.RC1.jar:/Users/joker/.m2/repository/org/springframework/cloud/spring-cloud-starter-netflix-ribbon/2.0.0.RC1/spring-cloud-starter-netflix-ribbon-2.0.0.RC1.jar:/Users/joker/.m2/repository/com/netflix/ribbon/ribbon/2.2.5/ribbon-2.2.5.jar:/Users/joker/.m2/repository/com/netflix/ribbon/ribbon-transport/2.2.5/ribbon-transport-2.2.5.jar:/Users/joker/.m2/repository/io/reactivex/rxnetty-contexts/0.4.9/rxnetty-contexts-0.4.9.jar:/Users/joker/.m2/repository/io/reactivex/rxnetty-servo/0.4.9/rxnetty-servo-0.4.9.jar:/Users/joker/.m2/repository/io/reactivex/rxnetty/0.4.9/rxnetty-0.4.9.jar:/Users/joker/.m2/repository/com/netflix/ribbon/ribbon-core/2.2.5/ribbon-core-2.2.5.jar:/Users/joker/.m2/repository/com/netflix/ribbon/ribbon-httpclient/2.2.5/ribbon-httpclient-2.2.5.jar:/Users/joker/.m2/repository/com/netflix/netflix-commons/netflix-commons-util/0.3.0/netflix-commons-util-0.3.0.jar:/Users/joker/.m2/repository/com/netflix/ribbon/ribbon-loadbalancer/2.2.5/ribbon-loadbalancer-2.2.5.jar:/Users/joker/.m2/repository/com/netflix/netflix-commons/netflix-statistics/0.1.1/netflix-statistics-0.1.1.jar:/Users/joker/.m2/repository/com/netflix/ribbon/ribbon-eureka/2.2.5/ribbon-eureka-2.2.5.jar:/Users/joker/.m2/repository/com/thoughtworks/xstream/xstream/1.4.10/xstream-1.4.10.jar:/Users/joker/.m2/repository/xmlpull/xmlpull/1.1.3.1/xmlpull-1.1.3.1.jar:/Users/joker/.m2/repository/xpp3/xpp3_min/1.1.4c/xpp3_min-1.1.4c.jar:/Users/joker/.m2/repository/org/freemarker/freemarker/2.3.28/freemarker-2.3.28.jar:/Users/joker/.m2/repository/org/springframework/spring-context-support/5.0.5.RELEASE/spring-context-support-5.0.5.RELEASE.jar:/Users/joker/.m2/repository/org/springframework/spring-context/5.0.5.RELEASE/spring-context-5.0.5.RELEASE.jar:/Users/joker/.m2/repository/com/rabbitmq/amqp-client/5.1.2/amqp-client-5.1.2.jar:/Users/joker/.m2/repository/org/springframework/amqp/spring-rabbit/2.0.3.RELEASE/spring-rabbit-2.0.3.RELEASE.jar:/Users/joker/.m2/repository/org/springframework/amqp/spring-amqp/2.0.3.RELEASE/spring-amqp-2.0.3.RELEASE.jar:/Users/joker/.m2/repository/com/rabbitmq/http-client/2.0.1.RELEASE/http-client-2.0.1.RELEASE.jar:/Users/joker/.m2/repository/org/springframework/spring-webflux/5.0.5.RELEASE/spring-webflux-5.0.5.RELEASE.jar:/Users/joker/.m2/repository/io/projectreactor/reactor-core/3.1.6.RELEASE/reactor-core-3.1.6.RELEASE.jar:/Users/joker/.m2/repository/org/apache/httpcomponents/httpclient/4.5.5/httpclient-4.5.5.jar:/Users/joker/.m2/repository/org/apache/httpcomponents/httpcore/4.4.9/httpcore-4.4.9.jar:/Users/joker/.m2/repository/commons-codec/commons-codec/1.11/commons-codec-1.11.jar:/Users/joker/.m2/repository/io/projectreactor/ipc/reactor-netty/0.7.6.RELEASE/reactor-netty-0.7.6.RELEASE.jar:/Users/joker/.m2/repository/io/netty/netty-codec-http/4.1.23.Final/netty-codec-http-4.1.23.Final.jar:/Users/joker/.m2/repository/io/netty/netty-codec/4.1.23.Final/netty-codec-4.1.23.Final.jar:/Users/joker/.m2/repository/io/netty/netty-handler/4.1.23.Final/netty-handler-4.1.23.Final.jar:/Users/joker/.m2/repository/io/netty/netty-buffer/4.1.23.Final/netty-buffer-4.1.23.Final.jar:/Users/joker/.m2/repository/io/netty/netty-transport/4.1.23.Final/netty-transport-4.1.23.Final.jar:/Users/joker/.m2/repository/io/netty/netty-resolver/4.1.23.Final/netty-resolver-4.1.23.Final.jar:/Users/joker/.m2/repository/io/netty/netty-handler-proxy/4.1.23.Final/netty-handler-proxy-4.1.23.Final.jar:/Users/joker/.m2/repository/io/netty/netty-codec-socks/4.1.23.Final/netty-codec-socks-4.1.23.Final.jar:/Users/joker/.m2/repository/io/netty/netty-transport-native-epoll/4.1.23.Final/netty-transport-native-epoll-4.1.23.Final.jar:/Users/joker/.m2/repository/io/netty/netty-common/4.1.23.Final/netty-common-4.1.23.Final.jar:/Users/joker/.m2/repository/io/netty/netty-transport-native-unix-common/4.1.23.Final/netty-transport-native-unix-common-4.1.23.Final.jar:/Users/joker/.m2/repository/org/springframework/spring-messaging/5.0.5.RELEASE/spring-messaging-5.0.5.RELEASE.jar:/Users/joker/.m2/repository/org/springframework/retry/spring-retry/1.2.2.RELEASE/spring-retry-1.2.2.RELEASE.jar:/Users/joker/.m2/repository/org/springframework/cloud/spring-cloud-starter-hystrix/1.4.4.RELEASE/spring-cloud-starter-hystrix-1.4.4.RELEASE.jar:/Users/joker/.m2/repository/org/springframework/cloud/spring-cloud-starter-netflix-hystrix/2.0.0.RC1/spring-cloud-starter-netflix-hystrix-2.0.0.RC1.jar:/Users/joker/.m2/repository/org/springframework/cloud/spring-cloud-netflix-ribbon/2.0.0.RC1/spring-cloud-netflix-ribbon-2.0.0.RC1.jar:/Users/joker/.m2/repository/com/netflix/hystrix/hystrix-serialization/1.5.12/hystrix-serialization-1.5.12.jar:/Users/joker/.m2/repository/com/fasterxml/jackson/module/jackson-module-afterburner/2.9.3/jackson-module-afterburner-2.9.3.jar:/Users/joker/.m2/repository/com/netflix/hystrix/hystrix-metrics-event-stream/1.5.12/hystrix-metrics-event-stream-1.5.12.jar:/Users/joker/.m2/repository/com/netflix/hystrix/hystrix-javanica/1.5.12/hystrix-javanica-1.5.12.jar:/Users/joker/.m2/repository/org/ow2/asm/asm/5.0.4/asm-5.0.4.jar:/Users/joker/.m2/repository/org/aspectj/aspectjweaver/1.8.13/aspectjweaver-1.8.13.jar:/Users/joker/.m2/repository/io/reactivex/rxjava-reactive-streams/1.2.1/rxjava-reactive-streams-1.2.1.jar:/Users/joker/.m2/repository/org/reactivestreams/reactive-streams/1.0.2/reactive-streams-1.0.2.jar:/Users/joker/.m2/repository/com/netflix/archaius/archaius-core/0.7.6/archaius-core-0.7.6.jar:/Users/joker/.m2/repository/com/google/code/findbugs/jsr305/3.0.1/jsr305-3.0.1.jar:/Users/joker/.m2/repository/commons-configuration/commons-configuration/1.8/commons-configuration-1.8.jar:/Users/joker/.m2/repository/commons-lang/commons-lang/2.6/commons-lang-2.6.jar:/Users/joker/.m2/repository/com/google/guava/guava/16.0/guava-16.0.jar:/Users/joker/.m2/repository/com/fasterxml/jackson/core/jackson-annotations/2.9.0/jackson-annotations-2.9.0.jar:/Users/joker/.m2/repository/junit/junit/4.12/junit-4.12.jar:/Users/joker/.m2/repository/org/projectlombok/lombok/1.16.20/lombok-1.16.20.jar:/Users/joker/.m2/repository/com/rebuildtmall/tmall-micro-common/0.0.1-SNAPSHOT/tmall-micro-common-0.0.1-SNAPSHOT.jar:/Users/joker/.m2/repository/com/joker/library/0.0.2-SNAPSHOT/library-0.0.2-SNAPSHOT.jar:/Users/joker/.m2/repository/commons-net/commons-net/3.6/commons-net-3.6.jar:/Users/joker/.m2/repository/org/apache/commons/commons-lang3/3.7/commons-lang3-3.7.jar:/Users/joker/.m2/repository/com/sun/mail/javax.mail/1.6.1/javax.mail-1.6.1.jar:/Users/joker/.m2/repository/javax/activation/activation/1.1/activation-1.1.jar:/Users/joker/.m2/repository/javax/mail/mail/1.4.7/mail-1.4.7.jar:/Users/joker/.m2/repository/io/github/openfeign/feign-core/9.5.1/feign-core-9.5.1.jar:/Users/joker/.m2/repository/com/netflix/hystrix/hystrix-core/1.5.12/hystrix-core-1.5.12.jar:/Users/joker/.m2/repository/io/reactivex/rxjava/1.3.8/rxjava-1.3.8.jar:/Users/joker/.m2/repository/org/hdrhistogram/HdrHistogram/2.1.9/HdrHistogram-2.1.9.jar:/Users/joker/.m2/repository/org/springframework/boot/spring-boot/2.0.1.RELEASE/spring-boot-2.0.1.RELEASE.jar:/Users/joker/.m2/repository/io/jsonwebtoken/jjwt/0.9.1/jjwt-0.9.1.jar:/Users/joker/.m2/repository/com/google/code/gson/gson/2.8.2/gson-2.8.2.jar:/Users/joker/.m2/repository/net/sf/json-lib/json-lib/2.4/json-lib-2.4-jdk15.jar:/Users/joker/.m2/repository/commons-beanutils/commons-beanutils/1.8.0/commons-beanutils-1.8.0.jar:/Users/joker/.m2/repository/commons-collections/commons-collections/3.2.1/commons-collections-3.2.1.jar:/Users/joker/.m2/repository/net/sf/ezmorph/ezmorph/1.0.6/ezmorph-1.0.6.jar:/Users/joker/.m2/repository/redis/clients/jedis/2.9.0/jedis-2.9.0.jar:/Users/joker/.m2/repository/org/apache/commons/commons-pool2/2.5.0/commons-pool2-2.5.0.jar:/Users/joker/.m2/repository/commons-io/commons-io/2.4/commons-io-2.4.jar:/Users/joker/.m2/repository/org/slf4j/slf4j-api/1.7.25/slf4j-api-1.7.25.jar:/Users/joker/.m2/repository/log4j/log4j/1.2.17/log4j-1.2.17.jar:/Users/joker/.m2/repository/javax/validation/validation-api/2.0.1.Final/validation-api-2.0.1.Final.jar:/Users/joker/.m2/repository/commons-dbutils/commons-dbutils/1.6/commons-dbutils-1.6.jar:/Users/joker/.m2/repository/com/fasterxml/jackson/core/jackson-core/2.9.3/jackson-core-2.9.3.jar:/Users/joker/.m2/repository/com/fasterxml/jackson/core/jackson-databind/2.9.3/jackson-databind-2.9.3.jar:/Users/joker/.m2/repository/org/springframework/spring-test/5.0.5.RELEASE/spring-test-5.0.5.RELEASE.jar:/Users/joker/.m2/repository/org/mybatis/mybatis-spring/1.3.0/mybatis-spring-1.3.0.jar:/Users/joker/.m2/repository/org/mybatis/mybatis/3.4.1/mybatis-3.4.1.jar:, java.specification.name=Java Platform API Specification, java.class.version=52.0, sun.management.compiler=HotSpot 64-Bit Tiered Compilers, os.version=10.13.4, user.home=/Users/joker, user.timezone=Asia/Shanghai, java.awt.printerjob=sun.lwawt.macosx.CPrinterJob, file.encoding=UTF-8, java.specification.version=1.8, java.class.path=/Users/joker/Java/oxygen_workspace/tmall_micro/tmall-micro-user/tmall-server-user-server/target/test-classes:/Users/joker/Java/oxygen_workspace/tmall_micro/tmall-micro-user/tmall-server-user-server/target/classes:/Users/joker/Java/oxygen_workspace/tmall_micro/tmall-micro-user/tmall-server-user-service/target/tmall-server-user-service-0.0.1-SNAPSHOT.jar:/Users/joker/Java/oxygen_workspace/tmall_micro/tmall-micro-user/tmall-server-user-dao/target/tmall-server-user-dao-0.0.1-SNAPSHOT.jar:/Users/joker/Java/oxygen_workspace/tmall_micro/tmall-micro-user/tmall-server-user-common/target/tmall-server-user-common-0.0.1-SNAPSHOT.jar:/User
[...]
	at org.springframework.beans.factory.support.DefaultListableBeanFactory.resolveDependency(DefaultListableBeanFactory.java:1065) ~[spring-beans-5.0.5.RELEASE.jar:5.0.5.RELEASE]
	at org.springframework.beans.factory.annotation.AutowiredAnnotationBeanPostProcessor$AutowiredFieldElement.inject(AutowiredAnnotationBeanPostProcessor.java:584) ~[spring-beans-5.0.5.RELEASE.jar:5.0.5.RELEASE]
	... 58 common frames omitted
Caused by: org.springframework.beans.BeanInstantiationException: Failed to instantiate [com.tmall.common.db.factory.MySQLExtentionFactoryBean]: Factory method 'mySQLExtentionFactoryBean' threw exception; nested exception is java.lang.NullPointerException
	at org.springframework.beans.factory.support.SimpleInstantiationStrategy.instantiate(SimpleInstantiationStrategy.java:185) ~[spring-beans-5.0.5.RELEASE.jar:5.0.5.RELEASE]
	at org.springframework.beans.factory.support.ConstructorResolver.instantiateUsingFactoryMethod(ConstructorResolver.java:579) ~[spring-beans-5.0.5.RELEASE.jar:5.0.5.RELEASE]
	... 70 common frames omitted
Caused by: java.lang.NullPointerException: null
	at com.tmall.common.db.MySQLExtentionSupport.config(MySQLExtentionSupport.java:35) ~[tmall-micro-common-0.0.1-SNAPSHOT.jar:na]
	at com.tmall.common.db.AbstractMySQLExtention.config(AbstractMySQLExtention.java:30) ~[tmall-micro-common-0.0.1-SNAPSHOT.jar:na]
	at com.tmall.server.user.server.config.UserAppServerConfiguration.mySQLExtentionFactoryBean(UserAppServerConfiguration.java:91) ~[classes/:na]
	at com.tmall.server.user.server.config.UserAppServerConfiguration$$EnhancerBySpringCGLIB$$b4d750ab.CGLIB$mySQLExtentionFactoryBean$3(<generated>) ~[classes/:na]
	at com.tmall.server.user.server.config.UserAppServerConfiguration$$EnhancerBySpringCGLIB$$b4d750ab$$FastClassBySpringCGLIB$$fbd13691.invoke(<generated>) ~[classes/:na]
	at org.springframework.cglib.proxy.MethodProxy.invokeSuper(MethodProxy.java:228) ~[spring-core-5.0.5.RELEASE.jar:5.0.5.RELEASE]
	at org.springframework.context.annotation.ConfigurationClassEnhancer$BeanMethodInterceptor.intercept(ConfigurationClassEnhancer.java:361) ~[spring-context-5.0.5.RELEASE.jar:5.0.5.RELEASE]
	at com.tmall.server.user.server.config.UserAppServerConfiguration$$EnhancerBySpringCGLIB$$b4d750ab.mySQLExtentionFactoryBean(<generated>) ~[classes/:na]
	at sun.reflect.NativeMethodAccessorImpl.invoke0(Native Method) ~[na:1.8.0_171]
	at sun.reflect.NativeMethodAccessorImpl.invoke(NativeMethodAccessorImpl.java:62) ~[na:1.8.0_171]
	at sun.reflect.DelegatingMethodAccessorImpl.invoke(DelegatingMethodAccessorImpl.java:43) ~[na:1.8.0_171]
	at java.lang.reflect.Method.invoke(Method.java:498) ~[na:1.8.0_171]
	at org.springframework.beans.factory.support.SimpleInstantiationStrategy.instantiate(SimpleInstantiationStrategy.java:154) ~[spring-beans-5.0.5.RELEASE.jar:5.0.5.RELEASE]
	... 71 common frames omitted

2018-08-28 21:05:34.035 ERROR 2926 --- [           main] o.s.test.context.TestContextManager      : Caught exception while allowing TestExecutionListener [org.springframework.test.context.web.ServletTestExecutionListener@5b38c1ec] to prepare test instance [com.tmall.server.user.server.service.UserServiceTest@5e1fc42f]

java.lang.IllegalStateException: Failed to load ApplicationContext
	at org.springframework.test.context.cache.DefaultCacheAwareContextLoaderDelegate.loadContext(DefaultCacheAwareContextLoaderDelegate.java:125) ~[spring-test-5.0.5.RELEASE.jar:5.0.5.RELEASE]
	at org.springframework.test.context.support.DefaultTestContext.getApplicationContext(DefaultTestContext.java:108) ~[spring-test-5.0.5.RELEASE.jar:5.0.5.RELEASE]
	at org.springframework.test.context.web.ServletTestExecutionListener.setUpRequestContextIfNecessary(ServletTestExecutionListener.java:190) ~[spring-test-5.0.5.RELEASE.jar:5.0.5.RELEASE]
	at org.springframework.test.context.web.ServletTestExecutionListener.prepareTestInstance(ServletTestExecutionListener.java:132) ~[spring-test-5.0.5.RELEASE.jar:5.0.5.RELEASE]
	at org.springframework.test.context.TestContextManager.prepareTestInstance(TestContextManager.java:246) ~[spring-test-5.0.5.RELEASE.jar:5.0.5.RELEASE]
	at org.springframework.test.context.junit4.SpringJUnit4ClassRunner.createTest(SpringJUnit4ClassRunner.java:227) [spring-test-5.0.5.RELEASE.jar:5.0.5.RELEASE]
	at org.springframework.test.context.junit4.SpringJUnit4ClassRunner$1.runReflectiveCall(SpringJUnit4ClassRunner.java:289) [spring-test-5.0.5.RELEASE.jar:5.0.5.RELEASE]
	at org.junit.internal.runners.model.ReflectiveCallable.run(ReflectiveCallable.java:12) [junit-4.12.jar:4.12]
	at org.springframework.test.context.junit4.SpringJUnit4ClassRunner.methodBlock(SpringJUnit4ClassRunner.java:291) [spring-test-5.0.5.RELEASE.jar:5.0.5.RELEASE]
	at org.springframework.test.context.junit4.SpringJUnit4ClassRunner.runChild(SpringJUnit4ClassRunner.java:246) [spring-test-5.0.5.RELEASE.jar:5.0.5.RELEASE]
	at org.springframework.test.context.junit4.SpringJUnit4ClassRunner.runChild(SpringJUnit4ClassRunner.java:97) [spring-test-5.0.5.RELEASE.jar:5.0.5.RELEASE]
	at org.junit.runners.ParentRunner$3.run(ParentRunner.java:290) [junit-4.12.jar:4.12]
	at org.junit.runners.ParentRunner$1.schedule(ParentRunner.java:71) [junit-4.12.jar:4.12]
	at org.junit.runners.ParentRunner.runChildren(ParentRunner.java:288) [junit-4.12.jar:4.12]
	at org.junit.runners.ParentRunner.access$000(ParentRunner.java:58) [junit-4.12.jar:4.12]
	at org.junit.runners.ParentRunner$2.evaluate(ParentRunner.java:268) [junit-4.12.jar:4.12]
	at org.springframework.test.context.junit4.statements.RunBeforeTestClassCallbacks.evaluate(RunBeforeTestClassCallbacks.java:61) [spring-test-5.0.5.RELEASE.jar:5.0.5.RELEASE]
	at org.springframework.test.context.junit4.statements.RunAfterTestClassCallbacks.evaluate(RunAfterTestClassCallbacks.java:70) [spring-test-5.0.5.RELEASE.jar:5.0.5.RELEASE]
	at org.junit.runners.ParentRunner.run(ParentRunner.java:363) [junit-4.12.jar:4.12]
	at org.springframework.test.context.junit4.SpringJUnit4ClassRunner.run(SpringJUnit4ClassRunner.java:190) [spring-test-5.0.5.RELEASE.jar:5.0.5.RELEASE]
	at org.apache.maven.surefire.junit4.JUnit4Provider.execute(JUnit4Provider.java:365) [surefire-junit4-2.21.0.jar:2.21.0]
	at org.apache.maven.surefire.junit4.JUnit4Provider.executeWithRerun(JUnit4Provider.java:273) [surefire-junit4-2.21.0.jar:2.21.0]
	at org.apache.maven.surefire.junit4.JUnit4Provider.executeTestSet(JUnit4Provider.java:238) [surefire-junit4-2.21.0.jar:2.21.0]
	at org.apache.maven.surefire.junit4.JUnit4Provider.invoke(JUnit4Provider.java:159) [surefire-junit4-2.21.0.jar:2.21.0]
	at org.apache.maven.surefire.booter.ForkedBooter.invokeProviderInSameClassLoader(ForkedBooter.java:379) [surefire-booter-2.21.0.jar:2.21.0]
	at org.apache.maven.surefire.booter.ForkedBooter.runSuitesInProcess(ForkedBooter.java:340) [surefire-booter-2.21.0.jar:2.21.0]
	at org.apache.maven.surefire.booter.ForkedBooter.execute(ForkedBooter.java:125) [surefire-booter-2.21.0.jar:2.21.0]
	at org.apache.maven.surefire.booter.ForkedBooter.main(ForkedBooter.java:413) [surefire-booter-2.21.0.jar:2.21.0]
Caused by: org.springframework.beans.factory.UnsatisfiedDependencyException: Error creating bean with name 'userServerAPIController': Unsatisfied dependency expressed through field 'userService'; nested exception is org.springframework.beans.factory.UnsatisfiedDependencyException: Error creating bean with name 'userServiceImpl': Unsatisfied dependency expressed through field 'mySQLExtention'; nested exception is org.springframework.beans.factory.BeanCreationException: Error creating bean with name 'mySQLExtentionFactoryBean' defined in class path resource [com/tmall/server/user/server/config/UserAppServerConfiguration.class]: Bean instantiation via factory method failed; nested exception is org.springframework.beans.BeanInstantiationException: Failed to instantiate [com.tmall.common.db.factory.MySQLExtentionFactoryBean]: Factory method 'mySQLExtentionFactoryBean' threw exception; nested exception is java.lang.NullPointerException
	at org.springframework.beans.factory.annotation.AutowiredAnnotationBeanPostProcessor$AutowiredFieldElement.inject(AutowiredAnnotationBeanPostProcessor.java:587) ~[spring-beans-5.0.5.RELEASE.jar:5.0.5.RELEASE]
	at org.springframework.beans.factory.annotation.InjectionMetadata.inject(InjectionMetadata.java:91) ~[spring-beans-5.0.5.RELEASE.jar:5.0.5.RELEASE]
	at org.springframework.beans.factory.annotation.AutowiredAnnotationBeanPostProcessor.postProcessPropertyValues(AutowiredAnnotationBeanPostProcessor.java:373) ~[spring-beans-5.0.5.RELEASE.jar:5.0.5.RELEASE]
	at org.springframework.beans.factory.support.AbstractAutowireCapableBeanFactory.populateBean(AbstractAutowireCapableBeanFactory.java:1344) ~[spring-beans-5.0.5.RELEASE.jar:5.0.5.RELEASE]
	at org.springframework.beans.factory.support.AbstractAutowireCapableBeanFactory.doCreateBean(AbstractAutowireCapableBeanFactory.java:578) ~[spring-beans-5.0.5.RELEASE.jar:5.0.5.RELEASE]
	at org.springframework.beans.factory.support.AbstractAutowireCapableBeanFactory.createBean(AbstractAutowireCapableBeanFactory.java:501) ~[spring-beans-5.0.5.RELEASE.jar:5.0.5.RELEASE]
	at org.springframework.beans.factory.support.AbstractBeanFactory.lambda$doGetBean$0(AbstractBeanFactory.java:317) ~[spring-beans-5.0.5.RELEASE.jar:5.0.5.RELEASE]
	at org.springframework.beans.factory.support.DefaultSingletonBeanRegistry.getSingleton(DefaultSingletonBeanRegistry.java:228) ~[spring-beans-5.0.5.RELEASE.jar:5.0.5.RELEASE]
	at org.springframework.beans.factory.support.AbstractBeanFactory.doGetBean(AbstractBeanFactory.java:315) ~[spring-beans-5.0.5.RELEASE.jar:5.0.5.RELEASE]
	at org.springframework.beans.factory.support.AbstractBeanFactory.getBean(AbstractBeanFactory.java:199) ~[spring-beans-5.0.5.RELEASE.jar:5.0.5.RELEASE]
	at org.springframework.beans.factory.support.DefaultListableBeanFactory.preInstantiateSingletons(DefaultListableBeanFactory.java:760) ~[spring-beans-5.0.5.RELEASE.jar:5.0.5.RELEASE]
	at org.springframework.context.support.AbstractApplicationContext.finishBeanFactoryInitialization(AbstractApplicationContext.java:869) ~[spring-context-5.0.5.RELEASE.jar:5.0.5.RELEASE]
	at org.springframework.context.support.AbstractApplicationContext.refresh(AbstractApplicationContext.java:550) ~[spring-context-5.0.5.RELEASE.jar:5.0.5.RELEASE]
	at org.springframework.boot.SpringApplication.refresh(SpringApplication.java:759) ~[spring-boot-2.0.1.RELEASE.jar:2.0.1.RELEASE]
	at org.springframework.boot.SpringApplication.refreshContext(SpringApplication.java:395) ~[spring-boot-2.0.1.RELEASE.jar:2.0.1.RELEASE]
	at org.springframework.boot.SpringApplication.run(SpringApplication.java:327) ~[spring-boot-2.0.1.RELEASE.jar:2.0.1.RELEASE]
	at org.springframework.boot.test.context.SpringBootContextLoader.loadContext(SpringBootContextLoader.java:138) ~[spring-boot-test-2.0.1.RELEASE.jar:2.0.1.RELEASE]
	at org.springframework.test.context.cache.DefaultCacheAwareContextLoaderDelegate.loadContextInternal(DefaultCacheAwareContextLoaderDelegate.java:99) ~[spring-test-5.0.5.RELEASE.jar:5.0.5.RELEASE]
	at org.springframework.test.context.cache.DefaultCacheAwareContextLoaderDelegate.loadContext(DefaultCacheAwareContextLoaderDelegate.java:117) ~[spring-test-5.0.5.RELEASE.jar:5.0.5.RELEASE]
	... 27 common frames omitted
Caused by: org.springframework.beans.factory.UnsatisfiedDependencyException: Error creating bean with name 'userServiceImpl': Unsatisfied dependency expressed through field 'mySQLExtention'; nested exception is org.springframework.beans.factory.BeanCreationException: Error creating bean with name 'mySQLExtentionFactoryBean' defined in class path resource [com/tmall/server/user/server/config/UserAppServerConfiguration.class]: Bean instantiation via factory method failed; nested exception is org.springframework.beans.BeanInstantiationException: Failed to instantiate [com.tmall.common.db.factory.MySQLExtentionFactoryBean]: Factory method 'mySQLExtentionFactoryBean' threw exception; nested exception is java.lang.NullPointerException
	at org.springframework.beans.factory.annotation.AutowiredAnnotationBeanPostProcessor$AutowiredFieldElement.inject(AutowiredAnnotationBeanPostProcessor.java:587) ~[spring-beans-5.0.5.RELEASE.jar:5.0.5.RELEASE]
	at org.springframework.beans.factory.annotation.InjectionMetadata.inject(InjectionMetadata.java:91) ~[spring-beans-5.0.5.RELEASE.jar:5.0.5.RELEASE]
	at org.springframework.beans.factory.annotation.AutowiredAnnotationBeanPostProcessor.postProcessPropertyValues(AutowiredAnnotationBeanPostProcessor.java:373) ~[spring-beans-5.0.5.RELEASE.jar:5.0.5.RELEASE]
	at org.springframework.beans.factory.support.AbstractAutowireCapableBeanFactory.populateBean(AbstractAutowireCapableBeanFactory.java:1344) ~[spring-beans-5.0.5.RELEASE.jar:5.0.5.RELEASE]
	at org.springframework.beans.factory.support.AbstractAutowireCapableBeanFactory.doCreateBean(AbstractAutowireCapableBeanFactory.java:578) ~[spring-beans-5.0.5.RELEASE.jar:5.0.5.RELEASE]
	at org.springframework.beans.factory.support.AbstractAutowireCapableBeanFactory.createBean(AbstractAutowireCapableBeanFactory.java:501) ~[spring-beans-5.0.5.RELEASE.jar:5.0.5.RELEASE]
	at org.springframework.beans.factory.support.AbstractBeanFactory.lambda$doGetBean$0(AbstractBeanFactory.java:317) ~[spring-beans-5.0.5.RELEASE.jar:5.0.5.RELEASE]
	at org.springframework.beans.factory.support.DefaultSingletonBeanRegistry.getSingleton(DefaultSingletonBeanRegistry.java:228) ~[spring-beans-5.0.5.RELEASE.jar:5.0.5.RELEASE]
	at org.springframework.beans.factory.support.AbstractBeanFactory.doGetBean(AbstractBeanFactory.java:315) ~[spring-beans-5.0.5.RELEASE.jar:5.0.5.RELEASE]
	at org.springframework.beans.factory.support.AbstractBeanFactory.getBean(AbstractBeanFactory.java:199) ~[spring-beans-5.0.5.RELEASE.jar:5.0.5.RELEASE]
	at org.springframework.beans.factory.config.DependencyDescriptor.resolveCandidate(DependencyDescriptor.java:251) ~[spring-beans-5.0.5.RELEASE.jar:5.0.5.RELEASE]
	at org.springframework.beans.factory.support.DefaultListableBeanFactory.doResolveDependency(DefaultListableBeanFactory.java:1138) ~[spring-beans-5.0.5.RELEASE.jar:5.0.5.RELEASE]
	at org.springframework.beans.factory.support.DefaultListableBeanFactory.resolveDependency(DefaultListableBeanFactory.java:1065) ~[spring-beans-5.0.5.RELEASE.jar:5.0.5.RELEASE]
	at org.springframework.beans.factory.annotation.AutowiredAnnotationBeanPostProcessor$AutowiredFieldElement.inject(AutowiredAnnotationBeanPostProcessor.java:584) ~[spring-beans-5.0.5.RELEASE.jar:5.0.5.RELEASE]
	... 45 common frames omitted
Caused by: org.springframework.beans.factory.BeanCreationException: Error creating bean with name 'mySQLExtentionFactoryBean' defined in class path resource [com/tmall/server/user/server/config/UserAppServerConfiguration.class]: Bean instantiation via factory method failed; nested exception is org.springframework.beans.BeanInstantiationException: Failed to instantiate [com.tmall.common.db.factory.MySQLExtentionFactoryBean]: Factory method 'mySQLExtentionFactoryBean' threw exception; nested exception is java.lang.NullPointerException
	at org.springframework.beans.factory.support.ConstructorResolver.instantiateUsingFactoryMethod(ConstructorResolver.java:587) ~[spring-beans-5.0.5.RELEASE.jar:5.0.5.RELEASE]
	at org.springframework.beans.factory.support.AbstractAutowireCapableBeanFactory.instantiateUsingFactoryMethod(AbstractAutowireCapableBeanFactory.java:1250) ~[spring-beans-5.0.5.RELEASE.jar:5.0.5.RELEASE]
	at org.springframework.beans.factory.support.AbstractAutowireCapableBeanFactory.createBeanInstance(AbstractAutowireCapableBeanFactory.java:1099) ~[spring-beans-5.0.5.RELEASE.jar:5.0.5.RELEASE]
	at org.springframework.beans.factory.support.AbstractAutowireCapableBeanFactory.doCreateBean(AbstractAutowireCapableBeanFactory.java:541) ~[spring-beans-5.0.5.RELEASE.jar:5.0.5.RELEASE]
	at org.springframework.beans.factory.support.AbstractAutowireCapableBeanFactory.createBean(AbstractAutowireCapableBeanFactory.java:501) ~[spring-beans-5.0.5.RELEASE.jar:5.0.5.RELEASE]
	at org.springframework.beans.factory.support.AbstractBeanFactory.lambda$doGetBean$0(AbstractBeanFactory.java:317) ~[spring-beans-5.0.5.RELEASE.jar:5.0.5.RELEASE]
	at org.springframework.beans.factory.support.DefaultSingletonBeanRegistry.getSingleton(DefaultSingletonBeanRegistry.java:228) ~[spring-beans-5.0.5.RELEASE.jar:5.0.5.RELEASE]
	at org.springframework.beans.factory.support.AbstractBeanFactory.doGetBean(AbstractBeanFactory.java:315) ~[spring-beans-5.0.5.RELEASE.jar:5.0.5.RELEASE]
	at org.springframework.beans.factory.support.AbstractBeanFactory.getBean(AbstractBeanFactory.java:199) ~[spring-beans-5.0.5.RELEASE.jar:5.0.5.RELEASE]
	at org.springframework.beans.factory.config.DependencyDescriptor.resolveCandidate(DependencyDescriptor.java:251) ~[spring-beans-5.0.5.RELEASE.jar:5.0.5.RELEASE]
	at org.springframework.beans.factory.support.DefaultListableBeanFactory.doResolveDependency(DefaultListableBeanFactory.java:1138) ~[spring-beans-5.0.5.RELEASE.jar:5.0.5.RELEASE]
	at org.springframework.beans.factory.support.DefaultListableBeanFactory.resolveDependency(DefaultListableBeanFactory.java:1065) ~[spring-beans-5.0.5.RELEASE.jar:5.0.5.RELEASE]
	at org.springframework.beans.factory.annotation.AutowiredAnnotationBeanPostProcessor$AutowiredFieldElement.inject(AutowiredAnnotationBeanPostProcessor.java:584) ~[spring-beans-5.0.5.RELEASE.jar:5.0.5.RELEASE]
	... 58 common frames omitted
Caused by: org.springframework.beans.BeanInstantiationException: Failed to instantiate [com.tmall.common.db.factory.MySQLExtentionFactoryBean]: Factory method 'mySQLExtentionFactoryBean' threw exception; nested exception is java.lang.NullPointerException
	at org.springframework.beans.factory.support.SimpleInstantiationStrategy.instantiate(SimpleInstantiationStrategy.java:185) ~[spring-beans-5.0.5.RELEASE.jar:5.0.5.RELEASE]
	at org.springframework.beans.factory.support.ConstructorResolver.instantiateUsingFactoryMethod(ConstructorResolver.java:579) ~[spring-beans-5.0.5.RELEASE.jar:5.0.5.RELEASE]
	... 70 common frames omitted
Caused by: java.lang.NullPointerException: null
	at com.tmall.common.db.MySQLExtentionSupport.config(MySQLExtentionSupport.java:35) ~[tmall-micro-common-0.0.1-SNAPSHOT.jar:na]
	at com.tmall.common.db.AbstractMySQLExtention.config(AbstractMySQLExtention.java:30) ~[tmall-micro-common-0.0.1-SNAPSHOT.jar:na]
	at com.tmall.server.user.server.config.UserAppServerConfiguration.mySQLExtentionFactoryBean(UserAppServerConfiguration.java:91) ~[classes/:na]
	at com.tmall.server.user.server.config.UserAppServerConfiguration$$EnhancerBySpringCGLIB$$b4d750ab.CGLIB$mySQLExtentionFactoryBean$3(<generated>) ~[classes/:na]
	at com.tmall.server.user.server.config.UserAppServerConfiguration$$EnhancerBySpringCGLIB$$b4d750ab$$FastClassBySpringCGLIB$$fbd13691.invoke(<generated>) ~[classes/:na]
	at org.springframework.cglib.proxy.MethodProxy.invokeSuper(MethodProxy.java:228) ~[spring-core-5.0.5.RELEASE.jar:5.0.5.RELEASE]
	at org.springframework.context.annotation.ConfigurationClassEnhancer$BeanMethodInterceptor.intercept(ConfigurationClassEnhancer.java:361) ~[spring-context-5.0.5.RELEASE.jar:5.0.5.RELEASE]
	at com.tmall.server.user.server.config.UserAppServerConfiguration$$EnhancerBySpringCGLIB$$b4d750ab.mySQLExtentionFactoryBean(<generated>) ~[classes/:na]
	at sun.reflect.NativeMethodAccessorImpl.invoke0(Native Method) ~[na:1.8.0_171]
	at sun.reflect.NativeMethodAccessorImpl.invoke(NativeMethodAccessorImpl.java:62) ~[na:1.8.0_171]
	at sun.reflect.DelegatingMethodAccessorImpl.invoke(DelegatingMethodAccessorImpl.java:43) ~[na:1.8.0_171]
	at java.lang.reflect.Method.invoke(Method.java:498) ~[na:1.8.0_171]
	at org.springframework.beans.factory.support.SimpleInstantiationStrategy.instantiate(SimpleInstantiationStrategy.java:154) ~[spring-beans-5.0.5.RELEASE.jar:5.0.5.RELEASE]
	... 71 common frames omitted

]]></system-out>
  </testcase>
</testsuite>