<?xml version="1.0" encoding="UTF-8"?>
<testsuite xmlns:xsi="http://www.w3.org/2001/XMLSchema-instance" xsi:noNamespaceSchemaLocation="https://maven.apache.org/surefire/maven-surefire-plugin/xsd/surefire-test-report.xsd" name="com.example.demo.TmallSpringEurekaServerApplicationTests" time="0.451" tests="1" errors="1" skipped="0" failures="0">
  <properties>
[...]
</properties>
  <testcase name="initializationError" classname="com.example.demo.TmallSpringEurekaServerApplicationTests" time="0.009">
    <error message="Unable to find a @SpringBootConfiguration, you need to use @ContextConfiguration or @SpringBootTest(classes=...) with your test" type="java.lang.IllegalStateException">java.lang.IllegalStateException: Unable to find a @SpringBootConfiguration, you need to use @ContextConfiguration or @SpringBootTest(classes=...) with your test
</error>
    <system-out><![CDATA[14:27:28.547 [main] DEBUG org.springframework.test.context.junit4.SpringJUnit4ClassRunner - SpringJUnit4ClassRunner constructor called with [class com.example.demo.TmallSpringEurekaServerApplicationTests]
14:27:28.557 [main] DEBUG org.springframework.test.context.BootstrapUtils - Instantiating CacheAwareContextLoaderDelegate from class [org.springframework.test.context.cache.DefaultCacheAwareContextLoaderDelegate]
14:27:28.566 [main] DEBUG org.springframework.test.context.BootstrapUtils - Instantiating BootstrapContext using constructor [public org.springframework.test.context.support.DefaultBootstrapContext(java.lang.Class,org.springframework.test.context.CacheAwareContextLoaderDelegate)]
14:27:28.586 [main] DEBUG org.springframework.test.context.BootstrapUtils - Instantiating TestContextBootstrapper for test class [com.example.demo.TmallSpringEurekaServerApplicationTests] from class [org.springframework.boot.test.context.SpringBootTestContextBootstrapper]
14:27:28.602 [main] INFO org.springframework.boot.test.context.SpringBootTestContextBootstrapper - Neither @ContextConfiguration nor @ContextHierarchy found for test class [com.example.demo.TmallSpringEurekaServerApplicationTests], using SpringBootContextLoader
14:27:28.606 [main] DEBUG org.springframework.test.context.support.AbstractContextLoader - Did not detect default resource location for test class [com.example.demo.TmallSpringEurekaServerApplicationTests]: class path resource [com/example/demo/TmallSpringEurekaServerApplicationTests-context.xml] does not exist
14:27:28.607 [main] DEBUG org.springframework.test.context.support.AbstractContextLoader - Did not detect default resource location for test class [com.example.demo.TmallSpringEurekaServerApplicationTests]: class path resource [com/example/demo/TmallSpringEurekaServerApplicationTestsContext.groovy] does not exist
14:27:28.607 [main] INFO org.springframework.test.context.support.AbstractContextLoader - Could not detect default resource locations for test class [com.example.demo.TmallSpringEurekaServerApplicationTests]: no resource found for suffixes {-context.xml, Context.groovy}.
14:27:28.608 [main] INFO org.springframework.test.context.support.AnnotationConfigContextLoaderUtils - Could not detect default configuration classes for test class [com.example.demo.TmallSpringEurekaServerApplicationTests]: TmallSpringEurekaServerApplicationTests does not declare any static, non-private, non-final, nested classes annotated with @Configuration.
14:27:28.655 [main] DEBUG org.springframework.test.context.support.ActiveProfilesUtils - Could not find an 'annotation declaring class' for annotation type [org.springframework.test.context.ActiveProfiles] and class [com.example.demo.TmallSpringEurekaServerApplicationTests]
14:27:28.665 [main] DEBUG org.springframework.core.env.StandardEnvironment - Adding PropertySource 'systemProperties' with lowest search precedence
14:27:28.666 [main] DEBUG org.springframework.core.env.StandardEnvironment - Adding PropertySource 'systemEnvironment' with lowest search precedence
14:27:28.666 [main] DEBUG org.springframework.core.env.StandardEnvironment - Initialized StandardEnvironment with PropertySources [MapPropertySource@107456312 {name='systemProperties', properties={java.runtime.name=Java(TM) SE Runtime Environment, sun.boot.library.path=/Library/Java/JavaVirtualMachines/jdk1.8.0_171.jdk/Contents/Home/jre/lib, java.vm.version=25.171-b11, gopherProxySet=false, java.vm.vendor=Oracle Corporation, java.vendor.url=http://java.oracle.com/, path.separator=:, java.vm.name=Java HotSpot(TM) 64-Bit Server VM, file.encoding.pkg=sun.io, user.country=CN, sun.java.launcher=SUN_STANDARD, sun.os.patch.level=unknown, java.vm.specification.name=Java Virtual Machine Specification, user.dir=/Users/joker/Java/oxygen_workspace/tmall_micro/tmall-spring-eureka-server, java.runtime.version=1.8.0_171-b11, basedir=/Users/joker/Java/oxygen_workspace/tmall_micro/tmall-spring-eureka-server, java.awt.graphicsenv=sun.awt.CGraphicsEnvironment, java.endorsed.dirs=/Library/Java/JavaVirtualMachines/jdk1.8.0_171.jdk/Contents/Home/jre/lib/endorsed, os.arch=x86_64, surefire.real.class.path=/Users/joker/Java/oxygen_workspace/tmall_micro/tmall-spring-eureka-server/target/surefire/surefirebooter2382093560604748531.jar, java.io.tmpdir=/var/folders/dn/7154dtvn6hsd1g__t9zng7nm0000gn/T/, line.separator=
, java.vm.specification.vendor=Oracle Corporation, os.name=Mac OS X, sun.jnu.encoding=UTF-8, java.library.path=/Users/joker/Library/Java/Extensions:/Library/Java/Extensions:/Network/Library/Java/Extensions:/System/Library/Java/Extensions:/usr/lib/java:., surefire.test.class.path=/Users/joker/Java/oxygen_workspace/tmall_micro/tmall-spring-eureka-server/target/test-classes:/Users/joker/Java/oxygen_workspace/tmall_micro/tmall-spring-eureka-server/target/classes:/Users/joker/.m2/repository/org/springframework/boot/spring-boot-starter-web/2.0.1.RELEASE/spring-boot-starter-web-2.0.1.RELEASE.jar:/Users/joker/.m2/repository/org/springframework/boot/spring-boot-starter/2.0.1.RELEASE/spring-boot-starter-2.0.1.RELEASE.jar:/Users/joker/.m2/repository/org/springframework/boot/spring-boot-autoconfigure/2.0.1.RELEASE/spring-boot-autoconfigure-2.0.1.RELEASE.jar:/Users/joker/.m2/repository/org/springframework/boot/spring-boot-starter-logging/2.0.1.RELEASE/spring-boot-starter-logging-2.0.1.RELEASE.jar:/Users/joker/.m2/repository/ch/qos/logback/logback-classic/1.2.3/logback-classic-1.2.3.jar:/Users/joker/.m2/repository/ch/qos/logback/logback-core/1.2.3/logback-core-1.2.3.jar:/Users/joker/.m2/repository/org/apache/logging/log4j/log4j-to-slf4j/2.10.0/log4j-to-slf4j-2.10.0.jar:/Users/joker/.m2/repository/org/apache/logging/log4j/log4j-api/2.10.0/log4j-api-2.10.0.jar:/Users/joker/.m2/repository/org/slf4j/jul-to-slf4j/1.7.25/jul-to-slf4j-1.7.25.jar:/Users/joker/.m2/repository/javax/annotation/javax.annotation-api/1.3.2/javax.annotation-api-1.3.2.jar:/Users/joker/.m2/repository/org/yaml/snakeyaml/1.19/snakeyaml-1.19.jar:/Users/joker/.m2/repository/org/springframework/boot/spring-boot-starter-json/2.0.1.RELEASE/spring-boot-starter-json-2.0.1.RELEASE.jar:/Users/joker/.m2/repository/com/fasterxml/jackson/datatype/jackson-datatype-jdk8/2.9.5/jackson-datatype-jdk8-2.9.5.jar:/Users/joker/.m2/repository/com/fasterxml/jackson/datatype/jackson-datatype-jsr310/2.9.5/jackson-datatype-jsr310-2.9.5.jar:/Users/joker/.m2/repository/com/fasterxml/jackson/module/jackson-module-parameter-names/2.9.5/jackson-module-parameter-names-2.9.5.jar:/Users/joker/.m2/repository/org/springframework/boot/spring-boot-starter-tomcat/2.0.1.RELEASE/spring-boot-starter-tomcat-2.0.1.RELEASE.jar:/Users/joker/.m2/repository/org/apache/tomcat/embed/tomcat-embed-core/8.5.29/tomcat-embed-core-8.5.29.jar:/Users/joker/.m2/repository/org/apache/tomcat/embed/tomcat-embed-el/8.5.29/tomcat-embed-el-8.5.29.jar:/Users/joker/.m2/repository/org/apache/tomcat/embed/tomcat-embed-websocket/8.5.29/tomcat-embed-websocket-8.5.29.jar:/Users/joker/.m2/repository/org/hibernate/validator/hibernate-validator/6.0.9.Final/hibernate-validator-6.0.9.Final.jar:/Users/joker/.m2/repository/org/jboss/logging/jboss-logging/3.3.2.Final/jboss-logging-3.3.2.Final.jar:/Users/joker/.m2/repository/com/fasterxml/classmate/1.3.4/classmate-1.3.4.jar:/Users/joker/.m2/repository/org/springframework/spring-web/5.0.5.RELEASE/spring-web-5.0.5.RELEASE.jar:/Users/joker/.m2/repository/org/springframework/spring-webmvc/5.0.5.RELEASE/spring-webmvc-5.0.5.RELEASE.jar:/Users/joker/.m2/repository/org/springframework/cloud/spring-cloud-starter-eureka-server/1.4.4.RELEASE/spring-cloud-starter-eureka-server-1.4.4.RELEASE.jar:/Users/joker/.m2/repository/org/springframework/cloud/spring-cloud-starter-netflix-eureka-server/2.0.1.RELEASE/spring-cloud-starter-netflix-eureka-server-2.0.1.RELEASE.jar:/Users/joker/.m2/repository/org/springframework/cloud/spring-cloud-starter/2.0.1.RELEASE/spring-cloud-starter-2.0.1.RELEASE.jar:/Users/joker/.m2/repository/org/springframework/cloud/spring-cloud-context/2.0.1.RELEASE/spring-cloud-context-2.0.1.RELEASE.jar:/Users/joker/.m2/repository/org/springframework/security/spring-security-crypto/5.0.4.RELEASE/spring-security-crypto-5.0.4.RELEASE.jar:/Users/joker/.m2/repository/org/springframework/cloud/spring-cloud-commons/2.0.1.RELEASE/spring-cloud-commons-2.0.1.RELEASE.jar:/Users/joker/.m2/repository/org/springframework/security/spring-security-rsa/1.0.5.RELEASE/spring-security-rsa-1.0.5.RELEASE.jar:/Users/joker/.m2/repository/org/bouncycastle/bcpkix-jdk15on/1.56/bcpkix-jdk15on-1.56.jar:/Users/joker/.m2/repository/org/bouncycastle/bcprov-jdk15on/1.56/bcprov-jdk15on-1.56.jar:/Users/joker/.m2/repository/org/springframework/cloud/spring-cloud-netflix-eureka-server/2.0.1.RELEASE/spring-cloud-netflix-eureka-server-2.0.1.RELEASE.jar:/Users/joker/.m2/repository/org/springframework/boot/spring-boot-starter-actuator/2.0.1.RELEASE/spring-boot-starter-actuator-2.0.1.RELEASE.jar:/Users/joker/.m2/repository/org/springframework/boot/spring-boot-actuator-autoconfigure/2.0.1.RELEASE/spring-boot-actuator-autoconfigure-2.0.1.RELEASE.jar:/Users/joker/.m2/repository/org/springframework/boot/spring-boot-actuator/2.0.1.RELEASE/spring-boot-actuator-2.0.1.RELEASE.jar:/Users/joker/.m2/repository/io/micrometer/micrometer-core/1.0.3/micrometer-core-1.0.3.jar:/Users/joker/.m2/repository/org/latencyutils/LatencyUtils/2.0.3/LatencyUtils-2.0.3.jar:/Users/joker/.m2/repository/org/springframework/boot/spring-boot-starter-freemarker/2.0.1.RELEASE/spring-boot-starter-freemarker-2.0.1.RELEASE.jar:/Users/joker/.m2/repository/org/springframework/cloud/spring-cloud-netflix-core/2.0.1.RELEASE/spring-cloud-netflix-core-2.0.1.RELEASE.jar:/Users/joker/.m2/repository/org/springframework/boot/spring-boot-starter-aop/2.0.1.RELEASE/spring-boot-starter-aop-2.0.1.RELEASE.jar:/Users/joker/.m2/repository/org/aspectj/aspectjweaver/1.8.13/aspectjweaver-1.8.13.jar:/Users/joker/.m2/repository/org/springframework/cloud/spring-cloud-netflix-eureka-client/2.0.1.RELEASE/spring-cloud-netflix-eureka-client-2.0.1.RELEASE.jar:/Users/joker/.m2/repository/com/netflix/eureka/eureka-client/1.9.3/eureka-client-1.9.3.jar:/Users/joker/.m2/repository/org/codehaus/jettison/jettison/1.3.7/jettison-1.3.7.jar:/Users/joker/.m2/repository/stax/stax-api/1.0.1/stax-api-1.0.1.jar:/Users/joker/.m2/repository/com/netflix/netflix-commons/netflix-eventbus/0.3.0/netflix-eventbus-0.3.0.jar:/Users/joker/.m2/repository/com/netflix/netflix-commons/netflix-infix/0.3.0/netflix-infix-0.3.0.jar:/Users/joker/.m2/repository/commons-jxpath/commons-jxpath/1.3/commons-jxpath-1.3.jar:/Users/joker/.m2/repository/joda-time/joda-time/2.9.9/joda-time-2.9.9.jar:/Users/joker/.m2/repository/org/antlr/antlr-runtime/3.4/antlr-runtime-3.4.jar:/Users/joker/.m2/repository/org/antlr/stringtemplate/3.2.1/stringtemplate-3.2.1.jar:/Users/joker/.m2/repository/antlr/antlr/2.7.7/antlr-2.7.7.jar:/Users/joker/.m2/repository/org/apache/commons/commons-math/2.2/commons-math-2.2.jar:/Users/joker/.m2/repository/javax/ws/rs/jsr311-api/1.1.1/jsr311-api-1.1.1.jar:/Users/joker/.m2/repository/com/netflix/servo/servo-core/0.12.21/servo-core-0.12.21.jar:/Users/joker/.m2/repository/com/sun/jersey/jersey-core/1.19.1/jersey-core-1.19.1.jar:/Users/joker/.m2/repository/com/sun/jersey/jersey-client/1.19.1/jersey-client-1.19.1.jar:/Users/joker/.m2/repository/com/sun/jersey/contribs/jersey-apache-client4/1.19.1/jersey-apache-client4-1.19.1.jar:/Users/joker/.m2/repository/com/google/inject/guice/4.1.0/guice-4.1.0.jar:/Users/joker/.m2/repository/aopalliance/aopalliance/1.0/aopalliance-1.0.jar:/Users/joker/.m2/repository/com/github/vlsi/compactmap/compactmap/1.2.1/compactmap-1.2.1.jar:/Users/joker/.m2/repository/com/github/andrewoma/dexx/dexx-collections/0.2/dexx-collections-0.2.jar:/Users/joker/.m2/repository/com/sun/jersey/jersey-servlet/1.19.1/jersey-servlet-1.19.1.jar:/Users/joker/.m2/repository/com/sun/jersey/jersey-server/1.19.1/jersey-server-1.19.1.jar:/Users/joker/.m2/repository/com/netflix/eureka/eureka-core/1.9.3/eureka-core-1.9.3.jar:/Users/joker/.m2/repository/org/codehaus/woodstox/woodstox-core-asl/4.4.1/woodstox-core-asl-4.4.1.jar:/Users/joker/.m2/repository/javax/xml/stream/stax-api/1.0-2/stax-api-1.0-2.jar:/Users/joker/.m2/repository/javax/inject/javax.inject/1/javax.inject-1.jar:/Users/joker/.m2/repository/com/fasterxml/jackson/dataformat/jackson-dataformat-xml/2.9.5/jackson-dataformat-xml-2.9.5.jar:/Users/joker/.m2/repository/com/fasterxml/jackson/module/jackson-module-jaxb-annotations/2.9.5/jackson-module-jaxb-annotations-2.9.5.jar:/Users/joker/.m2/repository/org/codehaus/woodstox/stax2-api/3.1.4/stax2-api-3.1.4.jar:/Users/joker/.m2/repository/com/fasterxml/woodstox/woodstox-core/5.0.3/woodstox-core-5.0.3.jar:/Users/joker/.m2/repository/com/thoughtworks/xstream/xstream/1.4.10/xstream-1.4.10.jar:/Users/joker/.m2/repository/xmlpull/xmlpull/1.1.3.1/xmlpull-1.1.3.1.jar:/Users/joker/.m2/repository/xpp3/xpp3_min/1.1.4c/xpp3_min-1.1.4c.jar:/Users/joker/.m2/repository/org/springframework/cloud/spring-cloud-starter-netflix-archaius/2.0.1.RELEASE/spring-cloud-starter-netflix-archaius-2.0.1.RELEASE.jar:/Users/joker/.m2/repository/org/springframework/cloud/spring-cloud-netflix-ribbon/2.0.1.RELEASE/spring-cloud-netflix-ribbon-2.0.1.RELEASE.jar:/Users/joker/.m2/repository/org/springframework/cloud/spring-cloud-netflix-archaius/2.0.1.RELEASE/spring-cloud-netflix-archaius-2.0.1.RELEASE.jar:/Users/joker/.m2/repository/commons-configuration/commons-configuration/1.8/commons-configuration-1.8.jar:/Users/joker/.m2/repository/org/springframework/cloud/spring-cloud-starter-netflix-ribbon/2.0.1.RELEASE/spring-cloud-starter-netflix-ribbon-2.0.1.RELEASE.jar:/Users/joker/.m2/repository/com/netflix/ribbon/ribbon/2.2.5/ribbon-2.2.5.jar:/Users/joker/.m2/repository/com/netflix/ribbon/ribbon-transport/2.2.5/ribbon-transport-2.2.5.jar:/Users/joker/.m2/repository/io/reactivex/rxnetty-contexts/0.4.9/rxnetty-contexts-0.4.9.jar:/Users/joker/.m2/repository/io/reactivex/rxnetty-servo/0.4.9/rxnetty-servo-0.4.9.jar:/Users/joker/.m2/repository/io/reactivex/rxnetty/0.4.9/rxnetty-0.4.9.jar:/Users/joker/.m2/repository/com/netflix/ribbon/ribbon-core/2.2.5/ribbon-core-2.2.5.jar:/Users/joker/.m2/repository/com/netflix/ribbon/ribbon-httpclient/2.2.5/ribbon-httpclient-2.2.5.jar:/Users/joker/.m2/repository/com/netflix/netflix-commons/netflix-commons-util/0.3.0/netflix-commons-util-0.3.0.jar:/Users/joker/.m2/repository/com/netflix/ribbon/ribbon-loadbalancer/2.2.5/ribbon-loadbalancer-2.2.5.jar:/Users/joker/.m2/repository/com/netflix/netflix-commons/netflix-statistics/0.1.1/netflix-statistics-0.1.1.jar:/Users/joker/.m2/repository/com/netflix/ribbon/ribbon-eureka/2.2.5/ribbon-eureka-2.2.5.jar:/Users/joker/.m2/repository/org/springframework/boot/spring-boot-starter-test/2.0.1.RELEASE/spring-boot-starter-test-2.0.1.RELEASE.jar:/Users/joker/.m2/repository/org/springframework/boot/spring-boot-test/2.0.1.RELEASE/spring-boot-test-2.0.1.RELEASE.jar:/Users/joker/.m2/repository/org/springframework/boot/spring-boot-test-autoconfigure/2.0.1.RELEASE/spring-boot-test-autoconfigure-2.0.1.RELEASE.jar:/Users/joker/.m2/repository/com/jayway/jsonpath/json-path/2.4.0/json-path-2.4.0.jar:/Users/joker/.m2/repository/net/minidev/json-smart/2.3/json-smart-2.3.jar:/Users/joker/.m2/repository/net/minidev/accessors-smart/1.2/accessors-smart-1.2.jar:/Users/joker/.m2/repository/org/ow2/asm/asm/5.0.4/asm-5.0.4.jar:/Users/joker/.m2/repository/junit/junit/4.12/junit-4.12.jar:/Users/joker/.m2/repository/org/assertj/assertj-core/3.9.1/assertj-core-3.9.1.jar:/Users/joker/.m2/repository/org/mockito/mockito-core/2.15.0/mockito-core-2.15.0.jar:/Users/joker/.m2/repository/net/bytebuddy/byte-buddy/1.7.11/byte-buddy-1.7.11.jar:/Users/joker/.m2/repository/net/bytebuddy/byte-buddy-agent/1.7.11/byte-buddy-agent-1.7.11.jar:/Users/joker/.m2/repository/org/objenesis/objenesis/2.6/objenesis-2.6.jar:/Users/joker/.m2/repository/org/hamcrest/hamcrest-core/1.3/hamcrest-core-1.3.jar:/Users/joker/.m2/repository/org/hamcrest/hamcrest-library/1.3/hamcrest-library-1.3.jar:/Users/joker/.m2/repository/org/skyscreamer/jsonassert/1.5.0/jsonassert-1.5.0.jar:/Users/joker/.m2/repository/com/vaadin/external/google/android-json/0.0.20131108.vaadin1/android-json-0.0.20131108.vaadin1.jar:/Users/joker/.m2/repository/org/springframework/spring-core/5.0.5.RELEASE/spring-core-5.0.5.RELEASE.jar:/Users/joker/.m2/repository/org/springframework/spring-jcl/5.0.5.RELEASE/spring-jcl-5.0.5.RELEASE.jar:/Users/joker/.m2/repository/org/xmlunit/xmlunit-core/2.5.1/xmlunit-core-2.5.1.jar:/Users/joker/.m2/repository/org/projectlombok/lombok/1.16.20/lombok-1.16.20.jar:/Users/joker/.m2/repository/javax/servlet/javax.servlet-api/3.1.0/javax.servlet-api-3.1.0.jar:/Users/joker/.m2/repository/org/springframework/spring-context/5.0.5.RELEASE/spring-context-5.0.5.RELEASE.jar:/Users/joker/.m2/repository/org/springframework/spring-aop/5.0.5.RELEASE/spring-aop-5.0.5.RELEASE.jar:/Users/joker/.m2/repository/org/springframework/spring-beans/5.0.5.RELEASE/spring-beans-5.0.5.RELEASE.jar:/Users/joker/.m2/repository/org/springframework/spring-expression/5.0.5.RELEASE/spring-expression-5.0.5.RELEASE.jar:/Users/joker/.m2/repository/com/rebuildtmall/tmall-micro-common/0.0.1-SNAPSHOT/tmall-micro-common-0.0.1-SNAPSHOT.jar:/Users/joker/.m2/repository/com/joker/library/0.0.2-SNAPSHOT/library-0.0.2-SNAPSHOT.jar:/Users/joker/.m2/repository/commons-net/commons-net/3.6/commons-net-3.6.jar:/Users/joker/.m2/repository/org/apache/commons/commons-lang3/3.7/commons-lang3-3.7.jar:/Users/joker/.m2/repository/com/sun/mail/javax.mail/1.6.1/javax.mail-1.6.1.jar:/Users/joker/.m2/repository/javax/activation/activation/1.1/activation-1.1.jar:/Users/joker/.m2/repository/javax/mail/mail/1.4.7/mail-1.4.7.jar:/Users/joker/.m2/repository/io/github/openfeign/feign-core/9.5.1/feign-core-9.5.1.jar:/Users/joker/.m2/repository/com/netflix/hystrix/hystrix-core/1.5.12/hystrix-core-1.5.12.jar:/Users/joker/.m2/repository/com/netflix/archaius/archaius-core/0.7.6/archaius-core-0.7.6.jar:/Users/joker/.m2/repository/com/google/code/findbugs/jsr305/3.0.1/jsr305-3.0.1.jar:/Users/joker/.m2/repository/com/google/guava/guava/16.0/guava-16.0.jar:/Users/joker/.m2/repository/io/reactivex/rxjava/1.3.8/rxjava-1.3.8.jar:/Users/joker/.m2/repository/org/hdrhistogram/HdrHistogram/2.1.9/HdrHistogram-2.1.9.jar:/Users/joker/.m2/repository/org/springframework/boot/spring-boot/2.0.1.RELEASE/spring-boot-2.0.1.RELEASE.jar:/Users/joker/.m2/repository/io/jsonwebtoken/jjwt/0.9.1/jjwt-0.9.1.jar:/Users/joker/.m2/repository/com/google/code/gson/gson/2.8.2/gson-2.8.2.jar:/Users/joker/.m2/repository/org/springframework/amqp/spring-rabbit/2.0.3.RELEASE/spring-rabbit-2.0.3.RELEASE.jar:/Users/joker/.m2/repository/org/springframework/amqp/spring-amqp/2.0.3.RELEASE/spring-amqp-2.0.3.RELEASE.jar:/Users/joker/.m2/repository/com/rabbitmq/amqp-client/5.1.2/amqp-client-5.1.2.jar:/Users/joker/.m2/repository/com/rabbitmq/http-client/2.0.1.RELEASE/http-client-2.0.1.RELEASE.jar:/Users/joker/.m2/repository/org/springframework/spring-webflux/5.0.5.RELEASE/spring-webflux-5.0.5.RELEASE.jar:/Users/joker/.m2/repository/io/projectreactor/reactor-core/3.1.6.RELEASE/reactor-core-3.1.6.RELEASE.jar:/Users/joker/.m2/repository/org/reactivestreams/reactive-streams/1.0.2/reactive-streams-1.0.2.jar:/Users/joker/.m2/repository/org/apache/httpcomponents/httpclient/4.5.5/httpclient-4.5.5.jar:/Users/joker/.m2/repository/org/apache/httpcomponents/httpcore/4.4.9/httpcore-4.4.9.jar:/Users/joker/.m2/repository/commons-codec/commons-codec/1.11/commons-codec-1.11.jar:/Users/joker/.m2/repository/io/projectreactor/ipc/reactor-netty/0.7.6.RELEASE/reactor-netty-0.7.6.RELEASE.jar:/Users/joker/.m2/repository/io/netty/netty-codec-http/4.1.23.Final/netty-codec-http-4.1.23.Final.jar:/Users/joker/.m2/repository/io/netty/netty-codec/4.1.23.Final/netty-codec-4.1.23.Final.jar:/Users/joker/.m2/repository/io/netty/netty-handler/4.1.23.Final/netty-handler-4.1.23.Final.jar:/Users/joker/.m2/repository/io/netty/netty-buffer/4.1.23.Final/netty-buffer-4.1.23.Final.jar:/Users/joker/.m2/repository/io/netty/netty-transport/4.1.23.Final/netty-transport-4.1.23.Final.jar:/Users/joker/.m2/repository/io/netty/netty-resolver/4.1.23.Final/netty-resolver-4.1.23.Final.jar:/Users/joker/.m2/repository/io/netty/netty-handler-proxy/4.1.23.Final/netty-handler-proxy-4.1.23.Final.jar:/Users/joker/.m2/repository/io/netty/netty-codec-socks/4.1.23.Final/netty-codec-socks-4.1.23.Final.jar:/Users/joker/.m2/repository/io/netty/netty-transport-native-epoll/4.1.23.Final/netty-transport-native-epoll-4.1.23.Final.jar:/Users/joker/.m2/repository/io/netty/netty-common/4.1.23.Final/netty-common-4.1.23.Final.jar:/Users/joker/.m2/repository/io/netty/netty-transport-native-unix-common/4.1.23.Final/netty-transport-native-unix-common-4.1.23.Final.jar:/Users/joker/.m2/repository/org/springframework/spring-messaging/5.0.5.RELEASE/spring-messaging-5.0.5.RELEASE.jar:/Users/joker/.m2/repository/org/springframework/retry/spring-retry/1.2.2.RELEASE/spring-retry-1.2.2.RELEASE.jar:/Users/joker/.m2/repository/net/sf/json-lib/json-lib/2.4/json-lib-2.4-jdk15.jar:/Users/joker/.m2/repository/commons-beanutils/commons-beanutils/1.8.0/commons-beanutils-1.8.0.jar:/Users/joker/.m2/repository/commons-collections/commons-collections/3.2.1/commons-collections-3.2.1.jar:/Users/joker/.m2/repository/commons-lang/commons-lang/2.5/commons-lang-2.5.jar:/Users/joker/.m2/repository/net/sf/ezmorph/ezmorph/1.0.6/ezmorph-1.0.6.jar:/Users/joker/.m2/repository/redis/clients/jedis/2.9.0/jedis-2.9.0.jar:/Users/joker/.m2/repository/org/apache/commons/commons-pool2/2.5.0/commons-pool2-2.5.0.jar:/Users/joker/.m2/repository/commons-io/commons-io/2.4/commons-io-2.4.jar:/Users/joker/.m2/repository/org/springframework/spring-jdbc/5.0.5.RELEASE/spring-jdbc-5.0.5.RELEASE.jar:/Users/joker/.m2/repository/org/springframework/spring-tx/5.0.5.RELEASE/spring-tx-5.0.5.RELEASE.jar:/Users/joker/.m2/repository/org/slf4j/slf4j-api/1.7.25/slf4j-api-1.7.25.jar:/Users/joker/.m2/repository/log4j/log4j/1.2.17/log4j-1.2.17.jar:/Users/joker/.m2/repository/javax/validation/validation-api/2.0.1.Final/validation-api-2.0.1.Final.jar:/Users/joker/.m2/repository/mysql/mysql-connector-java/5.1.46/mysql-connector-java-5.1.46.jar:/Users/joker/.m2/repository/commons-dbutils/commons-dbutils/1.6/commons-dbutils-1.6.jar:/Users/joker/.m2/repository/com/alibaba/druid/1.0.9/druid-1.0.9.jar:/Library/Java/JavaVirtualMachines/jdk1.8.0_171.jdk/Contents/Home/jre/../lib/jconsole.jar:/Library/Java/JavaVirtualMachines/jdk1.8.0_171.jdk/Contents/Home/jre/../lib/tools.jar:/Users/joker/.m2/repository/com/fasterxml/jackson/core/jackson-core/2.9.5/jackson-core-2.9.5.jar:/Users/joker/.m2/repository/com/fasterxml/jackson/core/jackson-databind/2.9.5/jackson-databind-2.9.5.jar:/Users/joker/.m2/repository/com/fasterxml/jackson/core/jackson-annotations/2.9.0/jackson-annotations-2.9.0.jar:/Users/joker/.m2/repository/org/springframework/spring-test/5.0.5.RELEASE/spring-test-5.0.5.RELEASE.jar:/Users/joker/.m2/repository/org/springframework/spring-context-support/5.0.5.RELEASE/spring-context-support-5.0.5.RELEASE.jar:/Users/joker/.m2/repository/org/freemarker/freemarker/2.3.28/freemarker-2.3.28.jar:/Users/joker/.m2/repository/org/mybatis/mybatis-spring/1.3.0/mybatis-spring-1.3.0.jar:/Users/joker/.m2/repository/org/mybatis/mybatis/3.4.1/mybatis-3.4.1.jar:, java.specification.name=Java Platform API Specification, java.class.version=52.0, sun.management.compiler=HotSpot 64-Bit Tiered Compilers, os.version=10.13.4, user.home=/Users/joker, user.timezone=Asia/Shanghai, java.awt.printerjob=sun.lwawt.macosx.CPrinterJob, file.encoding=UTF-8, java.specification.version=1.8, java.class.path=/Users/joker/Java/oxygen_workspace/tmall_micro/tmall-spring-eureka-server/target/test-classes:/Users/joker/Java/oxygen_workspace/tmall_micro/tmall-spring-eureka-server/target/classes:/Users/joker/.m2/repository/org/springframework/boot/spring-boot-starter-web/2.0.1.RELEASE/spring-boot-starter-web-2.0.1.RELEASE.jar:/Users/joker/.m2/repository/org/springframework/boot/spring-boot-starter/2.0.1.RELEASE/spring-boot-starter-2.0.1.RELEASE.jar:/Users/joker/.m2/repository/org/springframework/boot/spring-boot-autoconfigure/2.0.1.RELEASE/spring-boot-autoconfigure-2.0.1.RELEASE.jar:/Users/joker/.m2/repository/org/springframework/boot/spring-boot-starter-logging/2.0.1.RELEASE/spring-boot-starter-logging-2.0.1.RELEASE.jar:/Users/joker/.m2/repository/ch/qos/logback/logback-classic/1.2.3/logback-classic-1.2.3.jar:/Users/joker/.m2/repository/ch/qos/logback/logback-core/1.2.3/logback-core-1.2.3.jar:/Users/joker/.m2/repository/org/apache/logging/log4j/log4j-to-slf4j/2.10.0/log4j-to-slf4j-2.10.0.jar:/Users/joker/.m2/repository/org/apache/logging/log4j/log4j-api/2.10.0/log4j-api-2.10.0.jar:/Users/joker/.m2/repository/org/slf4j/jul-to-slf4j/1.7.25/jul-to-slf4j-1.7.25.jar:/Users/joker/.m2/repository/javax/annotation/javax.annotation-api/1.3.2/javax.annotation-api-1.3.2.jar:/Users/joker/.m2/repository/org/yaml/snakeyaml/1.19/snakeyaml-1.19.jar:/Users/joker/.m2/repository/org/springframework/boot/spring-boot-starter-json/2.0.1.RELEASE/spring-boot-starter-json-2.0.1.RELEASE.jar:/Users/joker/.m2/repository/com/fasterxml/jackson/datatype/jackson-datatype-jdk8/2.9.5/jackson-datatype-jdk8-2.9.5.jar:/Users/joker/.m2/repository/com/fasterxml/jackson/datatype/jackson-datatype-jsr310/2.9.5/jackson-datatype-jsr310-2.9.5.jar:/Users/joker/.m2/repository/com/fasterxml/jackson/module/jackson-module-parameter-names/2.9.5/jackson-module-parameter-names-2.9.5.jar:/Users/joker/.m2/repository/org/springframework/boot/spring-boot-starter-tomcat/2.0.1.RELEASE/spring-boot-starter-tomcat-2.0.1.RELEASE.jar:/Users/joker/.m2/repository/org/apache/tomcat/embed/tomcat-embed-core/8.5.29/tomcat-embed-core-8.5.29.jar:/Users/joker/.m2/repository/org/apache/tomcat/embed/tomcat-embed-el/8.5.29/tomcat-embed-el-8.5.29.jar:/Users/joker/.m2/repository/org/apache/tomcat/embed/tomcat-embed-websocket/8.5.29/tomcat-embed-websocket-8.5.29.jar:/Users/joker/.m2/repository/org/hibernate/validator/hibernate-validator/6.0.9.Final/hibernate-validator-6.0.9.Final.jar:/Users/joker/.m2/repository/org/jboss/logging/jboss-logging/3.3.2.Final/jboss-logging-3.3.2.Final.jar:/Users/joker/.m2/repository/com/fasterxml/classmate/1.3.4/classmate-1.3.4.jar:/Users/joker/.m2/repository/org/springframework/spring-web/5.0.5.RELEASE/spring-web-5.0.5.RELEASE.jar:/Users/joker/.m2/repository/org/springframework/spring-webmvc/5.0.5.RELEASE/spring-webmvc-5.0.5.RELEASE.jar:/Users/joker/.m2/repository/org/springframework/cloud/spring-cloud-starter-eureka-server/1.4.4.RELEASE/spring-cloud-starter-eureka-server-1.4.4.RELEASE.jar:/Users/joker/.m2/repository/org/springframework/cloud/spring-cloud-starter-netflix-eureka-server/2.0.1.RELEASE/spring-cloud-starter-netflix-eureka-server-2.0.1.RELEASE.jar:/Users/joker/.m2/repository/org/springframework/cloud/spring-cloud-starter/2.0.1.RELEASE/spring-cloud-starter-2.0.1.RELEASE.jar:/Users/joker/.m2/repository/org/springframework/cloud/spring-cloud-context/2.0.1.RELEASE/spring-cloud-context-2.0.1.RELEASE.jar:/Users/joker/.m2/repository/org/springframework/security/spring-security-crypto/5.0.4.RELEASE/spring-security-crypto-5.0.4.RELEASE.jar:/Users/joker/.m2/repository/org/springframework/cloud/spring-cloud-commons/2.0.1.RELEASE/spring-cloud-commons-2.0.1.RELEASE.jar:/Users/joker/.m2/repository/org/springframework/security/spring-security-rsa/1.0.5.RELEASE/spring-security-rsa-1.0.5.RELEASE.jar:/Users/joker/.m2/repository/org/bouncycastle/bcpkix-jdk15on/1.56/bcpkix-jdk15on-1.56.jar:/Users/joker/.m2/repository/org/bouncycastle/bcprov-jdk15on/1.56/bcprov-jdk15on-1.56.jar:/Users/joker/.m2/repository/org/springframework/cloud/spring-cloud-netflix-eureka-server/2.0.1.RELEASE/spring-cloud-netflix-eureka-server-2.0.1.RELEASE.jar:/Users/joker/.m2/repository/org/springframework/boot/spring-boot-starter-actuator/2.0.1.RELEASE/spring-boot-starter-actuator-2.0.1.RELEASE.jar:/Users/joker/.m2/repository/org/springframework/boot/spring-boot-actuator-autoconfigure/2.0.1.RELEASE/spring-boot-actuator-autoconfigure-2.0.1.RELEASE.jar:/Users/joker/.m2/repository/org/springframework/boot/spring-boot-actuator/2.0.1.RELEASE/spring-boot-actuator-2.0.1.RELEASE.jar:/Users/joker/.m2/repository/io/micrometer/micrometer-core/1.0.3/micrometer-core-1.0.3.jar:/Users/joker/.m2/repository/org/latencyutils/LatencyUtils/2.0.3/LatencyUtils-2.0.3.jar:/Users/joker/.m2/repository/org/springframework/boot/spring-boot-starter-freemarker/2.0.1.RELEASE/spring-boot-starter-freemarker-2.0.1.RELEASE.jar:/Users/joker/.m2/repository/org/springframework/cloud/spring-cloud-netflix-core/2.0.1.RELEASE/spring-cloud-netflix-core-2.0.1.RELEASE.jar:/Users/joker/.m2/repository/org/springframework/boot/spring-boot-starter-aop/2.0.1.RELEASE/spring-boot-starter-aop-2.0.1.RELEASE.jar:/Users/joker/.m2/repository/org/aspectj/aspectjweaver/1.8.13/aspectjweaver-1.8.13.jar:/Users/joker/.m2/repository/org/springframework/cloud/spring-cloud-netflix-eureka-client/2.0.1.RELEASE/spring-cloud-netflix-eureka-client-2.0.1.RELEASE.jar:/Users/joker/.m2/repository/com/netflix/eureka/eureka-client/1.9.3/eureka-client-1.9.3.jar:/Users/joker/.m2/repository/org/codehaus/jettison/jettison/1.3.7/jettison-1.3.7.jar:/Users/joker/.m2/repository/stax/stax-api/1.0.1/stax-api-1.0.1.jar:/Users/joker/.m2/repository/com/netflix/netflix-commons/netflix-eventbus/0.3.0/netflix-eventbus-0.3.0.jar:/Users/joker/.m2/repository/com/netflix/netflix-commons/netflix-infix/0.3.0/netflix-infix-0.3.0.jar:/Users/joker/.m2/repository/commons-jxpath/commons-jxpath/1.3/commons-jxpath-1.3.jar:/Users/joker/.m2/repository/joda-time/joda-time/2.9.9/joda-time-2.9.9.jar:/Users/joker/.m2/repository/org/antlr/antlr-runtime/3.4/antlr-runtime-3.4.jar:/Users/joker/.m2/repository/org/antlr/stringtemplate/3.2.1/stringtemplate-3.2.1.jar:/Users/joker/.m2/repository/antlr/antlr/2.7.7/antlr-2.7.7.jar:/Users/joker/.m2/repository/org/apache/commons/commons-math/2.2/commons-math-2.2.jar:/Users/joker/.m2/repository/javax/ws/rs/jsr311-api/1.1.1/jsr311-api-1.1.1.jar:/Users/joker/.m2/repository/com/netflix/servo/servo-core/0.12.21/servo-core-0.12.21.jar:/Users/joker/.m2/repository/com/sun/jersey/jersey-core/1.19.1/jersey-core-1.19.1.jar:/Users/joker/.m2/repository/com/sun/jersey/jersey-client/1.19.1/jersey-client-1.19.1.jar:/Users/joker/.m2/repository/com/sun/jersey/contribs/jersey-apache-client4/1.19.1/jersey-apache-client4-1.19.1.jar:/Users/joker/.m2/repository/com/google/inject/guice/4.1.0/guice-4.1.0.jar:/Users/joker/.m2/repository/aopalliance/aopalliance/1.0/aopalliance-1.0.jar:/Users/joker/.m2/repository/com/github/vlsi/compactmap/compactmap/1.2.1/compactmap-1.2.1.jar:/Users/joker/.m2/repository/com/github/andrewoma/dexx/dexx-collections/0.2/dexx-collections-0.2.jar:/Users/joker/.m2/repository/com/sun/jersey/jersey-servlet/1.19.1/jersey-servlet-1.19.1.jar:/Users/joker/.m2/repository/com/sun/jersey/jersey-server/1.19.1/jersey-server-1.19.1.jar:/Users/joker/.m2/repository/com/netflix/eureka/eureka-core/1.9.3/eureka-core-1.9.3.jar:/Users/joker/.m2/repository/org/codehaus/woodstox/woodstox-core-asl/4.4.1/woodstox-core-asl-4.4.1.jar:/Users/joker/.m2/repository/javax/xml/stream/stax-api/1.0-2/stax-api-1.0-2.jar:/Users/joker/.m2/repository/javax/inject/javax.inject/1/javax.inject-1.jar:/Users/joker/.m2/repository/com/fasterxml/jackson/dataformat/jackson-dataformat-xml/2.9.5/jackson-dataformat-xml-2.9.5.jar:/Users/joker/.m2/repository/com/fasterxml/jackson/module/jackson-module-jaxb-annotations/2.9.5/jackson-module-jaxb-annotations-2.9.5.jar:/Users/joker/.m2/repository/org/codehaus/woodstox/stax2-api/3.1.4/stax2-api-3.1.4.jar:/Users/joker/.m2/repository/com/fasterxml/woodstox/woodstox-core/5.0.3/woodstox-core-5.0.3.jar:/Users/joker/.m2/repository/com/thoughtworks/xstream/xstream/1.4.10/xstream-1.4.10.jar:/Users/joker/.m2/repository/xmlpull/xmlpull/1.1.3.1/xmlpull-1.1.3.1.jar:/Users/joker/.m2/repository/xpp3/xpp3_min/1.1.4c/xpp3_min-1.1.4c.jar:/Users/joker/.m2/repository/org/springframework/cloud/spring-cloud-starter-netflix-archaius/2.0.1.RELEASE/spring-cloud-starter-netflix-archaius-2.0.1.RELEASE.jar:/Users/joker/.m2/repository/org/springframework/cloud/spring-cloud-netflix-ribbon/2.0.1.RELEASE/spring-cloud-netflix-ribbon-2.0.1.RELEASE.jar:/Users/joker/.m2/repository/org/springframework/cloud/spring-cloud-netflix-archaius/2.0.1.RELEASE/spring-cloud-netflix-archaius-2.0.1.RELEASE.jar:/Users/joker/.m2/repository/commons-configuration/commons-configuration/1.8/commons-configuration-1.8.jar:/Users/joker/.m2/repository/org/springframework/cloud/spring-cloud-starter-netflix-ribbon/2.0.1.RELEASE/spring-cloud-starter-netflix-ribbon-2.0.1.RELEASE.jar:/Users/joker/.m2/repository/com/netflix/ribbon/ribbon/2.2.5/ribbon-2.2.5.jar:/Users/joker/.m2/repository/com/netflix/ribbon/ribbon-transport/2.2.5/ribbon-transport-2.2.5.jar:/Users/joker/.m2/repository/io/reactivex/rxnetty-contexts/0.4.9/rxnetty-contexts-0.4.9.jar:/Users/joker/.m2/repository/io/reactivex/rxnetty-servo/0.4.9/rxnetty-servo-0.4.9.jar:/Users/joker/.m2/repository/io/reactivex/rxnetty/0.4.9/rxnetty-0.4.9.jar:/Users/joker/.m2/repository/com/netflix/ribbon/ribbon-core/2.2.5/ribbon-core-2.2.5.jar:/Users/joker/.m2/repository/com/netflix/ribbon/ribbon-httpclient/2.2.5/ribbon-httpclient-2.2.5.jar:/Users/joker/.m2/repository/com/netflix/netflix-commons/netflix-commons-util/0.3.0/netflix-commons-util-0.3.0.jar:/Users/joker/.m2/repository/com/netflix/ribbon/ribbon-loadbalancer/2.2.5/ribbon-loadbalancer-2.2.5.jar:/Users/joker/.m2/repository/com/netflix/netflix-commons/netflix-statistics/0.1.1/netflix-statistics-0.1.1.jar:/Users/joker/.m2/repository/com/netflix/ribbon/ribbon-eureka/2.2.5/ribbon-eureka-2.2.5.jar:/Users/joker/.m2/repository/org/springframework/boot/spring-boot-starter-test/2.0.1.RELEASE/spring-boot-starter-test-2.0.1.RELEASE.jar:/Users/joker/.m2/repository/org/springframework/boot/spring-boot-test/2.0.1.RELEASE/spring-boot-test-2.0.1.RELEASE.jar:/Users/joker/.m2/repository/org/springframework/boot/spring-boot-test-autoconfigure/2.0.1.RELEASE/spring-boot-test-autoconfigure-2.0.1.RELEASE.jar:/Users/joker/.m2/repository/com/jayway/jsonpath/json-path/2.4.0/json-path-2.4.0.jar:/Users/joker/.m2/repository/net/minidev/json-smart/2.3/json-smart-2.3.jar:/Users/joker/.m2/repository/net/minidev/accessors-smart/1.2/accessors-smart-1.2.jar:/Users/joker/.m2/repository/org/ow2/asm/asm/5.0.4/asm-5.0.4.jar:/Users/joker/.m2/repository/junit/junit/4.12/junit-4.12.jar:/Users/joker/.m2/repository/org/assertj/assertj-core/3.9.1/assertj-core-3.9.1.jar:/Users/joker/.m2/repository/org/mockito/mockito-core/2.15.0/mockito-core-2.15.0.jar:/Users/joker/.m2/repository/net/bytebuddy/byte-buddy/1.7.11/byte-buddy-1.7.11.jar:/Users/joker/.m2/repository/net/bytebuddy/byte-buddy-agent/1.7.11/byte-buddy-agent-1.7.11.jar:/Users/joker/.m2/repository/org/objenesis/objenesis/2.6/objenesis-2.6.jar:/Users/joker/.m2/repository/org/hamcrest/hamcrest-core/1.3/hamcrest-core-1.3.jar:/Users/joker/.m2/repository/org/hamcrest/hamcrest-library/1.3/hamcrest-library-1.3.jar:/Users/joker/.m2/repository/org/skyscreamer/jsonassert/1.5.0/jsonassert-1.5.0.jar:/Users/joker/.m2/repository/com/vaadin/external/google/android-json/0.0.20131108.vaadin1/android-json-0.0.20131108.vaadin1.jar:/Users/joker/.m2/repository/org/springframework/spring-core/5.0.5.RELEASE/spring-core-5.0.5.RELEASE.jar:/Users/joker/.m2/repository/org/springframework/spring-jcl/5.0.5.RELEASE/spring-jcl-5.0.5.RELEASE.jar:/Users/joker/.m2/repository/org/xmlunit/xmlunit-core/2.5.1/xmlunit-core-2.5.1.jar:/Users/joker/.m2/repository/org/projectlombok/lombok/1.16.20/lombok-1.16.20.jar:/Users/joker/.m2/repository/javax/servlet/javax.servlet-api/3.1.0/javax.servlet-api-3.1.0.jar:/Users/joker/.m2/repository/org/springframework/spring-context/5.0.5.RELEASE/spring-context-5.0.5.RELEASE.jar:/Users/joker/.m2/repository/org/springframework/spring-aop/5.0.5.RELEASE/spring-aop-5.0.5.RELEASE.jar:/Users/joker/.m2/repository/org/springframework/spring-beans/5.0.5.RELEASE/spring-beans-5.0.5.RELEASE.jar:/Users/joker/.m2/repository/org/springframework/spring-expression/5.0.5.RELEASE/spring-expression-5.0.5.RELEASE.jar:/Users/joker/.m2/repository/com/rebuildtmall/tmall-micro-common/0.0.1-SNAPSHOT/tmall-micro-common-0.0.1-SNAPSHOT.jar:/Users/joker/.m2/repository/com/joker/library/0.0.2-SNAPSHOT/library-0.0.2-SNAPSHOT.jar:/Users/joker/.m2/repository/commons-net/commons-net/3.6/commons-net-3.6.jar:/Users/joker/.m2/repository/org/apache/commons/commons-lang3/3.7/commons-lang3-3.7.jar:/Users/joker/.m2/repository/com/sun/mail/javax.mail/1.6.1/javax.mail-1.6.1.jar:/Users/joker/.m2/repository/javax/activation/activation/1.1/activation-1.1.jar:/Users/joker/.m2/repository/javax/mail/mail/1.4.7/mail-1.4.7.jar:/Users/joker/.m2/repository/io/github/openfeign/feign-core/9.5.1/feign-core-9.5.1.jar:/Users/joker/.m2/repository/com/netflix/hystrix/hystrix-core/1.5.12/hystrix-core-1.5.12.jar:/Users/joker/.m2/repository/com/netflix/archaius/archaius-core/0.7.6/archaius-core-0.7.6.jar:/Users/joker/.m2/repository/com/google/code/findbugs/jsr305/3.0.1/jsr305-3.0.1.jar:/Users/joker/.m2/repository/com/google/guava/guava/16.0/guava-16.0.jar:/Users/joker/.m2/repository/io/reactivex/rxjava/1.3.8/rxjava-1.3.8.jar:/Users/joker/.m2/repository/org/hdrhistogram/HdrHistogram/2.1.9/HdrHistogram-2.1.9.jar:/Users/joker/.m2/repository/org/springframework/boot/spring-boot/2.0.1.RELEASE/spring-boot-2.0.1.RELEASE.jar:/Users/joker/.m2/repository/io/jsonwebtoken/jjwt/0.9.1/jjwt-0.9.1.jar:/Users/joker/.m2/repository/com/google/code/gson/gson/2.8.2/gson-2.8.2.jar:/Users/joker/.m2/repository/org/springframework/amqp/spring-rabbit/2.0.3.RELEASE/spring-rabbit-2.0.3.RELEASE.jar:/Users/joker/.m2/repository/org/springframework/amqp/spring-amqp/2.0.3.RELEASE/spring-amqp-2.0.3.RELEASE.jar:/Users/joker/.m2/repository/com/rabbitmq/amqp-client/5.1.2/amqp-client-5.1.2.jar:/Users/joker/.m2/repository/com/rabbitmq/http-client/2.0.1.RELEASE/http-client-2.0.1.RELEASE.jar:/Users/joker/.m2/repository/org/springframework/spring-webflux/5.0.5.RELEASE/spring-webflux-5.0.5.RELEASE.jar:/Users/joker/.m2/repository/io/projectreactor/reactor-core/3.1.6.RELEASE/reactor-core-3.1.6.RELEASE.jar:/Users/joker/.m2/repository/org/reactivestreams/reactive-streams/1.0.2/reactive-streams-1.0.2.jar:/Users/joker/.m2/repository/org/apache/httpcomponents/httpclient/4.5.5/httpclient-4.5.5.jar:/Users/joker/.m2/repository/org/apache/httpcomponents/httpcore/4.4.9/httpcore-4.4.9.jar:/Users/joker/.m2/repository/commons-codec/commons-codec/1.11/commons-codec-1.11.jar:/Users/joker/.m2/repository/io/projectreactor/ipc/reactor-netty/0.7.6.RELEASE/reactor-netty-0.7.6.RELEASE.jar:/Users/joker/.m2/repository/io/netty/netty-codec-http/4.1.23.Final/netty-codec-http-4.1.23.Final.jar:/Users/joker/.m2/repository/io/netty/netty-codec/4.1.23.Final/netty-codec-4.1.23.Final.jar:/Users/joker/.m2/repository/io/netty/netty-handler/4.1.23.Final/netty-handler-4.1.23.Final.jar:/Users/joker/.m2/repository/io/netty/netty-buffer/4.1.23.Final/netty-buffer-4.1.23.Final.jar:/Users/joker/.m2/repository/io/netty/netty-transport/4.1.23.Final/netty-transport-4.1.23.Final.jar:/Users/joker/.m2/repository/io/netty/netty-resolver/4.1.23.Final/netty-resolver-4.1.23.Final.jar:/Users/joker/.m2/repository/io/netty/netty-handler-proxy/4.1.23.Final/netty-handler-proxy-4.1.23.Final.jar:/Users/joker/.m2/repository/io/netty/netty-codec-socks/4.1.23.Final/netty-codec-socks-4.1.23.Final.jar:/Users/joker/.m2/repository/io/netty/netty-transport-native-epoll/4.1.23.Final/netty-transport-native-epoll-4.1.23.Final.jar:/Users/joker/.m2/repository/io/netty/netty-common/4.1.23.Final/netty-common-4.1.23.Final.jar:/Users/joker/.m2/repository/io/netty/netty-transport-native-unix-common/4.1.23.Final/netty-transport-native-unix-common-4.1.23.Final.jar:/Users/joker/.m2/repository/org/springframework/spring-messaging/5.0.5.RELEASE/spring-messaging-5.0.5.RELEASE.jar:/Users/joker/.m2/repository/org/springframework/retry/spring-retry/1.2.2.RELEASE/spring-retry-1.2.2.RELEASE.jar:/Users/joker/.m2/repository/net/sf/json-lib/json-lib/2.4/json-lib-2.4-jdk15.jar:/Users/joker/.m2/repository/commons-beanutils/commons-beanutils/1.8.0/commons-beanutils-1.8.0.jar:/Users/joker/.m2/repository/commons-collections/commons-collections/3.2.1/commons-collections-3.2.1.jar:/Users/joker/.m2/repository/commons-lang/commons-lang/2.5/commons-lang-2.5.jar:/Users/joker/.m2/repository/net/sf/ezmorph/ezmorph/1.0.6/ezmorph-1.0.6.jar:/Users/joker/.m2/repository/redis/clients/jedis/2.9.0/jedis-2.9.0.jar:/Users/joker/.m2/repository/org/apache/commons/commons-pool2/2.5.0/commons-pool2-2.5.0.jar:/Users/joker/.m2/repository/commons-io/commons-io/2.4/commons-io-2.4.jar:/Users/joker/.m2/repository/org/springframework/spring-jdbc/5.0.5.RELEASE/spring-jdbc-5.0.5.RELEASE.jar:/Users/joker/.m2/repository/org/springframework/spring-tx/5.0.5.RELEASE/spring-tx-5.0.5.RELEASE.jar:/Users/joker/.m2/repository/org/slf4j/slf4j-api/1.7.25/slf4j-api-1.7.25.jar:/Users/joker/.m2/repository/log4j/log4j/1.2.17/log4j-1.2.17.jar:/Users/joker/.m2/repository/javax/validation/validation-api/2.0.1.Final/validation-api-2.0.1.Final.jar:/Users/joker/.m2/repository/mysql/mysql-connector-java/5.1.46/mysql-connector-java-5.1.46.jar:/Users/joker/.m2/repository/commons-dbutils/commons-dbutils/1.6/commons-dbutils-1.6.jar:/Users/joker/.m2/repository/com/alibaba/druid/1.0.9/druid-1.0.9.jar:/Library/Java/JavaVirtualMachines/jdk1.8.0_171.jdk/Contents/Home/jre/../lib/jconsole.jar:/Library/Java/JavaVirtualMachines/jdk1.8.0_171.jdk/Contents/Home/jre/../lib/tools.jar:/Users/joker/.m2/repository/com/fasterxml/jackson/core/jackson-core/2.9.5/jackson-core-2.9.5.jar:/Users/joker/.m2/repository/com/fasterxml/jackson/core/jackson-databind/2.9.5/jackson-databind-2.9.5.jar:/Users/joker/.m2/repository/com/fasterxml/jackson/core/jackson-annotations/2.9.0/jackson-annotations-2.9.0.jar:/Users/joker/.m2/repository/org/springframework/spring-test/5.0.5.RELEASE/spring-test-5.0.5.RELEASE.jar:/Users/joker/.m2/repository/org/springframework/spring-context-support/5.0.5.RELEASE/spring-context-support-5.0.5.RELEASE.jar:/Users/joker/.m2/repository/org/freemarker/freemarker/2.3.28/freemarker-2.3.28.jar:/Users/joker/.m2/repository/org/mybatis/mybatis-spring/1.3.0/mybatis-spring-1.3.0.jar:/Users/joker/.m2/repository/org/mybatis/mybatis/3.4.1/mybatis-3.4.1.jar:, user.name=joker, java.vm.specification.version=1.8, sun.java.command=/Users/joker/Java/oxygen_workspace/tmall_micro/tmall-spring-eureka-server/target/surefire/surefirebooter2382093560604748531.jar /Users/joker/Java/oxygen_workspace/tmall_micro/tmall-spring-eureka-server/target/surefire 2018-08-31T14-27-27_663-jvmRun1 surefire4172398380882111877tmp surefire_03544188777374131119tmp, java.home=/Library/Java/JavaVirtualMachines/jdk1.8.0_171.jdk/Contents/Home/jre, sun.arch.data.model=64, user.language=zh, java.specification.vendor=Oracle Corporation, awt.toolkit=sun.lwawt.macosx.LWCToolkit, java.vm.info=mixed mode, java.version=1.8.0_171, java.ext.dirs=/Users/joker/Library/Java/Extensions:/Library/Java/JavaVirtualMachines/jdk1.8.0_171.jdk/Contents/Home/jre/lib/ext:/Library/Java/Extensions:/Network/Library/Java/Extensions:/System/Library/Java/Extensions:/usr/lib/java, sun.boot.class.path=/Library/Java/JavaVirtualMachines/jdk1.8.0_171.jdk/Contents/Home/jre/lib/resources.jar:/Library/Java/JavaVirtualMachines/jdk1.8.0_171.jdk/Contents/Home/jre/lib/rt.jar:/Library/Java/JavaVirtualMachines/jdk1.8.0_171.jdk/Contents/Home/jre/lib/sunrsasign.jar:/Library/Java/JavaVirtualMachines/jdk1.8.0_171.jdk/Contents/Home/jre/lib/jsse.jar:/Library/Java/JavaVirtualMachines/jdk1.8.0_171.jdk/Contents/Home/jre/lib/jce.jar:/Library/Java/JavaVirtualMachines/jdk1.8.0_171.jdk/Contents/Home/jre/lib/charsets.jar:/Library/Java/JavaVirtualMachines/jdk1.8.0_171.jdk/Contents/Home/jre/lib/jfr.jar:/Library/Java/JavaVirtualMachines/jdk1.8.0_171.jdk/Contents/Home/jre/classes, java.vendor=Oracle Corporation, localRepository=/Users/joker/.m2/repository, file.separator=/, java.vendor.url.bug=http://bugreport.sun.com/bugreport/, sun.io.unicode.encoding=UnicodeBig, sun.cpu.endian=little, sun.cpu.isalist=}}, SystemEnvironmentPropertySource@921760190 {name='systemEnvironment', properties={PATH=/usr/bin:/bin:/usr/sbin:/sbin, SHELL=/bin/bash, APP_ICON_2473=../Resources/Eclipse.icns, OLDPWD=/Users/joker/Java/oxygen_workspace/tmall_micro/tmall-spring-eureka-server, USER=joker, TMPDIR=/var/folders/dn/7154dtvn6hsd1g__t9zng7nm0000gn/T/, SSH_AUTH_SOCK=/private/tmp/com.apple.launchd.g76A5Xqva2/Listeners, XPC_FLAGS=0x0, JAVA_MAIN_CLASS_2751=org.codehaus.plexus.classworlds.launcher.Launcher, __CF_USER_TEXT_ENCODING=0x1F5:0x19:0x34, Apple_PubSub_Socket_Render=/private/tmp/com.apple.launchd.KeT4iyHT9d/Render, JAVA_MAIN_CLASS_2753=org.apache.maven.surefire.booter.ForkedBooter, LOGNAME=joker, XPC_SERVICE_NAME=0, PWD=/Users/joker/Java/oxygen_workspace/tmall_micro/tmall-spring-eureka-server, HOME=/Users/joker, SHLVL=1, _=/Library/Java/JavaVirtualMachines/jdk1.8.0_171.jdk/Contents/Home/jre/bin/java, JAVA_STARTED_ON_FIRST_THREAD_2473=1}}]
14:27:28.686 [main] DEBUG org.springframework.core.io.support.PathMatchingResourcePatternResolver - Resolved classpath location [com/example/demo/] to resources [URL [file:/Users/joker/Java/oxygen_workspace/tmall_micro/tmall-spring-eureka-server/target/test-classes/com/example/demo/]]
14:27:28.687 [main] DEBUG org.springframework.core.io.support.PathMatchingResourcePatternResolver - Looking for matching resources in directory tree [/Users/joker/Java/oxygen_workspace/tmall_micro/tmall-spring-eureka-server/target/test-classes/com/example/demo]
14:27:28.687 [main] DEBUG org.springframework.core.io.support.PathMatchingResourcePatternResolver - Searching directory [/Users/joker/Java/oxygen_workspace/tmall_micro/tmall-spring-eureka-server/target/test-classes/com/example/demo] for files matching pattern [/Users/joker/Java/oxygen_workspace/tmall_micro/tmall-spring-eureka-server/target/test-classes/com/example/demo/*.class]
14:27:28.692 [main] DEBUG org.springframework.core.io.support.PathMatchingResourcePatternResolver - Resolved location pattern [classpath*:com/example/demo/*.class] to resources [file [/Users/joker/Java/oxygen_workspace/tmall_micro/tmall-spring-eureka-server/target/test-classes/com/example/demo/TmallSpringEurekaServerApplicationTests.class]]
14:27:28.734 [main] DEBUG org.springframework.core.io.support.PathMatchingResourcePatternResolver - Resolved classpath location [com/example/] to resources [URL [file:/Users/joker/Java/oxygen_workspace/tmall_micro/tmall-spring-eureka-server/target/test-classes/com/example/]]
14:27:28.734 [main] DEBUG org.springframework.core.io.support.PathMatchingResourcePatternResolver - Looking for matching resources in directory tree [/Users/joker/Java/oxygen_workspace/tmall_micro/tmall-spring-eureka-server/target/test-classes/com/example]
14:27:28.734 [main] DEBUG org.springframework.core.io.support.PathMatchingResourcePatternResolver - Searching directory [/Users/joker/Java/oxygen_workspace/tmall_micro/tmall-spring-eureka-server/target/test-classes/com/example] for files matching pattern [/Users/joker/Java/oxygen_workspace/tmall_micro/tmall-spring-eureka-server/target/test-classes/com/example/*.class]
14:27:28.735 [main] DEBUG org.springframework.core.io.support.PathMatchingResourcePatternResolver - Resolved location pattern [classpath*:com/example/*.class] to resources []
14:27:28.737 [main] DEBUG org.springframework.core.io.support.PathMatchingResourcePatternResolver - Resolved classpath location [com/] to resources [URL [jar:file:/System/Library/Java/Extensions/MRJToolkit.jar!/com/], URL [file:/Users/joker/Java/oxygen_workspace/tmall_micro/tmall-spring-eureka-server/target/test-classes/com/], URL [file:/Users/joker/Java/oxygen_workspace/tmall_micro/tmall-spring-eureka-server/target/classes/com/], URL [jar:file:/Users/joker/.m2/repository/com/fasterxml/jackson/datatype/jackson-datatype-jdk8/2.9.5/jackson-datatype-jdk8-2.9.5.jar!/com/], URL [jar:file:/Users/joker/.m2/repository/com/fasterxml/jackson/datatype/jackson-datatype-jsr310/2.9.5/jackson-datatype-jsr310-2.9.5.jar!/com/], URL [jar:file:/Users/joker/.m2/repository/com/fasterxml/jackson/module/jackson-module-parameter-names/2.9.5/jackson-module-parameter-names-2.9.5.jar!/com/], URL [jar:file:/Users/joker/.m2/repository/com/fasterxml/classmate/1.3.4/classmate-1.3.4.jar!/com/], URL [jar:file:/Users/joker/.m2/repository/com/netflix/eureka/eureka-client/1.9.3/eureka-client-1.9.3.jar!/com/], URL [jar:file:/Users/joker/.m2/repository/com/netflix/netflix-commons/netflix-eventbus/0.3.0/netflix-eventbus-0.3.0.jar!/com/], URL [jar:file:/Users/joker/.m2/repository/com/netflix/netflix-commons/netflix-infix/0.3.0/netflix-infix-0.3.0.jar!/com/], URL [jar:file:/Users/joker/.m2/repository/com/netflix/servo/servo-core/0.12.21/servo-core-0.12.21.jar!/com/], URL [jar:file:/Users/joker/.m2/repository/com/sun/jersey/jersey-core/1.19.1/jersey-core-1.19.1.jar!/com/], URL [jar:file:/Users/joker/.m2/repository/com/sun/jersey/jersey-client/1.19.1/jersey-client-1.19.1.jar!/com/], URL [jar:file:/Users/joker/.m2/repository/com/sun/jersey/contribs/jersey-apache-client4/1.19.1/jersey-apache-client4-1.19.1.jar!/com/], URL [jar:file:/Users/joker/.m2/repository/com/google/inject/guice/4.1.0/guice-4.1.0.jar!/com/], URL [jar:file:/Users/joker/.m2/repository/com/github/andrewoma/dexx/dexx-collections/0.2/dexx-collections-0.2.jar!/com/], URL [jar:file:/Users/joker/.m2/repository/com/sun/jersey/jersey-servlet/1.19.1/jersey-servlet-1.19.1.jar!/com/], URL [jar:file:/Users/joker/.m2/repository/com/sun/jersey/jersey-server/1.19.1/jersey-server-1.19.1.jar!/com/], URL [jar:file:/Users/joker/.m2/repository/com/netflix/eureka/eureka-core/1.9.3/eureka-core-1.9.3.jar!/com/], URL [jar:file:/Users/joker/.m2/repository/org/codehaus/woodstox/woodstox-core-asl/4.4.1/woodstox-core-asl-4.4.1.jar!/com/], URL [jar:file:/Users/joker/.m2/repository/com/fasterxml/jackson/dataformat/jackson-dataformat-xml/2.9.5/jackson-dataformat-xml-2.9.5.jar!/com/], URL [jar:file:/Users/joker/.m2/repository/com/fasterxml/jackson/module/jackson-module-jaxb-annotations/2.9.5/jackson-module-jaxb-annotations-2.9.5.jar!/com/], URL [jar:file:/Users/joker/.m2/repository/com/fasterxml/woodstox/woodstox-core/5.0.3/woodstox-core-5.0.3.jar!/com/], URL [jar:file:/Users/joker/.m2/repository/com/thoughtworks/xstream/xstream/1.4.10/xstream-1.4.10.jar!/com/], URL [jar:file:/Users/joker/.m2/repository/com/netflix/ribbon/ribbon/2.2.5/ribbon-2.2.5.jar!/com/], URL [jar:file:/Users/joker/.m2/repository/com/netflix/ribbon/ribbon-transport/2.2.5/ribbon-transport-2.2.5.jar!/com/], URL [jar:file:/Users/joker/.m2/repository/io/reactivex/rxnetty-contexts/0.4.9/rxnetty-contexts-0.4.9.jar!/com/], URL [jar:file:/Users/joker/.m2/repository/com/netflix/ribbon/ribbon-core/2.2.5/ribbon-core-2.2.5.jar!/com/], URL [jar:file:/Users/joker/.m2/repository/com/netflix/ribbon/ribbon-httpclient/2.2.5/ribbon-httpclient-2.2.5.jar!/com/], URL [jar:file:/Users/joker/.m2/repository/com/netflix/netflix-commons/netflix-commons-util/0.3.0/netflix-commons-util-0.3.0.jar!/com/], URL [jar:file:/Users/joker/.m2/repository/com/netflix/ribbon/ribbon-loadbalancer/2.2.5/ribbon-loadbalancer-2.2.5.jar!/com/], URL [jar:file:/Users/joker/.m2/repository/com/netflix/netflix-commons/netflix-statistics/0.1.1/netflix-statistics-0.1.1.jar!/com/], URL [jar:file:/Users/joker/.m2/repository/com/netflix/ribbon/ribbon-eureka/2.2.5/ribbon-eureka-2.2.5.jar!/com/], URL [jar:file:/Users/joker/.m2/repository/com/jayway/jsonpath/json-path/2.4.0/json-path-2.4.0.jar!/com/], URL [jar:file:/Users/joker/.m2/repository/org/projectlombok/lombok/1.16.20/lombok-1.16.20.jar!/com/], URL [jar:file:/Users/joker/.m2/repository/com/rebuildtmall/tmall-micro-common/0.0.1-SNAPSHOT/tmall-micro-common-0.0.1-SNAPSHOT.jar!/com/], URL [jar:file:/Users/joker/.m2/repository/com/joker/library/0.0.2-SNAPSHOT/library-0.0.2-SNAPSHOT.jar!/com/], URL [jar:file:/Users/joker/.m2/repository/com/sun/mail/javax.mail/1.6.1/javax.mail-1.6.1.jar!/com/], URL [jar:file:/Users/joker/.m2/repository/javax/activation/activation/1.1/activation-1.1.jar!/com/], URL [jar:file:/Users/joker/.m2/repository/javax/mail/mail/1.4.7/mail-1.4.7.jar!/com/], URL [jar:file:/Users/joker/.m2/repository/com/netflix/hystrix/hystrix-core/1.5.12/hystrix-core-1.5.12.jar!/com/], URL [jar:file:/Users/joker/.m2/repository/com/netflix/archaius/archaius-core/0.7.6/archaius-core-0.7.6.jar!/com/], URL [jar:file:/Users/joker/.m2/repository/com/google/guava/guava/16.0/guava-16.0.jar!/com/], URL [jar:file:/Users/joker/.m2/repository/com/google/code/gson/gson/2.8.2/gson-2.8.2.jar!/com/], URL [jar:file:/Users/joker/.m2/repository/com/rabbitmq/amqp-client/5.1.2/amqp-client-5.1.2.jar!/com/], URL [jar:file:/Users/joker/.m2/repository/com/rabbitmq/http-client/2.0.1.RELEASE/http-client-2.0.1.RELEASE.jar!/com/], URL [jar:file:/Users/joker/.m2/repository/mysql/mysql-connector-java/5.1.46/mysql-connector-java-5.1.46.jar!/com/], URL [jar:file:/Users/joker/.m2/repository/com/alibaba/druid/1.0.9/druid-1.0.9.jar!/com/], URL [jar:file:/Users/joker/.m2/repository/com/fasterxml/jackson/core/jackson-annotations/2.9.0/jackson-annotations-2.9.0.jar!/com/]]
14:27:28.738 [main] DEBUG org.springframework.core.io.support.PathMatchingResourcePatternResolver - Looking for matching resources in jar file [file:/System/Library/Java/Extensions/MRJToolkit.jar]
14:27:28.739 [main] DEBUG org.springframework.core.io.support.PathMatchingResourcePatternResolver - Looking for matching resources in directory tree [/Users/joker/Java/oxygen_workspace/tmall_micro/tmall-spring-eureka-server/target/test-classes/com]
14:27:28.739 [main] DEBUG org.springframework.core.io.support.PathMatchingResourcePatternResolver - Searching directory [/Users/joker/Java/oxygen_workspace/tmall_micro/tmall-spring-eureka-server/target/test-classes/com] for files matching pattern [/Users/joker/Java/oxygen_workspace/tmall_micro/tmall-spring-eureka-server/target/test-classes/com/*.class]
14:27:28.739 [main] DEBUG org.springframework.core.io.support.PathMatchingResourcePatternResolver - Looking for matching resources in directory tree [/Users/joker/Java/oxygen_workspace/tmall_micro/tmall-spring-eureka-server/target/classes/com]
14:27:28.740 [main] DEBUG org.springframework.core.io.support.PathMatchingResourcePatternResolver - Searching directory [/Users/joker/Java/oxygen_workspace/tmall_micro/tmall-spring-eureka-server/target/classes/com] for files matching pattern [/Users/joker/Java/oxygen_workspace/tmall_micro/tmall-spring-eureka-server/target/classes/com/*.class]
14:27:28.740 [main] DEBUG org.springframework.core.io.support.PathMatchingResourcePatternResolver - Looking for matching resources in jar file [file:/Users/joker/.m2/repository/com/fasterxml/jackson/datatype/jackson-datatype-jdk8/2.9.5/jackson-datatype-jdk8-2.9.5.jar]
14:27:28.741 [main] DEBUG org.springframework.core.io.support.PathMatchingResourcePatternResolver - Looking for matching resources in jar file [file:/Users/joker/.m2/repository/com/fasterxml/jackson/datatype/jackson-datatype-jsr310/2.9.5/jackson-datatype-jsr310-2.9.5.jar]
14:27:28.742 [main] DEBUG org.springframework.core.io.support.PathMatchingResourcePatternResolver - Looking for matching resources in jar file [file:/Users/joker/.m2/repository/com/fasterxml/jackson/module/jackson-module-parameter-names/2.9.5/jackson-module-parameter-names-2.9.5.jar]
14:27:28.743 [main] DEBUG org.springframework.core.io.support.PathMatchingResourcePatternResolver - Looking for matching resources in jar file [file:/Users/joker/.m2/repository/com/fasterxml/classmate/1.3.4/classmate-1.3.4.jar]
14:27:28.743 [main] DEBUG org.springframework.core.io.support.PathMatchingResourcePatternResolver - Looking for matching resources in jar file [file:/Users/joker/.m2/repository/com/netflix/eureka/eureka-client/1.9.3/eureka-client-1.9.3.jar]
14:27:28.747 [main] DEBUG org.springframework.core.io.support.PathMatchingResourcePatternResolver - Looking for matching resources in jar file [file:/Users/joker/.m2/repository/com/netflix/netflix-commons/netflix-eventbus/0.3.0/netflix-eventbus-0.3.0.jar]
14:27:28.750 [main] DEBUG org.springframework.core.io.support.PathMatchingResourcePatternResolver - Looking for matching resources in jar file [file:/Users/joker/.m2/repository/com/netflix/netflix-commons/netflix-infix/0.3.0/netflix-infix-0.3.0.jar]
14:27:28.751 [main] DEBUG org.springframework.core.io.support.PathMatchingResourcePatternResolver - Looking for matching resources in jar file [file:/Users/joker/.m2/repository/com/netflix/servo/servo-core/0.12.21/servo-core-0.12.21.jar]
14:27:28.753 [main] DEBUG org.springframework.core.io.support.PathMatchingResourcePatternResolver - Looking for matching resources in jar file [file:/Users/joker/.m2/repository/com/sun/jersey/jersey-core/1.19.1/jersey-core-1.19.1.jar]
14:27:28.756 [main] DEBUG org.springframework.core.io.support.PathMatchingResourcePatternResolver - Looking for matching resources in jar file [file:/Users/joker/.m2/repository/com/sun/jersey/jersey-client/1.19.1/jersey-client-1.19.1.jar]
14:27:28.757 [main] DEBUG org.springframework.core.io.support.PathMatchingResourcePatternResolver - Looking for matching resources in jar file [file:/Users/joker/.m2/repository/com/sun/jersey/contribs/jersey-apache-client4/1.19.1/jersey-apache-client4-1.19.1.jar]
14:27:28.758 [main] DEBUG org.springframework.core.io.support.PathMatchingResourcePatternResolver - Looking for matching resources in jar file [file:/Users/joker/.m2/repository/com/google/inject/guice/4.1.0/guice-4.1.0.jar]
14:27:28.760 [main] DEBUG org.springframework.core.io.support.PathMatchingResourcePatternResolver - Looking for matching resources in jar file [file:/Users/joker/.m2/repository/com/github/andrewoma/dexx/dexx-collections/0.2/dexx-collections-0.2.jar]
14:27:28.761 [main] DEBUG org.springframework.core.io.support.PathMatchingResourcePatternResolver - Looking for matching resources in jar file [file:/Users/joker/.m2/repository/com/sun/jersey/jersey-servlet/1.19.1/jersey-servlet-1.19.1.jar]
14:27:28.762 [main] DEBUG org.springframework.core.io.support.PathMatchingResourcePatternResolver - Looking for matching resources in jar file [file:/Users/joker/.m2/repository/com/sun/jersey/jersey-server/1.19.1/jersey-server-1.19.1.jar]
14:27:28.766 [main] DEBUG org.springframework.core.io.support.PathMatchingResourcePatternResolver - Looking for matching resources in jar file [file:/Users/joker/.m2/repository/com/netflix/eureka/eureka-core/1.9.3/eureka-core-1.9.3.jar]
14:27:28.768 [main] DEBUG org.springframework.core.io.support.PathMatchingResourcePatternResolver - Looking for matching resources in jar file [file:/Users/joker/.m2/repository/org/codehaus/woodstox/woodstox-core-asl/4.4.1/woodstox-core-asl-4.4.1.jar]
14:27:28.769 [main] DEBUG org.springframework.core.io.support.PathMatchingResourcePatternResolver - Looking for matching resources in jar file [file:/Users/joker/.m2/repository/com/fasterxml/jackson/dataformat/jackson-dataformat-xml/2.9.5/jackson-dataformat-xml-2.9.5.jar]
14:27:28.770 [main] DEBUG org.springframework.core.io.support.PathMatchingResourcePatternResolver - Looking for matching resources in jar file [file:/Users/joker/.m2/repository/com/fasterxml/jackson/module/jackson-module-jaxb-annotations/2.9.5/jackson-module-jaxb-annotations-2.9.5.jar]
14:27:28.770 [main] DEBUG org.springframework.core.io.support.PathMatchingResourcePatternResolver - Looking for matching resources in jar file [file:/Users/joker/.m2/repository/com/fasterxml/woodstox/woodstox-core/5.0.3/woodstox-core-5.0.3.jar]
14:27:28.772 [main] DEBUG org.springframework.core.io.support.PathMatchingResourcePatternResolver - Looking for matching resources in jar file [file:/Users/joker/.m2/repository/com/thoughtworks/xstream/xstream/1.4.10/xstream-1.4.10.jar]
14:27:28.774 [main] DEBUG org.springframework.core.io.support.PathMatchingResourcePatternResolver - Looking for matching resources in jar file [file:/Users/joker/.m2/repository/com/netflix/ribbon/ribbon/2.2.5/ribbon-2.2.5.jar]
14:27:28.775 [main] DEBUG org.springframework.core.io.support.PathMatchingResourcePatternResolver - Looking for matching resources in jar file [file:/Users/joker/.m2/repository/com/netflix/ribbon/ribbon-transport/2.2.5/ribbon-transport-2.2.5.jar]
14:27:28.775 [main] DEBUG org.springframework.core.io.support.PathMatchingResourcePatternResolver - Looking for matching resources in jar file [file:/Users/joker/.m2/repository/io/reactivex/rxnetty-contexts/0.4.9/rxnetty-contexts-0.4.9.jar]
14:27:28.776 [main] DEBUG org.springframework.core.io.support.PathMatchingResourcePatternResolver - Looking for matching resources in jar file [file:/Users/joker/.m2/repository/com/netflix/ribbon/ribbon-core/2.2.5/ribbon-core-2.2.5.jar]
14:27:28.777 [main] DEBUG org.springframework.core.io.support.PathMatchingResourcePatternResolver - Looking for matching resources in jar file [file:/Users/joker/.m2/repository/com/netflix/ribbon/ribbon-httpclient/2.2.5/ribbon-httpclient-2.2.5.jar]
14:27:28.777 [main] DEBUG org.springframework.core.io.support.PathMatchingResourcePatternResolver - Looking for matching resources in jar file [file:/Users/joker/.m2/repository/com/netflix/netflix-commons/netflix-commons-util/0.3.0/netflix-commons-util-0.3.0.jar]
14:27:28.777 [main] DEBUG org.springframework.core.io.support.PathMatchingResourcePatternResolver - Looking for matching resources in jar file [file:/Users/joker/.m2/repository/com/netflix/ribbon/ribbon-loadbalancer/2.2.5/ribbon-loadbalancer-2.2.5.jar]
14:27:28.778 [main] DEBUG org.springframework.core.io.support.PathMatchingResourcePatternResolver - Looking for matching resources in jar file [file:/Users/joker/.m2/repository/com/netflix/netflix-commons/netflix-statistics/0.1.1/netflix-statistics-0.1.1.jar]
14:27:28.778 [main] DEBUG org.springframework.core.io.support.PathMatchingResourcePatternResolver - Looking for matching resources in jar file [file:/Users/joker/.m2/repository/com/netflix/ribbon/ribbon-eureka/2.2.5/ribbon-eureka-2.2.5.jar]
14:27:28.778 [main] DEBUG org.springframework.core.io.support.PathMatchingResourcePatternResolver - Looking for matching resources in jar file [file:/Users/joker/.m2/repository/com/jayway/jsonpath/json-path/2.4.0/json-path-2.4.0.jar]
14:27:28.779 [main] DEBUG org.springframework.core.io.support.PathMatchingResourcePatternResolver - Looking for matching resources in jar file [file:/Users/joker/.m2/repository/org/projectlombok/lombok/1.16.20/lombok-1.16.20.jar]
14:27:28.787 [main] DEBUG org.springframework.core.io.support.PathMatchingResourcePatternResolver - Looking for matching resources in jar file [file:/Users/joker/.m2/repository/com/rebuildtmall/tmall-micro-common/0.0.1-SNAPSHOT/tmall-micro-common-0.0.1-SNAPSHOT.jar]
14:27:28.787 [main] DEBUG org.springframework.core.io.support.PathMatchingResourcePatternResolver - Looking for matching resources in jar file [file:/Users/joker/.m2/repository/com/joker/library/0.0.2-SNAPSHOT/library-0.0.2-SNAPSHOT.jar]
14:27:28.788 [main] DEBUG org.springframework.core.io.support.PathMatchingResourcePatternResolver - Looking for matching resources in jar file [file:/Users/joker/.m2/repository/com/sun/mail/javax.mail/1.6.1/javax.mail-1.6.1.jar]
14:27:28.789 [main] DEBUG org.springframework.core.io.support.PathMatchingResourcePatternResolver - Looking for matching resources in jar file [file:/Users/joker/.m2/repository/javax/activation/activation/1.1/activation-1.1.jar]
14:27:28.790 [main] DEBUG org.springframework.core.io.support.PathMatchingResourcePatternResolver - Looking for matching resources in jar file [file:/Users/joker/.m2/repository/javax/mail/mail/1.4.7/mail-1.4.7.jar]
14:27:28.791 [main] DEBUG org.springframework.core.io.support.PathMatchingResourcePatternResolver - Looking for matching resources in jar file [file:/Users/joker/.m2/repository/com/netflix/hystrix/hystrix-core/1.5.12/hystrix-core-1.5.12.jar]
14:27:28.793 [main] DEBUG org.springframework.core.io.support.PathMatchingResourcePatternResolver - Looking for matching resources in jar file [file:/Users/joker/.m2/repository/com/netflix/archaius/archaius-core/0.7.6/archaius-core-0.7.6.jar]
14:27:28.794 [main] DEBUG org.springframework.core.io.support.PathMatchingResourcePatternResolver - Looking for matching resources in jar file [file:/Users/joker/.m2/repository/com/google/guava/guava/16.0/guava-16.0.jar]
14:27:28.801 [main] DEBUG org.springframework.core.io.support.PathMatchingResourcePatternResolver - Looking for matching resources in jar file [file:/Users/joker/.m2/repository/com/google/code/gson/gson/2.8.2/gson-2.8.2.jar]
14:27:28.802 [main] DEBUG org.springframework.core.io.support.PathMatchingResourcePatternResolver - Looking for matching resources in jar file [file:/Users/joker/.m2/repository/com/rabbitmq/amqp-client/5.1.2/amqp-client-5.1.2.jar]
14:27:28.804 [main] DEBUG org.springframework.core.io.support.PathMatchingResourcePatternResolver - Looking for matching resources in jar file [file:/Users/joker/.m2/repository/com/rabbitmq/http-client/2.0.1.RELEASE/http-client-2.0.1.RELEASE.jar]
14:27:28.805 [main] DEBUG org.springframework.core.io.support.PathMatchingResourcePatternResolver - Looking for matching resources in jar file [file:/Users/joker/.m2/repository/mysql/mysql-connector-java/5.1.46/mysql-connector-java-5.1.46.jar]
14:27:28.806 [main] DEBUG org.springframework.core.io.support.PathMatchingResourcePatternResolver - Looking for matching resources in jar file [file:/Users/joker/.m2/repository/com/alibaba/druid/1.0.9/druid-1.0.9.jar]
14:27:28.811 [main] DEBUG org.springframework.core.io.support.PathMatchingResourcePatternResolver - Looking for matching resources in jar file [file:/Users/joker/.m2/repository/com/fasterxml/jackson/core/jackson-annotations/2.9.0/jackson-annotations-2.9.0.jar]
14:27:28.811 [main] DEBUG org.springframework.core.io.support.PathMatchingResourcePatternResolver - Resolved location pattern [classpath*:com/*.class] to resources []
]]></system-out>
  </testcase>
</testsuite>