# JRE version: Java(TM) SE Runtime Environment (8.0_171-b11) (build 1.8.0_171-b11)
# Java VM: Java HotSpot(TM) 64-Bit Server VM (25.171-b11 mixed mode bsd-amd64 compressed oops)
Heap:
 PSYoungGen      total 283648K, used 47259K [0x0000000795580000, 0x00000007af400000, 0x00000007c0000000)
  eden space 265216K, 17% used [0x0000000795580000,0x00000007983a6fc8,0x00000007a5880000)
  from space 18432K, 0% used [0x00000007a5880000,0x00000007a5880000,0x00000007a6a80000)
  to   space 18944K, 0% used [0x00000007ae180000,0x00000007ae180000,0x00000007af400000)
 ParOldGen       total 127488K, used 36375K [0x0000000740000000, 0x0000000747c80000, 0x0000000795580000)
  object space 127488K, 28% used [0x0000000740000000,0x0000000742385d68,0x0000000747c80000)
 Metaspace       used 59595K, capacity 61802K, committed 62080K, reserved 1103872K
  class space    used 7573K, capacity 7949K, committed 8064K, reserved 1048576K
GC Heap History (10 events):
Event: 7.552 GC heap before
{Heap before GC invocations=12 (full 2):
 PSYoungGen      total 182784K, used 182778K [0x0000000795580000, 0x00000007a4280000, 0x00000007c0000000)
  eden space 171520K, 100% used [0x0000000795580000,0x000000079fd00000,0x000000079fd00000)
  from space 11264K, 99% used [0x000000079fd00000,0x00000007a07fe8c0,0x00000007a0800000)
  to   space 13312K, 0% used [0x00000007a3580000,0x00000007a3580000,0x00000007a4280000)
 ParOldGen       total 87552K, used 16089K [0x0000000740000000, 0x0000000745580000, 0x0000000795580000)
  object space 87552K, 18% used [0x0000000740000000,0x0000000740fb6408,0x0000000745580000)
 Metaspace       used 45402K, capacity 46954K, committed 47232K, reserved 1091584K
  class space    used 5640K, capacity 5929K, committed 6016K, reserved 1048576K
Event: 7.578 GC heap after
Heap after GC invocations=12 (full 2):
 PSYoungGen      total 227328K, used 13294K [0x0000000795580000, 0x00000007a4600000, 0x00000007c0000000)
  eden space 214016K, 0% used [0x0000000795580000,0x0000000795580000,0x00000007a2680000)
  from space 13312K, 99% used [0x00000007a3580000,0x00000007a427b830,0x00000007a4280000)
  to   space 15360K, 0% used [0x00000007a2680000,0x00000007a2680000,0x00000007a3580000)
 ParOldGen       total 87552K, used 16761K [0x0000000740000000, 0x0000000745580000, 0x0000000795580000)
  object space 87552K, 19% used [0x0000000740000000,0x000000074105e538,0x0000000745580000)
 Metaspace       used 45402K, capacity 46954K, committed 47232K, reserved 1091584K
  class space    used 5640K, capacity 5929K, committed 6016K, reserved 1048576K
}
Event: 10.004 GC heap before
{Heap before GC invocations=13 (full 2):
 PSYoungGen      total 227328K, used 227310K [0x0000000795580000, 0x00000007a4600000, 0x00000007c0000000)
  eden space 214016K, 100% used [0x0000000795580000,0x00000007a2680000,0x00000007a2680000)
  from space 13312K, 99% used [0x00000007a3580000,0x00000007a427b830,0x00000007a4280000)
  to   space 15360K, 0% used [0x00000007a2680000,0x00000007a2680000,0x00000007a3580000)
 ParOldGen       total 87552K, used 16761K [0x0000000740000000, 0x0000000745580000, 0x0000000795580000)
  object space 87552K, 19% used [0x0000000740000000,0x000000074105e538,0x0000000745580000)
 Metaspace       used 49175K, capacity 51100K, committed 51328K, reserved 1093632K
  class space    used 6153K, capacity 6480K, committed 6528K, reserved 1048576K
Event: 10.043 GC heap after
Heap after GC invocations=13 (full 2):
 PSYoungGen      total 229376K, used 9852K [0x0000000795580000, 0x00000007a7980000, 0x00000007c0000000)
  eden space 214016K, 0% used [0x0000000795580000,0x0000000795580000,0x00000007a2680000)
  from space 15360K, 64% used [0x00000007a2680000,0x00000007a301f268,0x00000007a3580000)
  to   space 15360K, 0% used [0x00000007a6a80000,0x00000007a6a80000,0x00000007a7980000)
 ParOldGen       total 87552K, used 28123K [0x0000000740000000, 0x0000000745580000, 0x0000000795580000)
  object space 87552K, 32% used [0x0000000740000000,0x0000000741b76db8,0x0000000745580000)
 Metaspace       used 49175K, capacity 51100K, committed 51328K, reserved 1093632K
  class space    used 6153K, capacity 6480K, committed 6528K, reserved 1048576K
}
Event: 12.201 GC heap before
{Heap before GC invocations=14 (full 2):
 PSYoungGen      total 229376K, used 223868K [0x0000000795580000, 0x00000007a7980000, 0x00000007c0000000)
  eden space 214016K, 100% used [0x0000000795580000,0x00000007a2680000,0x00000007a2680000)
  from space 15360K, 64% used [0x00000007a2680000,0x00000007a301f268,0x00000007a3580000)
  to   space 15360K, 0% used [0x00000007a6a80000,0x00000007a6a80000,0x00000007a7980000)
 ParOldGen       total 87552K, used 28123K [0x0000000740000000, 0x0000000745580000, 0x0000000795580000)
  object space 87552K, 32% used [0x0000000740000000,0x0000000741b76db8,0x0000000745580000)
 Metaspace       used 56524K, capacity 58694K, committed 59008K, reserved 1101824K
  class space    used 7142K, capacity 7501K, committed 7552K, reserved 1048576K
Event: 12.226 GC heap after
Heap after GC invocations=14 (full 2):
 PSYoungGen      total 280576K, used 15347K [0x0000000795580000, 0x00000007a7c80000, 0x00000007c0000000)
  eden space 265216K, 0% used [0x0000000795580000,0x0000000795580000,0x00000007a5880000)
  from space 15360K, 99% used [0x00000007a6a80000,0x00000007a797cdb8,0x00000007a7980000)
  to   space 18432K, 0% used [0x00000007a5880000,0x00000007a5880000,0x00000007a6a80000)
 ParOldGen       total 87552K, used 31583K [0x0000000740000000, 0x0000000745580000, 0x0000000795580000)
  object space 87552K, 36% used [0x0000000740000000,0x0000000741ed7cb0,0x0000000745580000)
 Metaspace       used 56524K, capacity 58694K, committed 59008K, reserved 1101824K
  class space    used 7142K, capacity 7501K, committed 7552K, reserved 1048576K
}
Event: 12.303 GC heap before
{Heap before GC invocations=15 (full 2):
 PSYoungGen      total 280576K, used 20169K [0x0000000795580000, 0x00000007a7c80000, 0x00000007c0000000)
  eden space 265216K, 1% used [0x0000000795580000,0x0000000795a35848,0x00000007a5880000)
  from space 15360K, 99% used [0x00000007a6a80000,0x00000007a797cdb8,0x00000007a7980000)
  to   space 18432K, 0% used [0x00000007a5880000,0x00000007a5880000,0x00000007a6a80000)
 ParOldGen       total 87552K, used 31583K [0x0000000740000000, 0x0000000745580000, 0x0000000795580000)
  object space 87552K, 36% used [0x0000000740000000,0x0000000741ed7cb0,0x0000000745580000)
 Metaspace       used 56839K, capacity 58922K, committed 59008K, reserved 1101824K
  class space    used 7186K, capacity 7533K, committed 7552K, reserved 1048576K
Event: 12.331 GC heap after
Heap after GC invocations=15 (full 2):
 PSYoungGen      total 283648K, used 855K [0x0000000795580000, 0x00000007af400000, 0x00000007c0000000)
  eden space 265216K, 0% used [0x0000000795580000,0x0000000795580000,0x00000007a5880000)
  from space 18432K, 4% used [0x00000007a5880000,0x00000007a5955e38,0x00000007a6a80000)
  to   space 18944K, 0% used [0x00000007ae180000,0x00000007ae180000,0x00000007af400000)
 ParOldGen       total 87552K, used 46204K [0x0000000740000000, 0x0000000745580000, 0x0000000795580000)
  object space 87552K, 52% used [0x0000000740000000,0x0000000742d1f028,0x0000000745580000)
 Metaspace       used 56839K, capacity 58922K, committed 59008K, reserved 1101824K
  class space    used 7186K, capacity 7533K, committed 7552K, reserved 1048576K
}
Event: 12.331 GC heap before
{Heap before GC invocations=16 (full 3):
 PSYoungGen      total 283648K, used 855K [0x0000000795580000, 0x00000007af400000, 0x00000007c0000000)
  eden space 265216K, 0% used [0x0000000795580000,0x0000000795580000,0x00000007a5880000)
  from space 18432K, 4% used [0x00000007a5880000,0x00000007a5955e38,0x00000007a6a80000)
  to   space 18944K, 0% used [0x00000007ae180000,0x00000007ae180000,0x00000007af400000)
 ParOldGen       total 87552K, used 46204K [0x0000000740000000, 0x0000000745580000, 0x0000000795580000)
  object space 87552K, 52% used [0x0000000740000000,0x0000000742d1f028,0x0000000745580000)
 Metaspace       used 56839K, capacity 58922K, committed 59008K, reserved 1101824K
  class space    used 7186K, capacity 7533K, committed 7552K, reserved 1048576K
Event: 12.538 GC heap after
Heap after GC invocations=16 (full 3):
 PSYoungGen      total 283648K, used 0K [0x0000000795580000, 0x00000007af400000, 0x00000007c0000000)
  eden space 265216K, 0% used [0x0000000795580000,0x0000000795580000,0x00000007a5880000)
  from space 18432K, 0% used [0x00000007a5880000,0x00000007a5880000,0x00000007a6a80000)
  to   space 18944K, 0% used [0x00000007ae180000,0x00000007ae180000,0x00000007af400000)
 ParOldGen       total 127488K, used 36375K [0x0000000740000000, 0x0000000747c80000, 0x0000000795580000)
  object space 127488K, 28% used [0x0000000740000000,0x0000000742385d68,0x0000000747c80000)
 Metaspace       used 56839K, capacity 58922K, committed 59008K, reserved 1101824K
  class space    used 7186K, capacity 7533K, committed 7552K, reserved 1048576K
}

