# JRE version: Java(TM) SE Runtime Environment (8.0_171-b11) (build 1.8.0_171-b11)
# Java VM: Java HotSpot(TM) 64-Bit Server VM (25.171-b11 mixed mode bsd-amd64 compressed oops)
Heap:
 PSYoungGen      total 212480K, used 161743K [0x0000000795580000, 0x00000007a5c80000, 0x00000007c0000000)
  eden space 197632K, 77% used [0x0000000795580000,0x000000079eace518,0x00000007a1680000)
  from space 14848K, 59% used [0x00000007a1680000,0x00000007a1f25978,0x00000007a2500000)
  to   space 14336K, 0% used [0x00000007a4e80000,0x00000007a4e80000,0x00000007a5c80000)
 ParOldGen       total 88576K, used 26873K [0x0000000740000000, 0x0000000745680000, 0x0000000795580000)
  object space 88576K, 30% used [0x0000000740000000,0x0000000741a3e438,0x0000000745680000)
 Metaspace       used 50464K, capacity 52486K, committed 52608K, reserved 1095680K
  class space    used 6327K, capacity 6673K, committed 6784K, reserved 1048576K
GC Heap History (10 events):
Event: 5.393 GC heap before
{Heap before GC invocations=9 (full 1):
 PSYoungGen      total 138752K, used 101573K [0x0000000795580000, 0x00000007a0600000, 0x00000007c0000000)
  eden space 131072K, 71% used [0x0000000795580000,0x000000079b138a68,0x000000079d580000)
  from space 7680K, 99% used [0x000000079d580000,0x000000079dcf8c68,0x000000079dd00000)
  to   space 9728K, 0% used [0x000000079fc80000,0x000000079fc80000,0x00000007a0600000)
 ParOldGen       total 56320K, used 10056K [0x0000000740000000, 0x0000000743700000, 0x0000000795580000)
  object space 56320K, 17% used [0x0000000740000000,0x00000007409d2248,0x0000000743700000)
 Metaspace       used 34171K, capacity 35320K, committed 35416K, reserved 1081344K
  class space    used 4313K, capacity 4574K, committed 4608K, reserved 1048576K
Event: 5.410 GC heap after
Heap after GC invocations=9 (full 1):
 PSYoungGen      total 169472K, used 9709K [0x0000000795580000, 0x00000007a2c80000, 0x00000007c0000000)
  eden space 159744K, 0% used [0x0000000795580000,0x0000000795580000,0x000000079f180000)
  from space 9728K, 99% used [0x000000079fc80000,0x00000007a05fb400,0x00000007a0600000)
  to   space 11264K, 0% used [0x000000079f180000,0x000000079f180000,0x000000079fc80000)
 ParOldGen       total 56320K, used 11094K [0x0000000740000000, 0x0000000743700000, 0x0000000795580000)
  object space 56320K, 19% used [0x0000000740000000,0x0000000740ad5850,0x0000000743700000)
 Metaspace       used 34171K, capacity 35320K, committed 35416K, reserved 1081344K
  class space    used 4313K, capacity 4574K, committed 4608K, reserved 1048576K
}
Event: 5.410 GC heap before
{Heap before GC invocations=10 (full 2):
 PSYoungGen      total 169472K, used 9709K [0x0000000795580000, 0x00000007a2c80000, 0x00000007c0000000)
  eden space 159744K, 0% used [0x0000000795580000,0x0000000795580000,0x000000079f180000)
  from space 9728K, 99% used [0x000000079fc80000,0x00000007a05fb400,0x00000007a0600000)
  to   space 11264K, 0% used [0x000000079f180000,0x000000079f180000,0x000000079fc80000)
 ParOldGen       total 56320K, used 11094K [0x0000000740000000, 0x0000000743700000, 0x0000000795580000)
  object space 56320K, 19% used [0x0000000740000000,0x0000000740ad5850,0x0000000743700000)
 Metaspace       used 34171K, capacity 35320K, committed 35416K, reserved 1081344K
  class space    used 4313K, capacity 4574K, committed 4608K, reserved 1048576K
Event: 5.500 GC heap after
Heap after GC invocations=10 (full 2):
 PSYoungGen      total 169472K, used 0K [0x0000000795580000, 0x00000007a2c80000, 0x00000007c0000000)
  eden space 159744K, 0% used [0x0000000795580000,0x0000000795580000,0x000000079f180000)
  from space 9728K, 0% used [0x000000079fc80000,0x000000079fc80000,0x00000007a0600000)
  to   space 11264K, 0% used [0x000000079f180000,0x000000079f180000,0x000000079fc80000)
 ParOldGen       total 88576K, used 14667K [0x0000000740000000, 0x0000000745680000, 0x0000000795580000)
  object space 88576K, 16% used [0x0000000740000000,0x0000000740e52d78,0x0000000745680000)
 Metaspace       used 34171K, capacity 35320K, committed 35416K, reserved 1081344K
  class space    used 4313K, capacity 4574K, committed 4608K, reserved 1048576K
}
Event: 8.712 GC heap before
{Heap before GC invocations=11 (full 2):
 PSYoungGen      total 169472K, used 159744K [0x0000000795580000, 0x00000007a2c80000, 0x00000007c0000000)
  eden space 159744K, 100% used [0x0000000795580000,0x000000079f180000,0x000000079f180000)
  from space 9728K, 0% used [0x000000079fc80000,0x000000079fc80000,0x00000007a0600000)
  to   space 11264K, 0% used [0x000000079f180000,0x000000079f180000,0x000000079fc80000)
 ParOldGen       total 88576K, used 14667K [0x0000000740000000, 0x0000000745680000, 0x0000000795580000)
  object space 88576K, 16% used [0x0000000740000000,0x0000000740e52d78,0x0000000745680000)
 Metaspace       used 40462K, capacity 41926K, committed 41984K, reserved 1085440K
  class space    used 5065K, capacity 5361K, committed 5376K, reserved 1048576K
Event: 8.727 GC heap after
Heap after GC invocations=11 (full 2):
 PSYoungGen      total 171008K, used 11252K [0x0000000795580000, 0x00000007a3180000, 0x00000007c0000000)
  eden space 159744K, 0% used [0x0000000795580000,0x0000000795580000,0x000000079f180000)
  from space 11264K, 99% used [0x000000079f180000,0x000000079fc7d038,0x000000079fc80000)
  to   space 12800K, 0% used [0x00000007a2500000,0x00000007a2500000,0x00000007a3180000)
 ParOldGen       total 88576K, used 15679K [0x0000000740000000, 0x0000000745680000, 0x0000000795580000)
  object space 88576K, 17% used [0x0000000740000000,0x0000000740f4ffe0,0x0000000745680000)
 Metaspace       used 40462K, capacity 41926K, committed 41984K, reserved 1085440K
  class space    used 5065K, capacity 5361K, committed 5376K, reserved 1048576K
}
Event: 11.097 GC heap before
{Heap before GC invocations=12 (full 2):
 PSYoungGen      total 171008K, used 170996K [0x0000000795580000, 0x00000007a3180000, 0x00000007c0000000)
  eden space 159744K, 100% used [0x0000000795580000,0x000000079f180000,0x000000079f180000)
  from space 11264K, 99% used [0x000000079f180000,0x000000079fc7d038,0x000000079fc80000)
  to   space 12800K, 0% used [0x00000007a2500000,0x00000007a2500000,0x00000007a3180000)
 ParOldGen       total 88576K, used 15679K [0x0000000740000000, 0x0000000745680000, 0x0000000795580000)
  object space 88576K, 17% used [0x0000000740000000,0x0000000740f4ffe0,0x0000000745680000)
 Metaspace       used 44852K, capacity 46410K, committed 46592K, reserved 1089536K
  class space    used 5581K, capacity 5859K, committed 5888K, reserved 1048576K
Event: 11.122 GC heap after
Heap after GC invocations=12 (full 2):
 PSYoungGen      total 210432K, used 12795K [0x0000000795580000, 0x00000007a3400000, 0x00000007c0000000)
  eden space 197632K, 0% used [0x0000000795580000,0x0000000795580000,0x00000007a1680000)
  from space 12800K, 99% used [0x00000007a2500000,0x00000007a317edc0,0x00000007a3180000)
  to   space 14848K, 0% used [0x00000007a1680000,0x00000007a1680000,0x00000007a2500000)
 ParOldGen       total 88576K, used 16277K [0x0000000740000000, 0x0000000745680000, 0x0000000795580000)
  object space 88576K, 18% used [0x0000000740000000,0x0000000740fe57d8,0x0000000745680000)
 Metaspace       used 44852K, capacity 46410K, committed 46592K, reserved 1089536K
  class space    used 5581K, capacity 5859K, committed 5888K, reserved 1048576K
}
Event: 15.975 GC heap before
{Heap before GC invocations=13 (full 2):
 PSYoungGen      total 210432K, used 210427K [0x0000000795580000, 0x00000007a3400000, 0x00000007c0000000)
  eden space 197632K, 100% used [0x0000000795580000,0x00000007a1680000,0x00000007a1680000)
  from space 12800K, 99% used [0x00000007a2500000,0x00000007a317edc0,0x00000007a3180000)
  to   space 14848K, 0% used [0x00000007a1680000,0x00000007a1680000,0x00000007a2500000)
 ParOldGen       total 88576K, used 16277K [0x0000000740000000, 0x0000000745680000, 0x0000000795580000)
  object space 88576K, 18% used [0x0000000740000000,0x0000000740fe57d8,0x0000000745680000)
 Metaspace       used 48765K, capacity 50566K, committed 50816K, reserved 1093632K
  class space    used 6116K, capacity 6439K, committed 6528K, reserved 1048576K
Event: 16.004 GC heap after
Heap after GC invocations=13 (full 2):
 PSYoungGen      total 212480K, used 8854K [0x0000000795580000, 0x00000007a5c80000, 0x00000007c0000000)
  eden space 197632K, 0% used [0x0000000795580000,0x0000000795580000,0x00000007a1680000)
  from space 14848K, 59% used [0x00000007a1680000,0x00000007a1f25978,0x00000007a2500000)
  to   space 14336K, 0% used [0x00000007a4e80000,0x00000007a4e80000,0x00000007a5c80000)
 ParOldGen       total 88576K, used 26873K [0x0000000740000000, 0x0000000745680000, 0x0000000795580000)
  object space 88576K, 30% used [0x0000000740000000,0x0000000741a3e438,0x0000000745680000)
 Metaspace       used 48765K, capacity 50566K, committed 50816K, reserved 1093632K
  class space    used 6116K, capacity 6439K, committed 6528K, reserved 1048576K
}

